Starting experiments for testcase 13 (N=20)
--- Running with 1 cores on 4 node(s) ---
Executing: srun -N4 -n1 ./hw1_prof 20 ./testcases/13.in my_13_1cores.out
srun: warning: can't run 1 processes on 4 nodes, setting nnodes to 1
N=20, Procs=1, Avg Total Time: 0.081236 s
  Avg IO Time:   0.057266 s (70.49%)
  Avg Comm Time: 0.000014 s (0.02%)
  Avg CPU Time:  0.023956 s (29.49%)
  Max Total Time: 0.081236 s, Min Total Time: 0.081236 s
srun Wall Time: 0.57 seconds
--- Running with 2 cores on 4 node(s) ---
Executing: srun -N4 -n2 ./hw1_prof 20 ./testcases/13.in my_13_2cores.out
srun: warning: can't run 2 processes on 4 nodes, setting nnodes to 2
N=20, Procs=2, Avg Total Time: 0.049864 s
  Avg IO Time:   0.049637 s (99.54%)
  Avg Comm Time: 0.000085 s (0.17%)
  Avg CPU Time:  0.000142 s (0.28%)
  Max Total Time: 0.049866 s, Min Total Time: 0.049863 s
srun Wall Time: 0.58 seconds
--- Running with 3 cores on 4 node(s) ---
Executing: srun -N4 -n3 ./hw1_prof 20 ./testcases/13.in my_13_3cores.out
srun: warning: can't run 3 processes on 4 nodes, setting nnodes to 3
N=20, Procs=3, Avg Total Time: 0.028708 s
  Avg IO Time:   0.028215 s (98.28%)
  Avg Comm Time: 0.000166 s (0.58%)
  Avg CPU Time:  0.000327 s (1.14%)
  Max Total Time: 0.029039 s, Min Total Time: 0.028540 s
srun Wall Time: 0.60 seconds
--- Running with 4 cores on 4 node(s) ---
Executing: srun -N4 -n4 ./hw1_prof 20 ./testcases/13.in my_13_4cores.out
N=20, Procs=4, Avg Total Time: 0.050145 s
  Avg IO Time:   0.031555 s (62.93%)
  Avg Comm Time: 0.018092 s (36.08%)
  Avg CPU Time:  0.000497 s (0.99%)
  Max Total Time: 0.050258 s, Min Total Time: 0.050033 s
srun Wall Time: 0.62 seconds
--- Running with 5 cores on 4 node(s) ---
Executing: srun -N4 -n5 ./hw1_prof 20 ./testcases/13.in my_13_5cores.out
N=20, Procs=5, Avg Total Time: 0.056570 s
  Avg IO Time:   0.055582 s (98.25%)
  Avg Comm Time: 0.000414 s (0.73%)
  Avg CPU Time:  0.000573 s (1.01%)
  Max Total Time: 0.056572 s, Min Total Time: 0.056567 s
srun Wall Time: 0.85 seconds
--- Running with 6 cores on 4 node(s) ---
Executing: srun -N4 -n6 ./hw1_prof 20 ./testcases/13.in my_13_6cores.out
N=20, Procs=6, Avg Total Time: 0.067021 s
  Avg IO Time:   0.065237 s (97.34%)
  Avg Comm Time: 0.001037 s (1.55%)
  Avg CPU Time:  0.000747 s (1.11%)
  Max Total Time: 0.067028 s, Min Total Time: 0.067010 s
srun Wall Time: 1.10 seconds
--- Running with 7 cores on 4 node(s) ---
Executing: srun -N4 -n7 ./hw1_prof 20 ./testcases/13.in my_13_7cores.out
N=20, Procs=7, Avg Total Time: 0.070467 s
  Avg IO Time:   0.068914 s (97.80%)
  Avg Comm Time: 0.000885 s (1.26%)
  Avg CPU Time:  0.000668 s (0.95%)
  Max Total Time: 0.070470 s, Min Total Time: 0.070461 s
srun Wall Time: 0.87 seconds
--- Running with 8 cores on 4 node(s) ---
Executing: srun -N4 -n8 ./hw1_prof 20 ./testcases/13.in my_13_8cores.out
N=20, Procs=8, Avg Total Time: 0.106189 s
  Avg IO Time:   0.087053 s (81.98%)
  Avg Comm Time: 0.018311 s (17.24%)
  Avg CPU Time:  0.000824 s (0.78%)
  Max Total Time: 0.106569 s, Min Total Time: 0.106104 s
srun Wall Time: 1.96 seconds
--- Running with 9 cores on 4 node(s) ---
Executing: srun -N4 -n9 ./hw1_prof 20 ./testcases/13.in my_13_9cores.out
N=20, Procs=9, Avg Total Time: 0.103464 s
  Avg IO Time:   0.102026 s (98.61%)
  Avg Comm Time: 0.000605 s (0.58%)
  Avg CPU Time:  0.000833 s (0.80%)
  Max Total Time: 0.103467 s, Min Total Time: 0.103458 s
srun Wall Time: 1.17 seconds
--- Running with 10 cores on 4 node(s) ---
Executing: srun -N4 -n10 ./hw1_prof 20 ./testcases/13.in my_13_10cores.out
N=20, Procs=10, Avg Total Time: 0.110872 s
  Avg IO Time:   0.108987 s (98.30%)
  Avg Comm Time: 0.001143 s (1.03%)
  Avg CPU Time:  0.000743 s (0.67%)
  Max Total Time: 0.110877 s, Min Total Time: 0.110867 s
srun Wall Time: 1.02 seconds
--- Running with 11 cores on 4 node(s) ---
Executing: srun -N4 -n11 ./hw1_prof 20 ./testcases/13.in my_13_11cores.out
N=20, Procs=11, Avg Total Time: 0.131716 s
  Avg IO Time:   0.130319 s (98.94%)
  Avg Comm Time: 0.000803 s (0.61%)
  Avg CPU Time:  0.000594 s (0.45%)
  Max Total Time: 0.131720 s, Min Total Time: 0.131710 s
srun Wall Time: 1.07 seconds
--- Running with 12 cores on 4 node(s) ---
Executing: srun -N4 -n12 ./hw1_prof 20 ./testcases/13.in my_13_12cores.out
N=20, Procs=12, Avg Total Time: 0.134055 s
  Avg IO Time:   0.132403 s (98.77%)
  Avg Comm Time: 0.000915 s (0.68%)
  Avg CPU Time:  0.000737 s (0.55%)
  Max Total Time: 0.134063 s, Min Total Time: 0.134045 s
srun Wall Time: 1.07 seconds
--- Running with 13 cores on 4 node(s) ---
Executing: srun -N4 -n13 ./hw1_prof 20 ./testcases/13.in my_13_13cores.out
N=20, Procs=13, Avg Total Time: 0.160348 s
  Avg IO Time:   0.158608 s (98.91%)
  Avg Comm Time: 0.000887 s (0.55%)
  Avg CPU Time:  0.000853 s (0.53%)
  Max Total Time: 0.160357 s, Min Total Time: 0.160321 s
srun Wall Time: 1.19 seconds
--- Running with 14 cores on 4 node(s) ---
Executing: srun -N4 -n14 ./hw1_prof 20 ./testcases/13.in my_13_14cores.out
N=20, Procs=14, Avg Total Time: 0.179248 s
  Avg IO Time:   0.177328 s (98.93%)
  Avg Comm Time: 0.001160 s (0.65%)
  Avg CPU Time:  0.000760 s (0.42%)
  Max Total Time: 0.179257 s, Min Total Time: 0.179237 s
srun Wall Time: 1.20 seconds
--- Running with 15 cores on 4 node(s) ---
Executing: srun -N4 -n15 ./hw1_prof 20 ./testcases/13.in my_13_15cores.out
N=20, Procs=15, Avg Total Time: 0.196482 s
  Avg IO Time:   0.194543 s (99.01%)
  Avg Comm Time: 0.000806 s (0.41%)
  Avg CPU Time:  0.001134 s (0.58%)
  Max Total Time: 0.196492 s, Min Total Time: 0.196472 s
srun Wall Time: 1.25 seconds
--- Running with 16 cores on 4 node(s) ---
Executing: srun -N4 -n16 ./hw1_prof 20 ./testcases/13.in my_13_16cores.out
N=20, Procs=16, Avg Total Time: 0.216332 s
  Avg IO Time:   0.196668 s (90.91%)
  Avg Comm Time: 0.018980 s (8.77%)
  Avg CPU Time:  0.000684 s (0.32%)
  Max Total Time: 0.216816 s, Min Total Time: 0.216227 s
srun Wall Time: 1.11 seconds
--- Running with 17 cores on 4 node(s) ---
Executing: srun -N4 -n17 ./hw1_prof 20 ./testcases/13.in my_13_17cores.out
N=20, Procs=17, Avg Total Time: 0.203048 s
  Avg IO Time:   0.201022 s (99.00%)
  Avg Comm Time: 0.001114 s (0.55%)
  Avg CPU Time:  0.000911 s (0.45%)
  Max Total Time: 0.203051 s, Min Total Time: 0.203043 s
srun Wall Time: 1.19 seconds
--- Running with 18 cores on 4 node(s) ---
Executing: srun -N4 -n18 ./hw1_prof 20 ./testcases/13.in my_13_18cores.out
N=20, Procs=18, Avg Total Time: 0.155745 s
  Avg IO Time:   0.153915 s (98.83%)
  Avg Comm Time: 0.001021 s (0.66%)
  Avg CPU Time:  0.000809 s (0.52%)
  Max Total Time: 0.155756 s, Min Total Time: 0.155734 s
srun Wall Time: 1.10 seconds
--- Running with 19 cores on 4 node(s) ---
Executing: srun -N4 -n19 ./hw1_prof 20 ./testcases/13.in my_13_19cores.out
N=20, Procs=19, Avg Total Time: 0.184695 s
  Avg IO Time:   0.182865 s (99.01%)
  Avg Comm Time: 0.000913 s (0.49%)
  Avg CPU Time:  0.000916 s (0.50%)
  Max Total Time: 0.184706 s, Min Total Time: 0.184687 s
srun Wall Time: 1.16 seconds
--- Running with 20 cores on 4 node(s) ---
Executing: srun -N4 -n20 ./hw1_prof 20 ./testcases/13.in my_13_20cores.out
N=20, Procs=20, Avg Total Time: 0.198179 s
  Avg IO Time:   0.196192 s (99.00%)
  Avg Comm Time: 0.001149 s (0.58%)
  Avg CPU Time:  0.000838 s (0.42%)
  Max Total Time: 0.198187 s, Min Total Time: 0.198173 s
srun Wall Time: 1.23 seconds
--- Running with 21 cores on 4 node(s) ---
Executing: srun -N4 -n21 ./hw1_prof 20 ./testcases/13.in my_13_21cores.out
N=20, Procs=21, Avg Total Time: 0.243173 s
  Avg IO Time:   0.229795 s (94.50%)
  Avg Comm Time: 0.000944 s (0.39%)
  Avg CPU Time:  0.012434 s (5.11%)
  Max Total Time: 0.243185 s, Min Total Time: 0.243165 s
srun Wall Time: 1.26 seconds
--- Running with 22 cores on 4 node(s) ---
Executing: srun -N4 -n22 ./hw1_prof 20 ./testcases/13.in my_13_22cores.out
N=20, Procs=22, Avg Total Time: 0.178116 s
  Avg IO Time:   0.160521 s (90.12%)
  Avg Comm Time: 0.000717 s (0.40%)
  Avg CPU Time:  0.016878 s (9.48%)
  Max Total Time: 0.178126 s, Min Total Time: 0.178105 s
srun Wall Time: 1.26 seconds
--- Running with 23 cores on 4 node(s) ---
Executing: srun -N4 -n23 ./hw1_prof 20 ./testcases/13.in my_13_23cores.out
N=20, Procs=23, Avg Total Time: 0.340329 s
  Avg IO Time:   0.293680 s (86.29%)
  Avg Comm Time: 0.001163 s (0.34%)
  Avg CPU Time:  0.045486 s (13.37%)
  Max Total Time: 0.340340 s, Min Total Time: 0.340315 s
srun Wall Time: 1.54 seconds
--- Running with 24 cores on 4 node(s) ---
Executing: srun -N4 -n24 ./hw1_prof 20 ./testcases/13.in my_13_24cores.out
N=20, Procs=24, Avg Total Time: 0.202189 s
  Avg IO Time:   0.166995 s (82.59%)
  Avg Comm Time: 0.000720 s (0.36%)
  Avg CPU Time:  0.034474 s (17.05%)
  Max Total Time: 0.202202 s, Min Total Time: 0.202177 s
srun Wall Time: 1.39 seconds
--- Running with 25 cores on 4 node(s) ---
Executing: srun -N4 -n25 ./hw1_prof 20 ./testcases/13.in my_13_25cores.out
N=20, Procs=25, Avg Total Time: 0.273028 s
  Avg IO Time:   0.216809 s (79.41%)
  Avg Comm Time: 0.000650 s (0.24%)
  Avg CPU Time:  0.055569 s (20.35%)
  Max Total Time: 0.273035 s, Min Total Time: 0.273021 s
srun Wall Time: 1.50 seconds
--- Running with 26 cores on 4 node(s) ---
Executing: srun -N4 -n26 ./hw1_prof 20 ./testcases/13.in my_13_26cores.out
N=20, Procs=26, Avg Total Time: 0.228961 s
  Avg IO Time:   0.174621 s (76.27%)
  Avg Comm Time: 0.000785 s (0.34%)
  Avg CPU Time:  0.053555 s (23.39%)
  Max Total Time: 0.228981 s, Min Total Time: 0.228941 s
srun Wall Time: 1.44 seconds
--- Running with 27 cores on 4 node(s) ---
Executing: srun -N4 -n27 ./hw1_prof 20 ./testcases/13.in my_13_27cores.out
N=20, Procs=27, Avg Total Time: 0.199566 s
  Avg IO Time:   0.146451 s (73.38%)
  Avg Comm Time: 0.000628 s (0.31%)
  Avg CPU Time:  0.052487 s (26.30%)
  Max Total Time: 0.199675 s, Min Total Time: 0.199479 s
srun Wall Time: 1.45 seconds
--- Running with 28 cores on 4 node(s) ---
Executing: srun -N4 -n28 ./hw1_prof 20 ./testcases/13.in my_13_28cores.out
N=20, Procs=28, Avg Total Time: 0.228562 s
  Avg IO Time:   0.161675 s (70.74%)
  Avg Comm Time: 0.000989 s (0.43%)
  Avg CPU Time:  0.065898 s (28.83%)
  Max Total Time: 0.228847 s, Min Total Time: 0.228523 s
srun Wall Time: 2.59 seconds
--- Running with 29 cores on 4 node(s) ---
Executing: srun -N4 -n29 ./hw1_prof 20 ./testcases/13.in my_13_29cores.out
N=20, Procs=29, Avg Total Time: 0.242309 s
  Avg IO Time:   0.165595 s (68.34%)
  Avg Comm Time: 0.000569 s (0.23%)
  Avg CPU Time:  0.076144 s (31.42%)
  Max Total Time: 0.242414 s, Min Total Time: 0.242230 s
srun Wall Time: 1.47 seconds
--- Running with 30 cores on 4 node(s) ---
Executing: srun -N4 -n30 ./hw1_prof 20 ./testcases/13.in my_13_30cores.out
N=20, Procs=30, Avg Total Time: 0.218405 s
  Avg IO Time:   0.144399 s (66.12%)
  Avg Comm Time: 0.000502 s (0.23%)
  Avg CPU Time:  0.073504 s (33.66%)
  Max Total Time: 0.218528 s, Min Total Time: 0.218321 s
srun Wall Time: 1.43 seconds
--- Running with 31 cores on 4 node(s) ---
Executing: srun -N4 -n31 ./hw1_prof 20 ./testcases/13.in my_13_31cores.out
N=20, Procs=31, Avg Total Time: 0.228216 s
  Avg IO Time:   0.145962 s (63.96%)
  Avg Comm Time: 0.000504 s (0.22%)
  Avg CPU Time:  0.081750 s (35.82%)
  Max Total Time: 0.228327 s, Min Total Time: 0.228136 s
srun Wall Time: 1.47 seconds
--- Running with 32 cores on 4 node(s) ---
Executing: srun -N4 -n32 ./hw1_prof 20 ./testcases/13.in my_13_32cores.out
N=20, Procs=32, Avg Total Time: 0.218460 s
  Avg IO Time:   0.135416 s (61.99%)
  Avg Comm Time: 0.000444 s (0.20%)
  Avg CPU Time:  0.082601 s (37.81%)
  Max Total Time: 0.218664 s, Min Total Time: 0.218272 s
srun Wall Time: 2.20 seconds
--- Running with 33 cores on 4 node(s) ---
Executing: srun -N4 -n33 ./hw1_prof 20 ./testcases/13.in my_13_33cores.out
N=20, Procs=33, Avg Total Time: 0.227324 s
  Avg IO Time:   0.136574 s (60.08%)
  Avg Comm Time: 0.000524 s (0.23%)
  Avg CPU Time:  0.090226 s (39.69%)
  Max Total Time: 0.227431 s, Min Total Time: 0.227257 s
srun Wall Time: 1.34 seconds
--- Running with 34 cores on 4 node(s) ---
Executing: srun -N4 -n34 ./hw1_prof 20 ./testcases/13.in my_13_34cores.out
N=20, Procs=34, Avg Total Time: 0.219337 s
  Avg IO Time:   0.128007 s (58.36%)
  Avg Comm Time: 0.000374 s (0.17%)
  Avg CPU Time:  0.090955 s (41.47%)
  Max Total Time: 0.219454 s, Min Total Time: 0.219268 s
srun Wall Time: 1.35 seconds
--- Running with 35 cores on 4 node(s) ---
Executing: srun -N4 -n35 ./hw1_prof 20 ./testcases/13.in my_13_35cores.out
N=20, Procs=35, Avg Total Time: 0.260360 s
  Avg IO Time:   0.147532 s (56.66%)
  Avg Comm Time: 0.000443 s (0.17%)
  Avg CPU Time:  0.112384 s (43.17%)
  Max Total Time: 0.260488 s, Min Total Time: 0.260285 s
srun Wall Time: 1.45 seconds
--- Running with 36 cores on 4 node(s) ---
Executing: srun -N4 -n36 ./hw1_prof 20 ./testcases/13.in my_13_36cores.out
N=20, Procs=36, Avg Total Time: 0.212509 s
  Avg IO Time:   0.117192 s (55.15%)
  Avg Comm Time: 0.000350 s (0.16%)
  Avg CPU Time:  0.094968 s (44.69%)
  Max Total Time: 0.212632 s, Min Total Time: 0.212441 s
srun Wall Time: 1.37 seconds
--- Running with 37 cores on 4 node(s) ---
Executing: srun -N4 -n37 ./hw1_prof 20 ./testcases/13.in my_13_37cores.out
N=20, Procs=37, Avg Total Time: 0.251570 s
  Avg IO Time:   0.135017 s (53.67%)
  Avg Comm Time: 0.000350 s (0.14%)
  Avg CPU Time:  0.116203 s (46.19%)
  Max Total Time: 0.251690 s, Min Total Time: 0.251502 s
srun Wall Time: 1.80 seconds
--- Running with 38 cores on 4 node(s) ---
Executing: srun -N4 -n38 ./hw1_prof 20 ./testcases/13.in my_13_38cores.out
N=20, Procs=38, Avg Total Time: 0.209452 s
  Avg IO Time:   0.109386 s (52.23%)
  Avg Comm Time: 0.000327 s (0.16%)
  Avg CPU Time:  0.099739 s (47.62%)
  Max Total Time: 0.209575 s, Min Total Time: 0.209387 s
srun Wall Time: 1.42 seconds
--- Running with 39 cores on 4 node(s) ---
Executing: srun -N4 -n39 ./hw1_prof 20 ./testcases/13.in my_13_39cores.out
N=20, Procs=39, Avg Total Time: 0.228464 s
  Avg IO Time:   0.116067 s (50.80%)
  Avg Comm Time: 0.000415 s (0.18%)
  Avg CPU Time:  0.111983 s (49.02%)
  Max Total Time: 0.228669 s, Min Total Time: 0.228283 s
srun Wall Time: 1.44 seconds
--- Running with 40 cores on 4 node(s) ---
Executing: srun -N4 -n40 ./hw1_prof 20 ./testcases/13.in my_13_40cores.out
N=20, Procs=40, Avg Total Time: 0.223286 s
  Avg IO Time:   0.110713 s (49.58%)
  Avg Comm Time: 0.000459 s (0.21%)
  Avg CPU Time:  0.112114 s (50.21%)
  Max Total Time: 0.223296 s, Min Total Time: 0.223271 s
srun Wall Time: 1.44 seconds
--- Running with 41 cores on 4 node(s) ---
Executing: srun -N4 -n41 ./hw1_prof 20 ./testcases/13.in my_13_41cores.out
N=20, Procs=41, Avg Total Time: 0.239659 s
  Avg IO Time:   0.115995 s (48.40%)
  Avg Comm Time: 0.000360 s (0.15%)
  Avg CPU Time:  0.123303 s (51.45%)
  Max Total Time: 0.239855 s, Min Total Time: 0.239486 s
srun Wall Time: 1.53 seconds
--- Running with 42 cores on 4 node(s) ---
Executing: srun -N4 -n42 ./hw1_prof 20 ./testcases/13.in my_13_42cores.out
N=20, Procs=42, Avg Total Time: 0.230104 s
  Avg IO Time:   0.108574 s (47.18%)
  Avg Comm Time: 0.000379 s (0.16%)
  Avg CPU Time:  0.121151 s (52.65%)
  Max Total Time: 0.230306 s, Min Total Time: 0.229949 s
srun Wall Time: 1.47 seconds
--- Running with 43 cores on 4 node(s) ---
Executing: srun -N4 -n43 ./hw1_prof 20 ./testcases/13.in my_13_43cores.out
N=20, Procs=43, Avg Total Time: 0.243436 s
  Avg IO Time:   0.112344 s (46.15%)
  Avg Comm Time: 0.000351 s (0.14%)
  Avg CPU Time:  0.130741 s (53.71%)
  Max Total Time: 0.243664 s, Min Total Time: 0.243272 s
srun Wall Time: 1.44 seconds
--- Running with 44 cores on 4 node(s) ---
Executing: srun -N4 -n44 ./hw1_prof 20 ./testcases/13.in my_13_44cores.out
N=20, Procs=44, Avg Total Time: 0.223926 s
  Avg IO Time:   0.099906 s (44.62%)
  Avg Comm Time: 0.000331 s (0.15%)
  Avg CPU Time:  0.123690 s (55.24%)
  Max Total Time: 0.229964 s, Min Total Time: 0.221656 s
srun Wall Time: 1.53 seconds
--- Running with 45 cores on 4 node(s) ---
Executing: srun -N4 -n45 ./hw1_prof 20 ./testcases/13.in my_13_45cores.out
N=20, Procs=45, Avg Total Time: 0.229337 s
  Avg IO Time:   0.100997 s (44.04%)
  Avg Comm Time: 0.000407 s (0.18%)
  Avg CPU Time:  0.127934 s (55.78%)
  Max Total Time: 0.229544 s, Min Total Time: 0.229187 s
srun Wall Time: 1.52 seconds
--- Running with 46 cores on 4 node(s) ---
Executing: srun -N4 -n46 ./hw1_prof 20 ./testcases/13.in my_13_46cores.out
N=20, Procs=46, Avg Total Time: 0.232667 s
  Avg IO Time:   0.100395 s (43.15%)
  Avg Comm Time: 0.000304 s (0.13%)
  Avg CPU Time:  0.131967 s (56.72%)
  Max Total Time: 0.232884 s, Min Total Time: 0.232521 s
srun Wall Time: 1.51 seconds
--- Running with 47 cores on 4 node(s) ---
Executing: srun -N4 -n47 ./hw1_prof 20 ./testcases/13.in my_13_47cores.out
N=20, Procs=47, Avg Total Time: 0.222429 s
  Avg IO Time:   0.093883 s (42.21%)
  Avg Comm Time: 0.000256 s (0.12%)
  Avg CPU Time:  0.128290 s (57.68%)
  Max Total Time: 0.222682 s, Min Total Time: 0.222268 s
srun Wall Time: 1.53 seconds
--- Running with 48 cores on 4 node(s) ---
Executing: srun -N4 -n48 ./hw1_prof 20 ./testcases/13.in my_13_48cores.out
N=20, Procs=48, Avg Total Time: 0.243501 s
  Avg IO Time:   0.100527 s (41.28%)
  Avg Comm Time: 0.000370 s (0.15%)
  Avg CPU Time:  0.142604 s (58.56%)
  Max Total Time: 0.243756 s, Min Total Time: 0.243348 s
srun Wall Time: 1.52 seconds
