Starting experiments for testcase 27 (N=191121)
--- Running with 1 cores on 4 node(s) ---
Executing: srun -N4 -n1 ./hw1_prof 191121 ./testcases/27.in my_27_1cores.out
srun: warning: can't run 1 processes on 4 nodes, setting nnodes to 1
N=191121, Procs=1, Avg Total Time: 0.068884 s
  Avg IO Time:   0.040361 s (58.59%)
  Avg Comm Time: 0.000010 s (0.01%)
  Avg CPU Time:  0.028514 s (41.39%)
  Max Total Time: 0.068884 s, Min Total Time: 0.068884 s
srun Wall Time: 0.59 seconds
--- Running with 2 cores on 4 node(s) ---
Executing: srun -N4 -n2 ./hw1_prof 191121 ./testcases/27.in my_27_2cores.out
srun: warning: can't run 2 processes on 4 nodes, setting nnodes to 2
N=191121, Procs=2, Avg Total Time: 0.036282 s
  Avg IO Time:   0.030661 s (84.51%)
  Avg Comm Time: 0.000782 s (2.16%)
  Avg CPU Time:  0.004839 s (13.34%)
  Max Total Time: 0.036284 s, Min Total Time: 0.036280 s
srun Wall Time: 0.58 seconds
--- Running with 3 cores on 4 node(s) ---
Executing: srun -N4 -n3 ./hw1_prof 191121 ./testcases/27.in my_27_3cores.out
srun: warning: can't run 3 processes on 4 nodes, setting nnodes to 3
N=191121, Procs=3, Avg Total Time: 0.039883 s
  Avg IO Time:   0.031998 s (80.23%)
  Avg Comm Time: 0.003435 s (8.61%)
  Avg CPU Time:  0.004450 s (11.16%)
  Max Total Time: 0.040235 s, Min Total Time: 0.039706 s
srun Wall Time: 0.87 seconds
--- Running with 4 cores on 4 node(s) ---
Executing: srun -N4 -n4 ./hw1_prof 191121 ./testcases/27.in my_27_4cores.out
N=191121, Procs=4, Avg Total Time: 0.064906 s
  Avg IO Time:   0.056803 s (87.52%)
  Avg Comm Time: 0.004275 s (6.59%)
  Avg CPU Time:  0.003828 s (5.90%)
  Max Total Time: 0.065012 s, Min Total Time: 0.064799 s
srun Wall Time: 0.65 seconds
--- Running with 5 cores on 4 node(s) ---
Executing: srun -N4 -n5 ./hw1_prof 191121 ./testcases/27.in my_27_5cores.out
N=191121, Procs=5, Avg Total Time: 0.074118 s
  Avg IO Time:   0.069756 s (94.12%)
  Avg Comm Time: 0.001272 s (1.72%)
  Avg CPU Time:  0.003090 s (4.17%)
  Max Total Time: 0.074121 s, Min Total Time: 0.074116 s
srun Wall Time: 0.82 seconds
--- Running with 6 cores on 4 node(s) ---
Executing: srun -N4 -n6 ./hw1_prof 191121 ./testcases/27.in my_27_6cores.out
N=191121, Procs=6, Avg Total Time: 0.052855 s
  Avg IO Time:   0.048975 s (92.66%)
  Avg Comm Time: 0.001131 s (2.14%)
  Avg CPU Time:  0.002749 s (5.20%)
  Max Total Time: 0.052866 s, Min Total Time: 0.052845 s
srun Wall Time: 0.80 seconds
--- Running with 7 cores on 4 node(s) ---
Executing: srun -N4 -n7 ./hw1_prof 191121 ./testcases/27.in my_27_7cores.out
N=191121, Procs=7, Avg Total Time: 0.076999 s
  Avg IO Time:   0.070193 s (91.16%)
  Avg Comm Time: 0.004174 s (5.42%)
  Avg CPU Time:  0.002632 s (3.42%)
  Max Total Time: 0.077003 s, Min Total Time: 0.076996 s
srun Wall Time: 0.85 seconds
--- Running with 8 cores on 4 node(s) ---
Executing: srun -N4 -n8 ./hw1_prof 191121 ./testcases/27.in my_27_8cores.out
N=191121, Procs=8, Avg Total Time: 0.120958 s
  Avg IO Time:   0.099605 s (82.35%)
  Avg Comm Time: 0.018597 s (15.37%)
  Avg CPU Time:  0.002756 s (2.28%)
  Max Total Time: 0.121059 s, Min Total Time: 0.120665 s
srun Wall Time: 1.07 seconds
--- Running with 9 cores on 4 node(s) ---
Executing: srun -N4 -n9 ./hw1_prof 191121 ./testcases/27.in my_27_9cores.out
srun: job 208344 queued and waiting for resources
srun: job 208344 has been allocated resources
N=191121, Procs=9, Avg Total Time: 0.198789 s
  Avg IO Time:   0.192444 s (96.81%)
  Avg Comm Time: 0.003262 s (1.64%)
  Avg CPU Time:  0.003082 s (1.55%)
  Max Total Time: 0.198794 s, Min Total Time: 0.198784 s
srun Wall Time: 1.20 seconds
--- Running with 10 cores on 4 node(s) ---
Executing: srun -N4 -n10 ./hw1_prof 191121 ./testcases/27.in my_27_10cores.out
N=191121, Procs=10, Avg Total Time: 0.118650 s
  Avg IO Time:   0.114509 s (96.51%)
  Avg Comm Time: 0.001574 s (1.33%)
  Avg CPU Time:  0.002566 s (2.16%)
  Max Total Time: 0.120819 s, Min Total Time: 0.118100 s
srun Wall Time: 0.98 seconds
--- Running with 11 cores on 4 node(s) ---
Executing: srun -N4 -n11 ./hw1_prof 191121 ./testcases/27.in my_27_11cores.out
srun: job 208350 queued and waiting for resources
srun: job 208350 has been allocated resources
N=191121, Procs=11, Avg Total Time: 0.149055 s
  Avg IO Time:   0.142418 s (95.55%)
  Avg Comm Time: 0.004474 s (3.00%)
  Avg CPU Time:  0.002163 s (1.45%)
  Max Total Time: 0.149062 s, Min Total Time: 0.149048 s
srun Wall Time: 2.69 seconds
--- Running with 12 cores on 4 node(s) ---
Executing: srun -N4 -n12 ./hw1_prof 191121 ./testcases/27.in my_27_12cores.out
srun: job 208353 queued and waiting for resources
srun: job 208353 has been allocated resources
N=191121, Procs=12, Avg Total Time: 0.155653 s
  Avg IO Time:   0.150912 s (96.95%)
  Avg Comm Time: 0.002186 s (1.40%)
  Avg CPU Time:  0.002554 s (1.64%)
  Max Total Time: 0.157995 s, Min Total Time: 0.155174 s
srun Wall Time: 2.66 seconds
--- Running with 13 cores on 4 node(s) ---
Executing: srun -N4 -n13 ./hw1_prof 191121 ./testcases/27.in my_27_13cores.out
srun: job 208361 queued and waiting for resources
srun: job 208361 has been allocated resources
N=191121, Procs=13, Avg Total Time: 0.234939 s
  Avg IO Time:   0.229797 s (97.81%)
  Avg Comm Time: 0.002529 s (1.08%)
  Avg CPU Time:  0.002613 s (1.11%)
  Max Total Time: 0.234948 s, Min Total Time: 0.234911 s
srun Wall Time: 9.62 seconds
--- Running with 14 cores on 4 node(s) ---
Executing: srun -N4 -n14 ./hw1_prof 191121 ./testcases/27.in my_27_14cores.out
N=191121, Procs=14, Avg Total Time: 0.332491 s
  Avg IO Time:   0.325735 s (97.97%)
  Avg Comm Time: 0.003359 s (1.01%)
  Avg CPU Time:  0.003397 s (1.02%)
  Max Total Time: 0.332504 s, Min Total Time: 0.332482 s
srun Wall Time: 1.37 seconds
--- Running with 15 cores on 4 node(s) ---
Executing: srun -N4 -n15 ./hw1_prof 191121 ./testcases/27.in my_27_15cores.out
N=191121, Procs=15, Avg Total Time: 0.180012 s
  Avg IO Time:   0.175842 s (97.68%)
  Avg Comm Time: 0.002124 s (1.18%)
  Avg CPU Time:  0.002046 s (1.14%)
  Max Total Time: 0.180020 s, Min Total Time: 0.180001 s
srun Wall Time: 1.25 seconds
--- Running with 16 cores on 4 node(s) ---
Executing: srun -N4 -n16 ./hw1_prof 191121 ./testcases/27.in my_27_16cores.out
N=191121, Procs=16, Avg Total Time: 0.199805 s
  Avg IO Time:   0.166709 s (83.44%)
  Avg Comm Time: 0.029558 s (14.79%)
  Avg CPU Time:  0.003538 s (1.77%)
  Max Total Time: 0.206648 s, Min Total Time: 0.198235 s
srun Wall Time: 1.07 seconds
--- Running with 17 cores on 4 node(s) ---
Executing: srun -N4 -n17 ./hw1_prof 191121 ./testcases/27.in my_27_17cores.out
N=191121, Procs=17, Avg Total Time: 0.188425 s
  Avg IO Time:   0.184011 s (97.66%)
  Avg Comm Time: 0.002567 s (1.36%)
  Avg CPU Time:  0.001847 s (0.98%)
  Max Total Time: 0.188432 s, Min Total Time: 0.188419 s
srun Wall Time: 1.18 seconds
--- Running with 18 cores on 4 node(s) ---
Executing: srun -N4 -n18 ./hw1_prof 191121 ./testcases/27.in my_27_18cores.out
N=191121, Procs=18, Avg Total Time: 0.191572 s
  Avg IO Time:   0.187552 s (97.90%)
  Avg Comm Time: 0.002122 s (1.11%)
  Avg CPU Time:  0.001897 s (0.99%)
  Max Total Time: 0.191577 s, Min Total Time: 0.191564 s
srun Wall Time: 1.23 seconds
--- Running with 19 cores on 4 node(s) ---
Executing: srun -N4 -n19 ./hw1_prof 191121 ./testcases/27.in my_27_19cores.out
N=191121, Procs=19, Avg Total Time: 0.184689 s
  Avg IO Time:   0.180796 s (97.89%)
  Avg Comm Time: 0.002010 s (1.09%)
  Avg CPU Time:  0.001884 s (1.02%)
  Max Total Time: 0.184702 s, Min Total Time: 0.184677 s
srun Wall Time: 1.20 seconds
--- Running with 20 cores on 4 node(s) ---
Executing: srun -N4 -n20 ./hw1_prof 191121 ./testcases/27.in my_27_20cores.out
N=191121, Procs=20, Avg Total Time: 0.156929 s
  Avg IO Time:   0.152632 s (97.26%)
  Avg Comm Time: 0.001854 s (1.18%)
  Avg CPU Time:  0.002443 s (1.56%)
  Max Total Time: 0.156938 s, Min Total Time: 0.156921 s
srun Wall Time: 1.13 seconds
--- Running with 21 cores on 4 node(s) ---
Executing: srun -N4 -n21 ./hw1_prof 191121 ./testcases/27.in my_27_21cores.out
N=191121, Procs=21, Avg Total Time: 0.188529 s
  Avg IO Time:   0.184283 s (97.75%)
  Avg Comm Time: 0.002354 s (1.25%)
  Avg CPU Time:  0.001892 s (1.00%)
  Max Total Time: 0.188537 s, Min Total Time: 0.188520 s
srun Wall Time: 1.27 seconds
--- Running with 22 cores on 4 node(s) ---
Executing: srun -N4 -n22 ./hw1_prof 191121 ./testcases/27.in my_27_22cores.out
N=191121, Procs=22, Avg Total Time: 0.167281 s
  Avg IO Time:   0.163293 s (97.62%)
  Avg Comm Time: 0.002369 s (1.42%)
  Avg CPU Time:  0.001619 s (0.97%)
  Max Total Time: 0.167295 s, Min Total Time: 0.167268 s
srun Wall Time: 1.23 seconds
--- Running with 23 cores on 4 node(s) ---
Executing: srun -N4 -n23 ./hw1_prof 191121 ./testcases/27.in my_27_23cores.out
N=191121, Procs=23, Avg Total Time: 0.190667 s
  Avg IO Time:   0.186097 s (97.60%)
  Avg Comm Time: 0.002335 s (1.22%)
  Avg CPU Time:  0.002235 s (1.17%)
  Max Total Time: 0.190677 s, Min Total Time: 0.190656 s
srun Wall Time: 1.38 seconds
--- Running with 24 cores on 4 node(s) ---
Executing: srun -N4 -n24 ./hw1_prof 191121 ./testcases/27.in my_27_24cores.out
N=191121, Procs=24, Avg Total Time: 0.170203 s
  Avg IO Time:   0.163660 s (96.16%)
  Avg Comm Time: 0.004633 s (2.72%)
  Avg CPU Time:  0.001911 s (1.12%)
  Max Total Time: 0.170216 s, Min Total Time: 0.170193 s
srun Wall Time: 1.27 seconds
--- Running with 25 cores on 4 node(s) ---
Executing: srun -N4 -n25 ./hw1_prof 191121 ./testcases/27.in my_27_25cores.out
N=191121, Procs=25, Avg Total Time: 0.406387 s
  Avg IO Time:   0.396345 s (97.53%)
  Avg Comm Time: 0.004397 s (1.08%)
  Avg CPU Time:  0.005646 s (1.39%)
  Max Total Time: 0.406410 s, Min Total Time: 0.406371 s
srun Wall Time: 1.61 seconds
--- Running with 26 cores on 4 node(s) ---
Executing: srun -N4 -n26 ./hw1_prof 191121 ./testcases/27.in my_27_26cores.out
N=191121, Procs=26, Avg Total Time: 0.238042 s
  Avg IO Time:   0.233088 s (97.92%)
  Avg Comm Time: 0.003042 s (1.28%)
  Avg CPU Time:  0.001913 s (0.80%)
  Max Total Time: 0.238058 s, Min Total Time: 0.238015 s
srun Wall Time: 1.46 seconds
--- Running with 27 cores on 4 node(s) ---
Executing: srun -N4 -n27 ./hw1_prof 191121 ./testcases/27.in my_27_27cores.out
N=191121, Procs=27, Avg Total Time: 0.205629 s
  Avg IO Time:   0.201402 s (97.94%)
  Avg Comm Time: 0.002296 s (1.12%)
  Avg CPU Time:  0.001931 s (0.94%)
  Max Total Time: 0.205742 s, Min Total Time: 0.205537 s
srun Wall Time: 1.72 seconds
--- Running with 28 cores on 4 node(s) ---
Executing: srun -N4 -n28 ./hw1_prof 191121 ./testcases/27.in my_27_28cores.out
N=191121, Procs=28, Avg Total Time: 0.194975 s
  Avg IO Time:   0.190410 s (97.66%)
  Avg Comm Time: 0.002633 s (1.35%)
  Avg CPU Time:  0.001932 s (0.99%)
  Max Total Time: 0.194984 s, Min Total Time: 0.194954 s
srun Wall Time: 1.41 seconds
--- Running with 29 cores on 4 node(s) ---
Executing: srun -N4 -n29 ./hw1_prof 191121 ./testcases/27.in my_27_29cores.out
N=191121, Procs=29, Avg Total Time: 0.294247 s
  Avg IO Time:   0.288406 s (98.02%)
  Avg Comm Time: 0.002500 s (0.85%)
  Avg CPU Time:  0.003340 s (1.14%)
  Max Total Time: 0.294352 s, Min Total Time: 0.294169 s
srun Wall Time: 1.53 seconds
--- Running with 30 cores on 4 node(s) ---
Executing: srun -N4 -n30 ./hw1_prof 191121 ./testcases/27.in my_27_30cores.out
N=191121, Procs=30, Avg Total Time: 0.194065 s
  Avg IO Time:   0.190138 s (97.98%)
  Avg Comm Time: 0.001952 s (1.01%)
  Avg CPU Time:  0.001975 s (1.02%)
  Max Total Time: 0.194172 s, Min Total Time: 0.193989 s
srun Wall Time: 1.44 seconds
--- Running with 31 cores on 4 node(s) ---
Executing: srun -N4 -n31 ./hw1_prof 191121 ./testcases/27.in my_27_31cores.out
N=191121, Procs=31, Avg Total Time: 0.184450 s
  Avg IO Time:   0.179967 s (97.57%)
  Avg Comm Time: 0.002774 s (1.50%)
  Avg CPU Time:  0.001710 s (0.93%)
  Max Total Time: 0.184561 s, Min Total Time: 0.184369 s
srun Wall Time: 1.59 seconds
--- Running with 32 cores on 4 node(s) ---
Executing: srun -N4 -n32 ./hw1_prof 191121 ./testcases/27.in my_27_32cores.out
N=191121, Procs=32, Avg Total Time: 0.261874 s
  Avg IO Time:   0.232164 s (88.65%)
  Avg Comm Time: 0.027270 s (10.41%)
  Avg CPU Time:  0.002440 s (0.93%)
  Max Total Time: 0.262063 s, Min Total Time: 0.261697 s
srun Wall Time: 1.23 seconds
--- Running with 33 cores on 4 node(s) ---
Executing: srun -N4 -n33 ./hw1_prof 191121 ./testcases/27.in my_27_33cores.out
N=191121, Procs=33, Avg Total Time: 0.746043 s
  Avg IO Time:   0.731970 s (98.11%)
  Avg Comm Time: 0.010612 s (1.42%)
  Avg CPU Time:  0.003460 s (0.46%)
  Max Total Time: 0.746152 s, Min Total Time: 0.745979 s
srun Wall Time: 1.84 seconds
--- Running with 34 cores on 4 node(s) ---
Executing: srun -N4 -n34 ./hw1_prof 191121 ./testcases/27.in my_27_34cores.out
N=191121, Procs=34, Avg Total Time: 0.200815 s
  Avg IO Time:   0.196698 s (97.95%)
  Avg Comm Time: 0.002261 s (1.13%)
  Avg CPU Time:  0.001855 s (0.92%)
  Max Total Time: 0.200937 s, Min Total Time: 0.200743 s
srun Wall Time: 1.35 seconds
--- Running with 35 cores on 4 node(s) ---
Executing: srun -N4 -n35 ./hw1_prof 191121 ./testcases/27.in my_27_35cores.out
N=191121, Procs=35, Avg Total Time: 0.222663 s
  Avg IO Time:   0.218461 s (98.11%)
  Avg Comm Time: 0.002240 s (1.01%)
  Avg CPU Time:  0.001962 s (0.88%)
  Max Total Time: 0.222775 s, Min Total Time: 0.222590 s
srun Wall Time: 2.34 seconds
--- Running with 36 cores on 4 node(s) ---
Executing: srun -N4 -n36 ./hw1_prof 191121 ./testcases/27.in my_27_36cores.out
N=191121, Procs=36, Avg Total Time: 0.212051 s
  Avg IO Time:   0.207635 s (97.92%)
  Avg Comm Time: 0.002436 s (1.15%)
  Avg CPU Time:  0.001980 s (0.93%)
  Max Total Time: 0.212197 s, Min Total Time: 0.211967 s
srun Wall Time: 2.43 seconds
--- Running with 37 cores on 4 node(s) ---
Executing: srun -N4 -n37 ./hw1_prof 191121 ./testcases/27.in my_27_37cores.out
N=191121, Procs=37, Avg Total Time: 0.204796 s
  Avg IO Time:   0.200455 s (97.88%)
  Avg Comm Time: 0.002366 s (1.16%)
  Avg CPU Time:  0.001975 s (0.96%)
  Max Total Time: 0.204913 s, Min Total Time: 0.204734 s
srun Wall Time: 1.54 seconds
--- Running with 38 cores on 4 node(s) ---
Executing: srun -N4 -n38 ./hw1_prof 191121 ./testcases/27.in my_27_38cores.out
N=191121, Procs=38, Avg Total Time: 0.214397 s
  Avg IO Time:   0.209912 s (97.91%)
  Avg Comm Time: 0.002691 s (1.25%)
  Avg CPU Time:  0.001794 s (0.84%)
  Max Total Time: 0.214540 s, Min Total Time: 0.214319 s
srun Wall Time: 1.37 seconds
--- Running with 39 cores on 4 node(s) ---
Executing: srun -N4 -n39 ./hw1_prof 191121 ./testcases/27.in my_27_39cores.out
N=191121, Procs=39, Avg Total Time: 0.693238 s
  Avg IO Time:   0.657194 s (94.80%)
  Avg Comm Time: 0.033716 s (4.86%)
  Avg CPU Time:  0.002328 s (0.34%)
  Max Total Time: 0.693421 s, Min Total Time: 0.693073 s
srun Wall Time: 1.98 seconds
--- Running with 40 cores on 4 node(s) ---
Executing: srun -N4 -n40 ./hw1_prof 191121 ./testcases/27.in my_27_40cores.out
N=191121, Procs=40, Avg Total Time: 0.179730 s
  Avg IO Time:   0.175039 s (97.39%)
  Avg Comm Time: 0.002647 s (1.47%)
  Avg CPU Time:  0.002044 s (1.14%)
  Max Total Time: 0.179978 s, Min Total Time: 0.179543 s
srun Wall Time: 1.44 seconds
--- Running with 41 cores on 4 node(s) ---
Executing: srun -N4 -n41 ./hw1_prof 191121 ./testcases/27.in my_27_41cores.out
N=191121, Procs=41, Avg Total Time: 0.192592 s
  Avg IO Time:   0.188077 s (97.66%)
  Avg Comm Time: 0.002457 s (1.28%)
  Avg CPU Time:  0.002059 s (1.07%)
  Max Total Time: 0.192793 s, Min Total Time: 0.192424 s
srun Wall Time: 1.44 seconds
--- Running with 42 cores on 4 node(s) ---
Executing: srun -N4 -n42 ./hw1_prof 191121 ./testcases/27.in my_27_42cores.out
N=191121, Procs=42, Avg Total Time: 0.309911 s
  Avg IO Time:   0.303563 s (97.95%)
  Avg Comm Time: 0.003849 s (1.24%)
  Avg CPU Time:  0.002499 s (0.81%)
  Max Total Time: 0.310190 s, Min Total Time: 0.309792 s
srun Wall Time: 1.55 seconds
--- Running with 43 cores on 4 node(s) ---
Executing: srun -N4 -n43 ./hw1_prof 191121 ./testcases/27.in my_27_43cores.out
N=191121, Procs=43, Avg Total Time: 0.187014 s
  Avg IO Time:   0.183014 s (97.86%)
  Avg Comm Time: 0.002304 s (1.23%)
  Avg CPU Time:  0.001695 s (0.91%)
  Max Total Time: 0.187158 s, Min Total Time: 0.186950 s
srun Wall Time: 1.53 seconds
--- Running with 44 cores on 4 node(s) ---
Executing: srun -N4 -n44 ./hw1_prof 191121 ./testcases/27.in my_27_44cores.out
N=191121, Procs=44, Avg Total Time: 0.584885 s
  Avg IO Time:   0.574336 s (98.20%)
  Avg Comm Time: 0.004223 s (0.72%)
  Avg CPU Time:  0.006326 s (1.08%)
  Max Total Time: 0.590924 s, Min Total Time: 0.582617 s
srun Wall Time: 1.89 seconds
--- Running with 45 cores on 4 node(s) ---
Executing: srun -N4 -n45 ./hw1_prof 191121 ./testcases/27.in my_27_45cores.out
N=191121, Procs=45, Avg Total Time: 0.214565 s
  Avg IO Time:   0.210101 s (97.92%)
  Avg Comm Time: 0.002450 s (1.14%)
  Avg CPU Time:  0.002014 s (0.94%)
  Max Total Time: 0.214797 s, Min Total Time: 0.214390 s
srun Wall Time: 1.50 seconds
--- Running with 46 cores on 4 node(s) ---
Executing: srun -N4 -n46 ./hw1_prof 191121 ./testcases/27.in my_27_46cores.out
N=191121, Procs=46, Avg Total Time: 0.341827 s
  Avg IO Time:   0.334196 s (97.77%)
  Avg Comm Time: 0.004765 s (1.39%)
  Avg CPU Time:  0.002865 s (0.84%)
  Max Total Time: 0.342031 s, Min Total Time: 0.341693 s
srun Wall Time: 1.57 seconds
--- Running with 47 cores on 4 node(s) ---
Executing: srun -N4 -n47 ./hw1_prof 191121 ./testcases/27.in my_27_47cores.out
N=191121, Procs=47, Avg Total Time: 0.217858 s
  Avg IO Time:   0.213183 s (97.85%)
  Avg Comm Time: 0.002730 s (1.25%)
  Avg CPU Time:  0.001945 s (0.89%)
  Max Total Time: 0.218076 s, Min Total Time: 0.217718 s
srun Wall Time: 1.65 seconds
--- Running with 48 cores on 4 node(s) ---
Executing: srun -N4 -n48 ./hw1_prof 191121 ./testcases/27.in my_27_48cores.out
N=191121, Procs=48, Avg Total Time: 0.207749 s
  Avg IO Time:   0.203275 s (97.85%)
  Avg Comm Time: 0.002296 s (1.11%)
  Avg CPU Time:  0.002177 s (1.05%)
  Max Total Time: 0.208013 s, Min Total Time: 0.207597 s
srun Wall Time: 1.51 seconds
