Starting experiments for testcase 18 (N=400000)
--- Running with 1 cores on 4 node(s) ---
Executing: srun -N4 -n1 ./hw1_prof 400000 ./testcases/18.in my_18_1cores.out
srun: warning: can't run 1 processes on 4 nodes, setting nnodes to 1
N=400000, Procs=1, Avg Total Time: 0.047324 s
  Avg IO Time:   0.028813 s (60.88%)
  Avg Comm Time: 0.000010 s (0.02%)
  Avg CPU Time:  0.018501 s (39.09%)
  Max Total Time: 0.047324 s, Min Total Time: 0.047324 s
srun Wall Time: 0.67 seconds
--- Running with 2 cores on 4 node(s) ---
Executing: srun -N4 -n2 ./hw1_prof 400000 ./testcases/18.in my_18_2cores.out
srun: warning: can't run 2 processes on 4 nodes, setting nnodes to 2
N=400000, Procs=2, Avg Total Time: 0.040737 s
  Avg IO Time:   0.031550 s (77.45%)
  Avg Comm Time: 0.001037 s (2.55%)
  Avg CPU Time:  0.008150 s (20.01%)
  Max Total Time: 0.040737 s, Min Total Time: 0.040736 s
srun Wall Time: 0.56 seconds
--- Running with 3 cores on 4 node(s) ---
Executing: srun -N4 -n3 ./hw1_prof 400000 ./testcases/18.in my_18_3cores.out
srun: warning: can't run 3 processes on 4 nodes, setting nnodes to 3
N=400000, Procs=3, Avg Total Time: 0.042858 s
  Avg IO Time:   0.033781 s (78.82%)
  Avg Comm Time: 0.002643 s (6.17%)
  Avg CPU Time:  0.006434 s (15.01%)
  Max Total Time: 0.043177 s, Min Total Time: 0.042697 s
srun Wall Time: 0.61 seconds
--- Running with 4 cores on 4 node(s) ---
Executing: srun -N4 -n4 ./hw1_prof 400000 ./testcases/18.in my_18_4cores.out
N=400000, Procs=4, Avg Total Time: 0.058720 s
  Avg IO Time:   0.032294 s (55.00%)
  Avg Comm Time: 0.019084 s (32.50%)
  Avg CPU Time:  0.007343 s (12.50%)
  Max Total Time: 0.061198 s, Min Total Time: 0.056243 s
srun Wall Time: 0.84 seconds
--- Running with 5 cores on 4 node(s) ---
Executing: srun -N4 -n5 ./hw1_prof 400000 ./testcases/18.in my_18_5cores.out
N=400000, Procs=5, Avg Total Time: 0.050808 s
  Avg IO Time:   0.044042 s (86.68%)
  Avg Comm Time: 0.002365 s (4.65%)
  Avg CPU Time:  0.004402 s (8.66%)
  Max Total Time: 0.050815 s, Min Total Time: 0.050806 s
srun Wall Time: 0.78 seconds
--- Running with 6 cores on 4 node(s) ---
Executing: srun -N4 -n6 ./hw1_prof 400000 ./testcases/18.in my_18_6cores.out
N=400000, Procs=6, Avg Total Time: 0.064135 s
  Avg IO Time:   0.058153 s (90.67%)
  Avg Comm Time: 0.002293 s (3.58%)
  Avg CPU Time:  0.003688 s (5.75%)
  Max Total Time: 0.064142 s, Min Total Time: 0.064128 s
srun Wall Time: 0.81 seconds
--- Running with 7 cores on 4 node(s) ---
Executing: srun -N4 -n7 ./hw1_prof 400000 ./testcases/18.in my_18_7cores.out
N=400000, Procs=7, Avg Total Time: 0.079391 s
  Avg IO Time:   0.074115 s (93.36%)
  Avg Comm Time: 0.001755 s (2.21%)
  Avg CPU Time:  0.003520 s (4.43%)
  Max Total Time: 0.079393 s, Min Total Time: 0.079386 s
srun Wall Time: 0.99 seconds
--- Running with 8 cores on 4 node(s) ---
Executing: srun -N4 -n8 ./hw1_prof 400000 ./testcases/18.in my_18_8cores.out
N=400000, Procs=8, Avg Total Time: 0.108230 s
  Avg IO Time:   0.093136 s (86.05%)
  Avg Comm Time: 0.011833 s (10.93%)
  Avg CPU Time:  0.003261 s (3.01%)
  Max Total Time: 0.108531 s, Min Total Time: 0.108155 s
srun Wall Time: 0.87 seconds
--- Running with 9 cores on 4 node(s) ---
Executing: srun -N4 -n9 ./hw1_prof 400000 ./testcases/18.in my_18_9cores.out
N=400000, Procs=9, Avg Total Time: 0.118465 s
  Avg IO Time:   0.112650 s (95.09%)
  Avg Comm Time: 0.002771 s (2.34%)
  Avg CPU Time:  0.003044 s (2.57%)
  Max Total Time: 0.118468 s, Min Total Time: 0.118459 s
srun Wall Time: 0.98 seconds
--- Running with 10 cores on 4 node(s) ---
Executing: srun -N4 -n10 ./hw1_prof 400000 ./testcases/18.in my_18_10cores.out
N=400000, Procs=10, Avg Total Time: 0.122808 s
  Avg IO Time:   0.117781 s (95.91%)
  Avg Comm Time: 0.002276 s (1.85%)
  Avg CPU Time:  0.002750 s (2.24%)
  Max Total Time: 0.122816 s, Min Total Time: 0.122801 s
srun Wall Time: 1.24 seconds
--- Running with 11 cores on 4 node(s) ---
Executing: srun -N4 -n11 ./hw1_prof 400000 ./testcases/18.in my_18_11cores.out
N=400000, Procs=11, Avg Total Time: 0.135364 s
  Avg IO Time:   0.129783 s (95.88%)
  Avg Comm Time: 0.002873 s (2.12%)
  Avg CPU Time:  0.002708 s (2.00%)
  Max Total Time: 0.135370 s, Min Total Time: 0.135360 s
srun Wall Time: 1.03 seconds
--- Running with 12 cores on 4 node(s) ---
Executing: srun -N4 -n12 ./hw1_prof 400000 ./testcases/18.in my_18_12cores.out
N=400000, Procs=12, Avg Total Time: 0.157291 s
  Avg IO Time:   0.152109 s (96.71%)
  Avg Comm Time: 0.002391 s (1.52%)
  Avg CPU Time:  0.002791 s (1.77%)
  Max Total Time: 0.157303 s, Min Total Time: 0.157277 s
srun Wall Time: 1.03 seconds
--- Running with 13 cores on 4 node(s) ---
Executing: srun -N4 -n13 ./hw1_prof 400000 ./testcases/18.in my_18_13cores.out
N=400000, Procs=13, Avg Total Time: 0.166308 s
  Avg IO Time:   0.158535 s (95.33%)
  Avg Comm Time: 0.005345 s (3.21%)
  Avg CPU Time:  0.002427 s (1.46%)
  Max Total Time: 0.166315 s, Min Total Time: 0.166301 s
srun Wall Time: 1.12 seconds
--- Running with 14 cores on 4 node(s) ---
Executing: srun -N4 -n14 ./hw1_prof 400000 ./testcases/18.in my_18_14cores.out
N=400000, Procs=14, Avg Total Time: 0.192821 s
  Avg IO Time:   0.187830 s (97.41%)
  Avg Comm Time: 0.002338 s (1.21%)
  Avg CPU Time:  0.002652 s (1.38%)
  Max Total Time: 0.192832 s, Min Total Time: 0.192812 s
srun Wall Time: 1.22 seconds
--- Running with 15 cores on 4 node(s) ---
Executing: srun -N4 -n15 ./hw1_prof 400000 ./testcases/18.in my_18_15cores.out
N=400000, Procs=15, Avg Total Time: 0.161763 s
  Avg IO Time:   0.157145 s (97.15%)
  Avg Comm Time: 0.002216 s (1.37%)
  Avg CPU Time:  0.002401 s (1.48%)
  Max Total Time: 0.161774 s, Min Total Time: 0.161754 s
srun Wall Time: 1.19 seconds
--- Running with 16 cores on 4 node(s) ---
Executing: srun -N4 -n16 ./hw1_prof 400000 ./testcases/18.in my_18_16cores.out
N=400000, Procs=16, Avg Total Time: 0.204402 s
  Avg IO Time:   0.183323 s (89.69%)
  Avg Comm Time: 0.018397 s (9.00%)
  Avg CPU Time:  0.002682 s (1.31%)
  Max Total Time: 0.206239 s, Min Total Time: 0.203989 s
srun Wall Time: 1.12 seconds
--- Running with 17 cores on 4 node(s) ---
Executing: srun -N4 -n17 ./hw1_prof 400000 ./testcases/18.in my_18_17cores.out
N=400000, Procs=17, Avg Total Time: 0.237663 s
  Avg IO Time:   0.230512 s (96.99%)
  Avg Comm Time: 0.004614 s (1.94%)
  Avg CPU Time:  0.002537 s (1.07%)
  Max Total Time: 0.237669 s, Min Total Time: 0.237656 s
srun Wall Time: 1.23 seconds
--- Running with 18 cores on 4 node(s) ---
Executing: srun -N4 -n18 ./hw1_prof 400000 ./testcases/18.in my_18_18cores.out
N=400000, Procs=18, Avg Total Time: 0.189391 s
  Avg IO Time:   0.184886 s (97.62%)
  Avg Comm Time: 0.002400 s (1.27%)
  Avg CPU Time:  0.002105 s (1.11%)
  Max Total Time: 0.189399 s, Min Total Time: 0.189385 s
srun Wall Time: 1.13 seconds
--- Running with 19 cores on 4 node(s) ---
Executing: srun -N4 -n19 ./hw1_prof 400000 ./testcases/18.in my_18_19cores.out
N=400000, Procs=19, Avg Total Time: 0.197932 s
  Avg IO Time:   0.193101 s (97.56%)
  Avg Comm Time: 0.002472 s (1.25%)
  Avg CPU Time:  0.002358 s (1.19%)
  Max Total Time: 0.197940 s, Min Total Time: 0.197923 s
srun Wall Time: 1.23 seconds
--- Running with 20 cores on 4 node(s) ---
Executing: srun -N4 -n20 ./hw1_prof 400000 ./testcases/18.in my_18_20cores.out
N=400000, Procs=20, Avg Total Time: 0.204753 s
  Avg IO Time:   0.197527 s (96.47%)
  Avg Comm Time: 0.004986 s (2.43%)
  Avg CPU Time:  0.002241 s (1.09%)
  Max Total Time: 0.204760 s, Min Total Time: 0.204742 s
srun Wall Time: 1.32 seconds
--- Running with 21 cores on 4 node(s) ---
Executing: srun -N4 -n21 ./hw1_prof 400000 ./testcases/18.in my_18_21cores.out
N=400000, Procs=21, Avg Total Time: 0.202860 s
  Avg IO Time:   0.198269 s (97.74%)
  Avg Comm Time: 0.002403 s (1.18%)
  Avg CPU Time:  0.002188 s (1.08%)
  Max Total Time: 0.202867 s, Min Total Time: 0.202852 s
srun Wall Time: 1.29 seconds
--- Running with 22 cores on 4 node(s) ---
Executing: srun -N4 -n22 ./hw1_prof 400000 ./testcases/18.in my_18_22cores.out
N=400000, Procs=22, Avg Total Time: 0.197236 s
  Avg IO Time:   0.192202 s (97.45%)
  Avg Comm Time: 0.002820 s (1.43%)
  Avg CPU Time:  0.002214 s (1.12%)
  Max Total Time: 0.197248 s, Min Total Time: 0.197227 s
srun Wall Time: 1.28 seconds
--- Running with 23 cores on 4 node(s) ---
Executing: srun -N4 -n23 ./hw1_prof 400000 ./testcases/18.in my_18_23cores.out
N=400000, Procs=23, Avg Total Time: 0.454925 s
  Avg IO Time:   0.409889 s (90.10%)
  Avg Comm Time: 0.042682 s (9.38%)
  Avg CPU Time:  0.002354 s (0.52%)
  Max Total Time: 0.454934 s, Min Total Time: 0.454916 s
srun Wall Time: 1.59 seconds
--- Running with 24 cores on 4 node(s) ---
Executing: srun -N4 -n24 ./hw1_prof 400000 ./testcases/18.in my_18_24cores.out
N=400000, Procs=24, Avg Total Time: 0.345103 s
  Avg IO Time:   0.338698 s (98.14%)
  Avg Comm Time: 0.003496 s (1.01%)
  Avg CPU Time:  0.002909 s (0.84%)
  Max Total Time: 0.345205 s, Min Total Time: 0.344999 s
srun Wall Time: 1.41 seconds
--- Running with 25 cores on 4 node(s) ---
Executing: srun -N4 -n25 ./hw1_prof 400000 ./testcases/18.in my_18_25cores.out
N=400000, Procs=25, Avg Total Time: 0.210033 s
  Avg IO Time:   0.205039 s (97.62%)
  Avg Comm Time: 0.002675 s (1.27%)
  Avg CPU Time:  0.002319 s (1.10%)
  Max Total Time: 0.210041 s, Min Total Time: 0.210025 s
srun Wall Time: 1.43 seconds
--- Running with 26 cores on 4 node(s) ---
Executing: srun -N4 -n26 ./hw1_prof 400000 ./testcases/18.in my_18_26cores.out
srun: job 207541 queued and waiting for resources
srun: job 207541 has been allocated resources
N=400000, Procs=26, Avg Total Time: 0.207652 s
  Avg IO Time:   0.203192 s (97.85%)
  Avg Comm Time: 0.002415 s (1.16%)
  Avg CPU Time:  0.002045 s (0.98%)
  Max Total Time: 0.207662 s, Min Total Time: 0.207644 s
srun Wall Time: 1.54 seconds
--- Running with 27 cores on 4 node(s) ---
Executing: srun -N4 -n27 ./hw1_prof 400000 ./testcases/18.in my_18_27cores.out
srun: job 207542 queued and waiting for resources
srun: job 207542 has been allocated resources
N=400000, Procs=27, Avg Total Time: 0.209214 s
  Avg IO Time:   0.204347 s (97.67%)
  Avg Comm Time: 0.002600 s (1.24%)
  Avg CPU Time:  0.002266 s (1.08%)
  Max Total Time: 0.209313 s, Min Total Time: 0.209129 s
srun Wall Time: 1.47 seconds
--- Running with 28 cores on 4 node(s) ---
Executing: srun -N4 -n28 ./hw1_prof 400000 ./testcases/18.in my_18_28cores.out
N=400000, Procs=28, Avg Total Time: 0.337556 s
  Avg IO Time:   0.330200 s (97.82%)
  Avg Comm Time: 0.004297 s (1.27%)
  Avg CPU Time:  0.003060 s (0.91%)
  Max Total Time: 0.337565 s, Min Total Time: 0.337537 s
srun Wall Time: 1.75 seconds
--- Running with 29 cores on 4 node(s) ---
Executing: srun -N4 -n29 ./hw1_prof 400000 ./testcases/18.in my_18_29cores.out
N=400000, Procs=29, Avg Total Time: 0.196561 s
  Avg IO Time:   0.191658 s (97.51%)
  Avg Comm Time: 0.002529 s (1.29%)
  Avg CPU Time:  0.002374 s (1.21%)
  Max Total Time: 0.196677 s, Min Total Time: 0.196479 s
srun Wall Time: 1.49 seconds
--- Running with 30 cores on 4 node(s) ---
Executing: srun -N4 -n30 ./hw1_prof 400000 ./testcases/18.in my_18_30cores.out
N=400000, Procs=30, Avg Total Time: 0.212106 s
  Avg IO Time:   0.205855 s (97.05%)
  Avg Comm Time: 0.003779 s (1.78%)
  Avg CPU Time:  0.002472 s (1.17%)
  Max Total Time: 0.212224 s, Min Total Time: 0.212026 s
srun Wall Time: 1.47 seconds
--- Running with 31 cores on 4 node(s) ---
Executing: srun -N4 -n31 ./hw1_prof 400000 ./testcases/18.in my_18_31cores.out
N=400000, Procs=31, Avg Total Time: 0.197086 s
  Avg IO Time:   0.192480 s (97.66%)
  Avg Comm Time: 0.002376 s (1.21%)
  Avg CPU Time:  0.002230 s (1.13%)
  Max Total Time: 0.197199 s, Min Total Time: 0.197016 s
srun Wall Time: 1.48 seconds
--- Running with 32 cores on 4 node(s) ---
Executing: srun -N4 -n32 ./hw1_prof 400000 ./testcases/18.in my_18_32cores.out
N=400000, Procs=32, Avg Total Time: 0.251596 s
  Avg IO Time:   0.220346 s (87.58%)
  Avg Comm Time: 0.028358 s (11.27%)
  Avg CPU Time:  0.002892 s (1.15%)
  Max Total Time: 0.251795 s, Min Total Time: 0.251411 s
srun Wall Time: 1.21 seconds
--- Running with 33 cores on 4 node(s) ---
Executing: srun -N4 -n33 ./hw1_prof 400000 ./testcases/18.in my_18_33cores.out
N=400000, Procs=33, Avg Total Time: 0.233812 s
  Avg IO Time:   0.229043 s (97.96%)
  Avg Comm Time: 0.002536 s (1.08%)
  Avg CPU Time:  0.002233 s (0.96%)
  Max Total Time: 0.233923 s, Min Total Time: 0.233752 s
srun Wall Time: 1.29 seconds
--- Running with 34 cores on 4 node(s) ---
Executing: srun -N4 -n34 ./hw1_prof 400000 ./testcases/18.in my_18_34cores.out
N=400000, Procs=34, Avg Total Time: 0.212829 s
  Avg IO Time:   0.207700 s (97.59%)
  Avg Comm Time: 0.002868 s (1.35%)
  Avg CPU Time:  0.002260 s (1.06%)
  Max Total Time: 0.212947 s, Min Total Time: 0.212756 s
srun Wall Time: 1.32 seconds
--- Running with 35 cores on 4 node(s) ---
Executing: srun -N4 -n35 ./hw1_prof 400000 ./testcases/18.in my_18_35cores.out
N=400000, Procs=35, Avg Total Time: 0.223656 s
  Avg IO Time:   0.218820 s (97.84%)
  Avg Comm Time: 0.002659 s (1.19%)
  Avg CPU Time:  0.002177 s (0.97%)
  Max Total Time: 0.223776 s, Min Total Time: 0.223591 s
srun Wall Time: 1.61 seconds
--- Running with 36 cores on 4 node(s) ---
Executing: srun -N4 -n36 ./hw1_prof 400000 ./testcases/18.in my_18_36cores.out
N=400000, Procs=36, Avg Total Time: 0.190793 s
  Avg IO Time:   0.186141 s (97.56%)
  Avg Comm Time: 0.002686 s (1.41%)
  Avg CPU Time:  0.001965 s (1.03%)
  Max Total Time: 0.190958 s, Min Total Time: 0.190706 s
srun Wall Time: 1.40 seconds
--- Running with 37 cores on 4 node(s) ---
Executing: srun -N4 -n37 ./hw1_prof 400000 ./testcases/18.in my_18_37cores.out
N=400000, Procs=37, Avg Total Time: 0.217145 s
  Avg IO Time:   0.212467 s (97.85%)
  Avg Comm Time: 0.002585 s (1.19%)
  Avg CPU Time:  0.002092 s (0.96%)
  Max Total Time: 0.217264 s, Min Total Time: 0.217086 s
srun Wall Time: 1.40 seconds
--- Running with 38 cores on 4 node(s) ---
Executing: srun -N4 -n38 ./hw1_prof 400000 ./testcases/18.in my_18_38cores.out
N=400000, Procs=38, Avg Total Time: 0.223829 s
  Avg IO Time:   0.218060 s (97.42%)
  Avg Comm Time: 0.003632 s (1.62%)
  Avg CPU Time:  0.002137 s (0.95%)
  Max Total Time: 0.223959 s, Min Total Time: 0.223764 s
srun Wall Time: 1.36 seconds
--- Running with 39 cores on 4 node(s) ---
Executing: srun -N4 -n39 ./hw1_prof 400000 ./testcases/18.in my_18_39cores.out
N=400000, Procs=39, Avg Total Time: 0.220391 s
  Avg IO Time:   0.215561 s (97.81%)
  Avg Comm Time: 0.002496 s (1.13%)
  Avg CPU Time:  0.002335 s (1.06%)
  Max Total Time: 0.220576 s, Min Total Time: 0.220217 s
srun Wall Time: 1.42 seconds
--- Running with 40 cores on 4 node(s) ---
Executing: srun -N4 -n40 ./hw1_prof 400000 ./testcases/18.in my_18_40cores.out
N=400000, Procs=40, Avg Total Time: 0.204732 s
  Avg IO Time:   0.200268 s (97.82%)
  Avg Comm Time: 0.002469 s (1.21%)
  Avg CPU Time:  0.001996 s (0.97%)
  Max Total Time: 0.204751 s, Min Total Time: 0.204714 s
srun Wall Time: 1.39 seconds
--- Running with 41 cores on 4 node(s) ---
Executing: srun -N4 -n41 ./hw1_prof 400000 ./testcases/18.in my_18_41cores.out
N=400000, Procs=41, Avg Total Time: 0.218177 s
  Avg IO Time:   0.213162 s (97.70%)
  Avg Comm Time: 0.002407 s (1.10%)
  Avg CPU Time:  0.002608 s (1.20%)
  Max Total Time: 0.218385 s, Min Total Time: 0.218018 s
srun Wall Time: 1.40 seconds
--- Running with 42 cores on 4 node(s) ---
Executing: srun -N4 -n42 ./hw1_prof 400000 ./testcases/18.in my_18_42cores.out
N=400000, Procs=42, Avg Total Time: 0.206577 s
  Avg IO Time:   0.201923 s (97.75%)
  Avg Comm Time: 0.002447 s (1.18%)
  Avg CPU Time:  0.002208 s (1.07%)
  Max Total Time: 0.206796 s, Min Total Time: 0.206402 s
srun Wall Time: 1.39 seconds
--- Running with 43 cores on 4 node(s) ---
Executing: srun -N4 -n43 ./hw1_prof 400000 ./testcases/18.in my_18_43cores.out
N=400000, Procs=43, Avg Total Time: 0.218335 s
  Avg IO Time:   0.212690 s (97.41%)
  Avg Comm Time: 0.003397 s (1.56%)
  Avg CPU Time:  0.002248 s (1.03%)
  Max Total Time: 0.218535 s, Min Total Time: 0.218189 s
srun Wall Time: 1.47 seconds
--- Running with 44 cores on 4 node(s) ---
Executing: srun -N4 -n44 ./hw1_prof 400000 ./testcases/18.in my_18_44cores.out
N=400000, Procs=44, Avg Total Time: 0.225212 s
  Avg IO Time:   0.217582 s (96.61%)
  Avg Comm Time: 0.003400 s (1.51%)
  Avg CPU Time:  0.004230 s (1.88%)
  Max Total Time: 0.231207 s, Min Total Time: 0.222954 s
srun Wall Time: 1.49 seconds
--- Running with 45 cores on 4 node(s) ---
Executing: srun -N4 -n45 ./hw1_prof 400000 ./testcases/18.in my_18_45cores.out
N=400000, Procs=45, Avg Total Time: 0.223480 s
  Avg IO Time:   0.218283 s (97.67%)
  Avg Comm Time: 0.002960 s (1.32%)
  Avg CPU Time:  0.002237 s (1.00%)
  Max Total Time: 0.223709 s, Min Total Time: 0.223317 s
srun Wall Time: 1.71 seconds
--- Running with 46 cores on 4 node(s) ---
Executing: srun -N4 -n46 ./hw1_prof 400000 ./testcases/18.in my_18_46cores.out
N=400000, Procs=46, Avg Total Time: 0.183636 s
  Avg IO Time:   0.179259 s (97.62%)
  Avg Comm Time: 0.002403 s (1.31%)
  Avg CPU Time:  0.001975 s (1.08%)
  Max Total Time: 0.183845 s, Min Total Time: 0.183496 s
srun Wall Time: 1.45 seconds
--- Running with 47 cores on 4 node(s) ---
Executing: srun -N4 -n47 ./hw1_prof 400000 ./testcases/18.in my_18_47cores.out
N=400000, Procs=47, Avg Total Time: 0.313322 s
  Avg IO Time:   0.307190 s (98.04%)
  Avg Comm Time: 0.003569 s (1.14%)
  Avg CPU Time:  0.002563 s (0.82%)
  Max Total Time: 0.313567 s, Min Total Time: 0.313168 s
srun Wall Time: 1.55 seconds
--- Running with 48 cores on 4 node(s) ---
Executing: srun -N4 -n48 ./hw1_prof 400000 ./testcases/18.in my_18_48cores.out
N=400000, Procs=48, Avg Total Time: 0.202275 s
  Avg IO Time:   0.197007 s (97.40%)
  Avg Comm Time: 0.002945 s (1.46%)
  Avg CPU Time:  0.002323 s (1.15%)
  Max Total Time: 0.202519 s, Min Total Time: 0.202130 s
srun Wall Time: 1.45 seconds
