Starting experiments for testcase 07 (N=12345)
--- Running with 1 cores on 4 node(s) ---
Executing: srun -N4 -n1 ./hw1_prof 12345 ./testcases/07.in my_07_1cores.out
srun: warning: can't run 1 processes on 4 nodes, setting nnodes to 1
N=12345, Procs=1, Avg Total Time: 0.045145 s
  Avg IO Time:   0.023005 s (50.96%)
  Avg Comm Time: 0.000008 s (0.02%)
  Avg CPU Time:  0.022132 s (49.02%)
  Max Total Time: 0.045145 s, Min Total Time: 0.045145 s
srun Wall Time: 0.54 seconds
--- Running with 2 cores on 4 node(s) ---
Executing: srun -N4 -n2 ./hw1_prof 12345 ./testcases/07.in my_07_2cores.out
srun: warning: can't run 2 processes on 4 nodes, setting nnodes to 2
N=12345, Procs=2, Avg Total Time: 0.032506 s
  Avg IO Time:   0.029312 s (90.17%)
  Avg Comm Time: 0.002749 s (8.46%)
  Avg CPU Time:  0.000445 s (1.37%)
  Max Total Time: 0.032507 s, Min Total Time: 0.032505 s
srun Wall Time: 0.78 seconds
--- Running with 3 cores on 4 node(s) ---
Executing: srun -N4 -n3 ./hw1_prof 12345 ./testcases/07.in my_07_3cores.out
srun: warning: can't run 3 processes on 4 nodes, setting nnodes to 3
N=12345, Procs=3, Avg Total Time: 0.033491 s
  Avg IO Time:   0.030176 s (90.10%)
  Avg Comm Time: 0.002725 s (8.14%)
  Avg CPU Time:  0.000590 s (1.76%)
  Max Total Time: 0.033854 s, Min Total Time: 0.033302 s
srun Wall Time: 0.60 seconds
--- Running with 4 cores on 4 node(s) ---
Executing: srun -N4 -n4 ./hw1_prof 12345 ./testcases/07.in my_07_4cores.out
N=12345, Procs=4, Avg Total Time: 0.034319 s
  Avg IO Time:   0.030649 s (89.31%)
  Avg Comm Time: 0.003118 s (9.08%)
  Avg CPU Time:  0.000552 s (1.61%)
  Max Total Time: 0.034430 s, Min Total Time: 0.034205 s
srun Wall Time: 0.58 seconds
--- Running with 5 cores on 4 node(s) ---
Executing: srun -N4 -n5 ./hw1_prof 12345 ./testcases/07.in my_07_5cores.out
N=12345, Procs=5, Avg Total Time: 0.069908 s
  Avg IO Time:   0.068100 s (97.41%)
  Avg Comm Time: 0.000685 s (0.98%)
  Avg CPU Time:  0.001123 s (1.61%)
  Max Total Time: 0.069913 s, Min Total Time: 0.069904 s
srun Wall Time: 0.82 seconds
--- Running with 6 cores on 4 node(s) ---
Executing: srun -N4 -n6 ./hw1_prof 12345 ./testcases/07.in my_07_6cores.out
N=12345, Procs=6, Avg Total Time: 0.048733 s
  Avg IO Time:   0.047517 s (97.51%)
  Avg Comm Time: 0.000608 s (1.25%)
  Avg CPU Time:  0.000608 s (1.25%)
  Max Total Time: 0.048741 s, Min Total Time: 0.048722 s
srun Wall Time: 0.90 seconds
--- Running with 7 cores on 4 node(s) ---
Executing: srun -N4 -n7 ./hw1_prof 12345 ./testcases/07.in my_07_7cores.out
N=12345, Procs=7, Avg Total Time: 0.071439 s
  Avg IO Time:   0.069994 s (97.98%)
  Avg Comm Time: 0.000770 s (1.08%)
  Avg CPU Time:  0.000675 s (0.94%)
  Max Total Time: 0.071444 s, Min Total Time: 0.071435 s
srun Wall Time: 0.86 seconds
--- Running with 8 cores on 4 node(s) ---
Executing: srun -N4 -n8 ./hw1_prof 12345 ./testcases/07.in my_07_8cores.out
N=12345, Procs=8, Avg Total Time: 0.106477 s
  Avg IO Time:   0.087546 s (82.22%)
  Avg Comm Time: 0.018084 s (16.98%)
  Avg CPU Time:  0.000847 s (0.80%)
  Max Total Time: 0.106771 s, Min Total Time: 0.106399 s
srun Wall Time: 1.05 seconds
--- Running with 9 cores on 4 node(s) ---
Executing: srun -N4 -n9 ./hw1_prof 12345 ./testcases/07.in my_07_9cores.out
N=12345, Procs=9, Avg Total Time: 0.095314 s
  Avg IO Time:   0.091190 s (95.67%)
  Avg Comm Time: 0.003260 s (3.42%)
  Avg CPU Time:  0.000865 s (0.91%)
  Max Total Time: 0.095317 s, Min Total Time: 0.095312 s
srun Wall Time: 0.93 seconds
--- Running with 10 cores on 4 node(s) ---
Executing: srun -N4 -n10 ./hw1_prof 12345 ./testcases/07.in my_07_10cores.out
N=12345, Procs=10, Avg Total Time: 0.207276 s
  Avg IO Time:   0.202515 s (97.70%)
  Avg Comm Time: 0.003865 s (1.86%)
  Avg CPU Time:  0.000896 s (0.43%)
  Max Total Time: 0.207284 s, Min Total Time: 0.207259 s
srun Wall Time: 1.10 seconds
--- Running with 11 cores on 4 node(s) ---
Executing: srun -N4 -n11 ./hw1_prof 12345 ./testcases/07.in my_07_11cores.out
N=12345, Procs=11, Avg Total Time: 0.143948 s
  Avg IO Time:   0.141820 s (98.52%)
  Avg Comm Time: 0.001308 s (0.91%)
  Avg CPU Time:  0.000819 s (0.57%)
  Max Total Time: 0.143952 s, Min Total Time: 0.143943 s
srun Wall Time: 1.12 seconds
--- Running with 12 cores on 4 node(s) ---
Executing: srun -N4 -n12 ./hw1_prof 12345 ./testcases/07.in my_07_12cores.out
N=12345, Procs=12, Avg Total Time: 0.154637 s
  Avg IO Time:   0.152931 s (98.90%)
  Avg Comm Time: 0.000866 s (0.56%)
  Avg CPU Time:  0.000840 s (0.54%)
  Max Total Time: 0.154644 s, Min Total Time: 0.154631 s
srun Wall Time: 1.09 seconds
--- Running with 13 cores on 4 node(s) ---
Executing: srun -N4 -n13 ./hw1_prof 12345 ./testcases/07.in my_07_13cores.out
N=12345, Procs=13, Avg Total Time: 0.166285 s
  Avg IO Time:   0.161125 s (96.90%)
  Avg Comm Time: 0.004054 s (2.44%)
  Avg CPU Time:  0.001107 s (0.67%)
  Max Total Time: 0.166297 s, Min Total Time: 0.166253 s
srun Wall Time: 1.24 seconds
--- Running with 14 cores on 4 node(s) ---
Executing: srun -N4 -n14 ./hw1_prof 12345 ./testcases/07.in my_07_14cores.out
N=12345, Procs=14, Avg Total Time: 0.182253 s
  Avg IO Time:   0.173873 s (95.40%)
  Avg Comm Time: 0.001050 s (0.58%)
  Avg CPU Time:  0.007330 s (4.02%)
  Max Total Time: 0.182751 s, Min Total Time: 0.175892 s
srun Wall Time: 1.19 seconds
--- Running with 15 cores on 4 node(s) ---
Executing: srun -N4 -n15 ./hw1_prof 12345 ./testcases/07.in my_07_15cores.out
N=12345, Procs=15, Avg Total Time: 0.179679 s
  Avg IO Time:   0.177452 s (98.76%)
  Avg Comm Time: 0.001078 s (0.60%)
  Avg CPU Time:  0.001148 s (0.64%)
  Max Total Time: 0.179690 s, Min Total Time: 0.179669 s
srun Wall Time: 1.20 seconds
--- Running with 16 cores on 4 node(s) ---
Executing: srun -N4 -n16 ./hw1_prof 12345 ./testcases/07.in my_07_16cores.out
N=12345, Procs=16, Avg Total Time: 0.214085 s
  Avg IO Time:   0.191492 s (89.45%)
  Avg Comm Time: 0.021532 s (10.06%)
  Avg CPU Time:  0.001062 s (0.50%)
  Max Total Time: 0.215516 s, Min Total Time: 0.213858 s
srun Wall Time: 1.14 seconds
--- Running with 17 cores on 4 node(s) ---
Executing: srun -N4 -n17 ./hw1_prof 12345 ./testcases/07.in my_07_17cores.out
N=12345, Procs=17, Avg Total Time: 0.204860 s
  Avg IO Time:   0.202591 s (98.89%)
  Avg Comm Time: 0.001246 s (0.61%)
  Avg CPU Time:  0.001023 s (0.50%)
  Max Total Time: 0.204874 s, Min Total Time: 0.204843 s
srun Wall Time: 1.28 seconds
--- Running with 18 cores on 4 node(s) ---
Executing: srun -N4 -n18 ./hw1_prof 12345 ./testcases/07.in my_07_18cores.out
N=12345, Procs=18, Avg Total Time: 0.200720 s
  Avg IO Time:   0.198285 s (98.79%)
  Avg Comm Time: 0.001456 s (0.73%)
  Avg CPU Time:  0.000979 s (0.49%)
  Max Total Time: 0.200730 s, Min Total Time: 0.200711 s
srun Wall Time: 2.21 seconds
--- Running with 19 cores on 4 node(s) ---
Executing: srun -N4 -n19 ./hw1_prof 12345 ./testcases/07.in my_07_19cores.out
N=12345, Procs=19, Avg Total Time: 0.178115 s
  Avg IO Time:   0.176184 s (98.92%)
  Avg Comm Time: 0.001190 s (0.67%)
  Avg CPU Time:  0.000742 s (0.42%)
  Max Total Time: 0.178129 s, Min Total Time: 0.178091 s
srun Wall Time: 1.26 seconds
--- Running with 20 cores on 4 node(s) ---
Executing: srun -N4 -n20 ./hw1_prof 12345 ./testcases/07.in my_07_20cores.out
N=12345, Procs=20, Avg Total Time: 0.192808 s
  Avg IO Time:   0.188233 s (97.63%)
  Avg Comm Time: 0.003234 s (1.68%)
  Avg CPU Time:  0.001341 s (0.70%)
  Max Total Time: 0.192815 s, Min Total Time: 0.192796 s
srun Wall Time: 1.22 seconds
--- Running with 21 cores on 4 node(s) ---
Executing: srun -N4 -n21 ./hw1_prof 12345 ./testcases/07.in my_07_21cores.out
N=12345, Procs=21, Avg Total Time: 0.177054 s
  Avg IO Time:   0.175009 s (98.84%)
  Avg Comm Time: 0.001014 s (0.57%)
  Avg CPU Time:  0.001031 s (0.58%)
  Max Total Time: 0.177066 s, Min Total Time: 0.177046 s
srun Wall Time: 1.36 seconds
--- Running with 22 cores on 4 node(s) ---
Executing: srun -N4 -n22 ./hw1_prof 12345 ./testcases/07.in my_07_22cores.out
N=12345, Procs=22, Avg Total Time: 0.311212 s
  Avg IO Time:   0.308273 s (99.06%)
  Avg Comm Time: 0.001702 s (0.55%)
  Avg CPU Time:  0.001237 s (0.40%)
  Max Total Time: 0.311318 s, Min Total Time: 0.311106 s
srun Wall Time: 1.51 seconds
--- Running with 23 cores on 4 node(s) ---
Executing: srun -N4 -n23 ./hw1_prof 12345 ./testcases/07.in my_07_23cores.out
N=12345, Procs=23, Avg Total Time: 0.249101 s
  Avg IO Time:   0.246581 s (98.99%)
  Avg Comm Time: 0.001459 s (0.59%)
  Avg CPU Time:  0.001062 s (0.43%)
  Max Total Time: 0.249114 s, Min Total Time: 0.249089 s
srun Wall Time: 1.34 seconds
--- Running with 24 cores on 4 node(s) ---
Executing: srun -N4 -n24 ./hw1_prof 12345 ./testcases/07.in my_07_24cores.out
N=12345, Procs=24, Avg Total Time: 0.199308 s
  Avg IO Time:   0.194692 s (97.68%)
  Avg Comm Time: 0.003633 s (1.82%)
  Avg CPU Time:  0.000983 s (0.49%)
  Max Total Time: 0.199318 s, Min Total Time: 0.199293 s
srun Wall Time: 1.33 seconds
--- Running with 25 cores on 4 node(s) ---
Executing: srun -N4 -n25 ./hw1_prof 12345 ./testcases/07.in my_07_25cores.out
N=12345, Procs=25, Avg Total Time: 0.184010 s
  Avg IO Time:   0.181693 s (98.74%)
  Avg Comm Time: 0.001189 s (0.65%)
  Avg CPU Time:  0.001127 s (0.61%)
  Max Total Time: 0.184021 s, Min Total Time: 0.183998 s
srun Wall Time: 1.38 seconds
--- Running with 26 cores on 4 node(s) ---
Executing: srun -N4 -n26 ./hw1_prof 12345 ./testcases/07.in my_07_26cores.out
N=12345, Procs=26, Avg Total Time: 0.214839 s
  Avg IO Time:   0.212409 s (98.87%)
  Avg Comm Time: 0.001067 s (0.50%)
  Avg CPU Time:  0.001363 s (0.63%)
  Max Total Time: 0.214847 s, Min Total Time: 0.214827 s
srun Wall Time: 1.54 seconds
--- Running with 27 cores on 4 node(s) ---
Executing: srun -N4 -n27 ./hw1_prof 12345 ./testcases/07.in my_07_27cores.out
N=12345, Procs=27, Avg Total Time: 0.194649 s
  Avg IO Time:   0.191768 s (98.52%)
  Avg Comm Time: 0.001368 s (0.70%)
  Avg CPU Time:  0.001514 s (0.78%)
  Max Total Time: 0.194743 s, Min Total Time: 0.194565 s
srun Wall Time: 1.38 seconds
--- Running with 28 cores on 4 node(s) ---
Executing: srun -N4 -n28 ./hw1_prof 12345 ./testcases/07.in my_07_28cores.out
N=12345, Procs=28, Avg Total Time: 0.217875 s
  Avg IO Time:   0.215615 s (98.96%)
  Avg Comm Time: 0.001124 s (0.52%)
  Avg CPU Time:  0.001136 s (0.52%)
  Max Total Time: 0.217891 s, Min Total Time: 0.217860 s
srun Wall Time: 1.41 seconds
--- Running with 29 cores on 4 node(s) ---
Executing: srun -N4 -n29 ./hw1_prof 12345 ./testcases/07.in my_07_29cores.out
N=12345, Procs=29, Avg Total Time: 0.192940 s
  Avg IO Time:   0.190413 s (98.69%)
  Avg Comm Time: 0.001249 s (0.65%)
  Avg CPU Time:  0.001278 s (0.66%)
  Max Total Time: 0.193059 s, Min Total Time: 0.192852 s
srun Wall Time: 1.37 seconds
--- Running with 30 cores on 4 node(s) ---
Executing: srun -N4 -n30 ./hw1_prof 12345 ./testcases/07.in my_07_30cores.out
N=12345, Procs=30, Avg Total Time: 0.214739 s
  Avg IO Time:   0.212485 s (98.95%)
  Avg Comm Time: 0.001105 s (0.51%)
  Avg CPU Time:  0.001149 s (0.53%)
  Max Total Time: 0.214845 s, Min Total Time: 0.214667 s
srun Wall Time: 1.52 seconds
--- Running with 31 cores on 4 node(s) ---
Executing: srun -N4 -n31 ./hw1_prof 12345 ./testcases/07.in my_07_31cores.out
N=12345, Procs=31, Avg Total Time: 0.208860 s
  Avg IO Time:   0.206585 s (98.91%)
  Avg Comm Time: 0.001053 s (0.50%)
  Avg CPU Time:  0.001222 s (0.58%)
  Max Total Time: 0.208973 s, Min Total Time: 0.208784 s
srun Wall Time: 1.60 seconds
--- Running with 32 cores on 4 node(s) ---
Executing: srun -N4 -n32 ./hw1_prof 12345 ./testcases/07.in my_07_32cores.out
N=12345, Procs=32, Avg Total Time: 0.234893 s
  Avg IO Time:   0.207378 s (88.29%)
  Avg Comm Time: 0.025942 s (11.04%)
  Avg CPU Time:  0.001574 s (0.67%)
  Max Total Time: 0.235093 s, Min Total Time: 0.234707 s
srun Wall Time: 1.21 seconds
--- Running with 33 cores on 4 node(s) ---
Executing: srun -N4 -n33 ./hw1_prof 12345 ./testcases/07.in my_07_33cores.out
N=12345, Procs=33, Avg Total Time: 0.202376 s
  Avg IO Time:   0.199857 s (98.76%)
  Avg Comm Time: 0.001293 s (0.64%)
  Avg CPU Time:  0.001226 s (0.61%)
  Max Total Time: 0.202484 s, Min Total Time: 0.202310 s
srun Wall Time: 1.26 seconds
--- Running with 34 cores on 4 node(s) ---
Executing: srun -N4 -n34 ./hw1_prof 12345 ./testcases/07.in my_07_34cores.out
N=12345, Procs=34, Avg Total Time: 0.214579 s
  Avg IO Time:   0.211684 s (98.65%)
  Avg Comm Time: 0.001585 s (0.74%)
  Avg CPU Time:  0.001310 s (0.61%)
  Max Total Time: 0.214709 s, Min Total Time: 0.214506 s
srun Wall Time: 1.43 seconds
--- Running with 35 cores on 4 node(s) ---
Executing: srun -N4 -n35 ./hw1_prof 12345 ./testcases/07.in my_07_35cores.out
N=12345, Procs=35, Avg Total Time: 0.183760 s
  Avg IO Time:   0.181575 s (98.81%)
  Avg Comm Time: 0.001056 s (0.57%)
  Avg CPU Time:  0.001129 s (0.61%)
  Max Total Time: 0.183882 s, Min Total Time: 0.183696 s
srun Wall Time: 1.36 seconds
--- Running with 36 cores on 4 node(s) ---
Executing: srun -N4 -n36 ./hw1_prof 12345 ./testcases/07.in my_07_36cores.out
N=12345, Procs=36, Avg Total Time: 0.205299 s
  Avg IO Time:   0.202701 s (98.73%)
  Avg Comm Time: 0.001292 s (0.63%)
  Avg CPU Time:  0.001305 s (0.64%)
  Max Total Time: 0.205416 s, Min Total Time: 0.205233 s
srun Wall Time: 1.35 seconds
--- Running with 37 cores on 4 node(s) ---
Executing: srun -N4 -n37 ./hw1_prof 12345 ./testcases/07.in my_07_37cores.out
N=12345, Procs=37, Avg Total Time: 0.224231 s
  Avg IO Time:   0.221646 s (98.85%)
  Avg Comm Time: 0.001461 s (0.65%)
  Avg CPU Time:  0.001124 s (0.50%)
  Max Total Time: 0.224347 s, Min Total Time: 0.224166 s
srun Wall Time: 1.39 seconds
--- Running with 38 cores on 4 node(s) ---
Executing: srun -N4 -n38 ./hw1_prof 12345 ./testcases/07.in my_07_38cores.out
N=12345, Procs=38, Avg Total Time: 0.220430 s
  Avg IO Time:   0.217825 s (98.82%)
  Avg Comm Time: 0.001560 s (0.71%)
  Avg CPU Time:  0.001045 s (0.47%)
  Max Total Time: 0.220566 s, Min Total Time: 0.220359 s
srun Wall Time: 1.40 seconds
--- Running with 39 cores on 4 node(s) ---
Executing: srun -N4 -n39 ./hw1_prof 12345 ./testcases/07.in my_07_39cores.out
N=12345, Procs=39, Avg Total Time: 0.218490 s
  Avg IO Time:   0.215472 s (98.62%)
  Avg Comm Time: 0.001572 s (0.72%)
  Avg CPU Time:  0.001446 s (0.66%)
  Max Total Time: 0.218682 s, Min Total Time: 0.218319 s
srun Wall Time: 2.39 seconds
--- Running with 40 cores on 4 node(s) ---
Executing: srun -N4 -n40 ./hw1_prof 12345 ./testcases/07.in my_07_40cores.out
N=12345, Procs=40, Avg Total Time: 0.215743 s
  Avg IO Time:   0.212678 s (98.58%)
  Avg Comm Time: 0.001517 s (0.70%)
  Avg CPU Time:  0.001547 s (0.72%)
  Max Total Time: 0.215748 s, Min Total Time: 0.215734 s
srun Wall Time: 1.35 seconds
--- Running with 41 cores on 4 node(s) ---
Executing: srun -N4 -n41 ./hw1_prof 12345 ./testcases/07.in my_07_41cores.out
N=12345, Procs=41, Avg Total Time: 0.212628 s
  Avg IO Time:   0.209553 s (98.55%)
  Avg Comm Time: 0.001888 s (0.89%)
  Avg CPU Time:  0.001188 s (0.56%)
  Max Total Time: 0.212827 s, Min Total Time: 0.212469 s
srun Wall Time: 1.49 seconds
--- Running with 42 cores on 4 node(s) ---
Executing: srun -N4 -n42 ./hw1_prof 12345 ./testcases/07.in my_07_42cores.out
N=12345, Procs=42, Avg Total Time: 0.208712 s
  Avg IO Time:   0.206060 s (98.73%)
  Avg Comm Time: 0.001366 s (0.65%)
  Avg CPU Time:  0.001286 s (0.62%)
  Max Total Time: 0.208937 s, Min Total Time: 0.208546 s
srun Wall Time: 1.42 seconds
--- Running with 43 cores on 4 node(s) ---
Executing: srun -N4 -n43 ./hw1_prof 12345 ./testcases/07.in my_07_43cores.out
N=12345, Procs=43, Avg Total Time: 0.220635 s
  Avg IO Time:   0.217617 s (98.63%)
  Avg Comm Time: 0.001672 s (0.76%)
  Avg CPU Time:  0.001346 s (0.61%)
  Max Total Time: 0.220864 s, Min Total Time: 0.220467 s
srun Wall Time: 1.41 seconds
--- Running with 44 cores on 4 node(s) ---
Executing: srun -N4 -n44 ./hw1_prof 12345 ./testcases/07.in my_07_44cores.out
N=12345, Procs=44, Avg Total Time: 0.205980 s
  Avg IO Time:   0.200450 s (97.31%)
  Avg Comm Time: 0.001888 s (0.92%)
  Avg CPU Time:  0.003642 s (1.77%)
  Max Total Time: 0.211971 s, Min Total Time: 0.203728 s
srun Wall Time: 1.40 seconds
--- Running with 45 cores on 4 node(s) ---
Executing: srun -N4 -n45 ./hw1_prof 12345 ./testcases/07.in my_07_45cores.out
N=12345, Procs=45, Avg Total Time: 0.203166 s
  Avg IO Time:   0.200388 s (98.63%)
  Avg Comm Time: 0.001521 s (0.75%)
  Avg CPU Time:  0.001257 s (0.62%)
  Max Total Time: 0.203385 s, Min Total Time: 0.203021 s
srun Wall Time: 1.44 seconds
--- Running with 46 cores on 4 node(s) ---
Executing: srun -N4 -n46 ./hw1_prof 12345 ./testcases/07.in my_07_46cores.out
N=12345, Procs=46, Avg Total Time: 0.195051 s
  Avg IO Time:   0.192216 s (98.55%)
  Avg Comm Time: 0.001691 s (0.87%)
  Avg CPU Time:  0.001144 s (0.59%)
  Max Total Time: 0.195264 s, Min Total Time: 0.194906 s
srun Wall Time: 1.46 seconds
--- Running with 47 cores on 4 node(s) ---
Executing: srun -N4 -n47 ./hw1_prof 12345 ./testcases/07.in my_07_47cores.out
N=12345, Procs=47, Avg Total Time: 0.220586 s
  Avg IO Time:   0.217460 s (98.58%)
  Avg Comm Time: 0.001630 s (0.74%)
  Avg CPU Time:  0.001496 s (0.68%)
  Max Total Time: 0.220813 s, Min Total Time: 0.220447 s
srun Wall Time: 1.48 seconds
--- Running with 48 cores on 4 node(s) ---
Executing: srun -N4 -n48 ./hw1_prof 12345 ./testcases/07.in my_07_48cores.out
N=12345, Procs=48, Avg Total Time: 0.194735 s
  Avg IO Time:   0.191929 s (98.56%)
  Avg Comm Time: 0.001401 s (0.72%)
  Avg CPU Time:  0.001405 s (0.72%)
  Max Total Time: 0.194987 s, Min Total Time: 0.194589 s
srun Wall Time: 1.44 seconds
