Starting experiments for testcase 05 (N=100)
--- Running with 1 cores on 4 node(s) ---
Executing: srun -N4 -n1 ./hw1_prof 100 ./testcases/05.in my_05_1cores.out
srun: warning: can't run 1 processes on 4 nodes, setting nnodes to 1
N=100, Procs=1, Avg Total Time: 0.030056 s
  Avg IO Time:   0.024721 s (82.25%)
  Avg Comm Time: 0.000005 s (0.02%)
  Avg CPU Time:  0.005331 s (17.74%)
  Max Total Time: 0.030056 s, Min Total Time: 0.030056 s
srun Wall Time: 0.63 seconds
--- Running with 2 cores on 4 node(s) ---
Executing: srun -N4 -n2 ./hw1_prof 100 ./testcases/05.in my_05_2cores.out
srun: warning: can't run 2 processes on 4 nodes, setting nnodes to 2
N=100, Procs=2, Avg Total Time: 0.031802 s
  Avg IO Time:   0.031587 s (99.32%)
  Avg Comm Time: 0.000053 s (0.17%)
  Avg CPU Time:  0.000163 s (0.51%)
  Max Total Time: 0.031804 s, Min Total Time: 0.031800 s
srun Wall Time: 0.53 seconds
--- Running with 3 cores on 4 node(s) ---
Executing: srun -N4 -n3 ./hw1_prof 100 ./testcases/05.in my_05_3cores.out
srun: warning: can't run 3 processes on 4 nodes, setting nnodes to 3
N=100, Procs=3, Avg Total Time: 0.034278 s
  Avg IO Time:   0.033607 s (98.04%)
  Avg Comm Time: 0.000175 s (0.51%)
  Avg CPU Time:  0.000496 s (1.45%)
  Max Total Time: 0.034645 s, Min Total Time: 0.034093 s
srun Wall Time: 0.60 seconds
--- Running with 4 cores on 4 node(s) ---
Executing: srun -N4 -n4 ./hw1_prof 100 ./testcases/05.in my_05_4cores.out
N=100, Procs=4, Avg Total Time: 0.049701 s
  Avg IO Time:   0.030233 s (60.83%)
  Avg Comm Time: 0.019104 s (38.44%)
  Avg CPU Time:  0.000363 s (0.73%)
  Max Total Time: 0.049807 s, Min Total Time: 0.049592 s
srun Wall Time: 0.85 seconds
--- Running with 5 cores on 4 node(s) ---
Executing: srun -N4 -n5 ./hw1_prof 100 ./testcases/05.in my_05_5cores.out
N=100, Procs=5, Avg Total Time: 0.036275 s
  Avg IO Time:   0.035767 s (98.60%)
  Avg Comm Time: 0.000260 s (0.72%)
  Avg CPU Time:  0.000249 s (0.69%)
  Max Total Time: 0.036281 s, Min Total Time: 0.036269 s
srun Wall Time: 0.79 seconds
--- Running with 6 cores on 4 node(s) ---
Executing: srun -N4 -n6 ./hw1_prof 100 ./testcases/05.in my_05_6cores.out
N=100, Procs=6, Avg Total Time: 0.056670 s
  Avg IO Time:   0.055285 s (97.56%)
  Avg Comm Time: 0.000826 s (1.46%)
  Avg CPU Time:  0.000559 s (0.99%)
  Max Total Time: 0.056675 s, Min Total Time: 0.056656 s
srun Wall Time: 0.79 seconds
--- Running with 7 cores on 4 node(s) ---
Executing: srun -N4 -n7 ./hw1_prof 100 ./testcases/05.in my_05_7cores.out
N=100, Procs=7, Avg Total Time: 0.074924 s
  Avg IO Time:   0.073555 s (98.17%)
  Avg Comm Time: 0.000777 s (1.04%)
  Avg CPU Time:  0.000592 s (0.79%)
  Max Total Time: 0.074927 s, Min Total Time: 0.074921 s
srun Wall Time: 0.88 seconds
--- Running with 8 cores on 4 node(s) ---
Executing: srun -N4 -n8 ./hw1_prof 100 ./testcases/05.in my_05_8cores.out
N=100, Procs=8, Avg Total Time: 0.109480 s
  Avg IO Time:   0.090328 s (82.51%)
  Avg Comm Time: 0.018444 s (16.85%)
  Avg CPU Time:  0.000708 s (0.65%)
  Max Total Time: 0.109743 s, Min Total Time: 0.109415 s
srun Wall Time: 0.92 seconds
--- Running with 9 cores on 4 node(s) ---
Executing: srun -N4 -n9 ./hw1_prof 100 ./testcases/05.in my_05_9cores.out
N=100, Procs=9, Avg Total Time: 0.099692 s
  Avg IO Time:   0.098230 s (98.53%)
  Avg Comm Time: 0.000640 s (0.64%)
  Avg CPU Time:  0.000823 s (0.83%)
  Max Total Time: 0.099698 s, Min Total Time: 0.099687 s
srun Wall Time: 0.91 seconds
--- Running with 10 cores on 4 node(s) ---
Executing: srun -N4 -n10 ./hw1_prof 100 ./testcases/05.in my_05_10cores.out
N=100, Procs=10, Avg Total Time: 0.117925 s
  Avg IO Time:   0.115895 s (98.28%)
  Avg Comm Time: 0.001044 s (0.89%)
  Avg CPU Time:  0.000986 s (0.84%)
  Max Total Time: 0.117932 s, Min Total Time: 0.117920 s
srun Wall Time: 1.01 seconds
--- Running with 11 cores on 4 node(s) ---
Executing: srun -N4 -n11 ./hw1_prof 100 ./testcases/05.in my_05_11cores.out
N=100, Procs=11, Avg Total Time: 0.221976 s
  Avg IO Time:   0.219361 s (98.82%)
  Avg Comm Time: 0.001511 s (0.68%)
  Avg CPU Time:  0.001104 s (0.50%)
  Max Total Time: 0.221993 s, Min Total Time: 0.221965 s
srun Wall Time: 1.25 seconds
--- Running with 12 cores on 4 node(s) ---
Executing: srun -N4 -n12 ./hw1_prof 100 ./testcases/05.in my_05_12cores.out
N=100, Procs=12, Avg Total Time: 0.158622 s
  Avg IO Time:   0.156680 s (98.78%)
  Avg Comm Time: 0.001006 s (0.63%)
  Avg CPU Time:  0.000935 s (0.59%)
  Max Total Time: 0.158627 s, Min Total Time: 0.158610 s
srun Wall Time: 1.10 seconds
--- Running with 13 cores on 4 node(s) ---
Executing: srun -N4 -n13 ./hw1_prof 100 ./testcases/05.in my_05_13cores.out
N=100, Procs=13, Avg Total Time: 0.132883 s
  Avg IO Time:   0.131344 s (98.84%)
  Avg Comm Time: 0.000732 s (0.55%)
  Avg CPU Time:  0.000807 s (0.61%)
  Max Total Time: 0.132898 s, Min Total Time: 0.132855 s
srun Wall Time: 1.16 seconds
--- Running with 14 cores on 4 node(s) ---
Executing: srun -N4 -n14 ./hw1_prof 100 ./testcases/05.in my_05_14cores.out
N=100, Procs=14, Avg Total Time: 0.200213 s
  Avg IO Time:   0.198331 s (99.06%)
  Avg Comm Time: 0.001005 s (0.50%)
  Avg CPU Time:  0.000877 s (0.44%)
  Max Total Time: 0.200224 s, Min Total Time: 0.200206 s
srun Wall Time: 1.26 seconds
--- Running with 15 cores on 4 node(s) ---
Executing: srun -N4 -n15 ./hw1_prof 100 ./testcases/05.in my_05_15cores.out
N=100, Procs=15, Avg Total Time: 0.236663 s
  Avg IO Time:   0.234518 s (99.09%)
  Avg Comm Time: 0.001091 s (0.46%)
  Avg CPU Time:  0.001054 s (0.45%)
  Max Total Time: 0.236673 s, Min Total Time: 0.236656 s
srun Wall Time: 1.27 seconds
--- Running with 16 cores on 4 node(s) ---
Executing: srun -N4 -n16 ./hw1_prof 100 ./testcases/05.in my_05_16cores.out
N=100, Procs=16, Avg Total Time: 0.204945 s
  Avg IO Time:   0.185508 s (90.52%)
  Avg Comm Time: 0.018184 s (8.87%)
  Avg CPU Time:  0.001252 s (0.61%)
  Max Total Time: 0.205579 s, Min Total Time: 0.204806 s
srun Wall Time: 1.10 seconds
--- Running with 17 cores on 4 node(s) ---
Executing: srun -N4 -n17 ./hw1_prof 100 ./testcases/05.in my_05_17cores.out
N=100, Procs=17, Avg Total Time: 0.282772 s
  Avg IO Time:   0.279807 s (98.95%)
  Avg Comm Time: 0.001441 s (0.51%)
  Avg CPU Time:  0.001524 s (0.54%)
  Max Total Time: 0.282781 s, Min Total Time: 0.282768 s
srun Wall Time: 1.25 seconds
--- Running with 18 cores on 4 node(s) ---
Executing: srun -N4 -n18 ./hw1_prof 100 ./testcases/05.in my_05_18cores.out
N=100, Procs=18, Avg Total Time: 0.174522 s
  Avg IO Time:   0.172763 s (98.99%)
  Avg Comm Time: 0.000893 s (0.51%)
  Avg CPU Time:  0.000866 s (0.50%)
  Max Total Time: 0.174529 s, Min Total Time: 0.174514 s
srun Wall Time: 1.18 seconds
--- Running with 19 cores on 4 node(s) ---
Executing: srun -N4 -n19 ./hw1_prof 100 ./testcases/05.in my_05_19cores.out
N=100, Procs=19, Avg Total Time: 0.184347 s
  Avg IO Time:   0.182185 s (98.83%)
  Avg Comm Time: 0.001134 s (0.62%)
  Avg CPU Time:  0.001028 s (0.56%)
  Max Total Time: 0.184359 s, Min Total Time: 0.184333 s
srun Wall Time: 1.29 seconds
--- Running with 20 cores on 4 node(s) ---
Executing: srun -N4 -n20 ./hw1_prof 100 ./testcases/05.in my_05_20cores.out
N=100, Procs=20, Avg Total Time: 0.196568 s
  Avg IO Time:   0.194235 s (98.81%)
  Avg Comm Time: 0.001170 s (0.60%)
  Avg CPU Time:  0.001163 s (0.59%)
  Max Total Time: 0.196576 s, Min Total Time: 0.196562 s
srun Wall Time: 1.26 seconds
--- Running with 21 cores on 4 node(s) ---
Executing: srun -N4 -n21 ./hw1_prof 100 ./testcases/05.in my_05_21cores.out
N=100, Procs=21, Avg Total Time: 0.199145 s
  Avg IO Time:   0.197149 s (99.00%)
  Avg Comm Time: 0.001113 s (0.56%)
  Avg CPU Time:  0.000883 s (0.44%)
  Max Total Time: 0.199155 s, Min Total Time: 0.199137 s
srun Wall Time: 1.27 seconds
--- Running with 22 cores on 4 node(s) ---
Executing: srun -N4 -n22 ./hw1_prof 100 ./testcases/05.in my_05_22cores.out
N=100, Procs=22, Avg Total Time: 0.179740 s
  Avg IO Time:   0.177809 s (98.93%)
  Avg Comm Time: 0.000979 s (0.54%)
  Avg CPU Time:  0.000952 s (0.53%)
  Max Total Time: 0.179748 s, Min Total Time: 0.179728 s
srun Wall Time: 1.37 seconds
--- Running with 23 cores on 4 node(s) ---
Executing: srun -N4 -n23 ./hw1_prof 100 ./testcases/05.in my_05_23cores.out
N=100, Procs=23, Avg Total Time: 0.199257 s
  Avg IO Time:   0.197403 s (99.07%)
  Avg Comm Time: 0.000936 s (0.47%)
  Avg CPU Time:  0.000918 s (0.46%)
  Max Total Time: 0.199267 s, Min Total Time: 0.199248 s
srun Wall Time: 2.36 seconds
--- Running with 24 cores on 4 node(s) ---
Executing: srun -N4 -n24 ./hw1_prof 100 ./testcases/05.in my_05_24cores.out
N=100, Procs=24, Avg Total Time: 0.168246 s
  Avg IO Time:   0.166351 s (98.87%)
  Avg Comm Time: 0.000800 s (0.48%)
  Avg CPU Time:  0.001095 s (0.65%)
  Max Total Time: 0.168259 s, Min Total Time: 0.168232 s
srun Wall Time: 1.43 seconds
--- Running with 25 cores on 4 node(s) ---
Executing: srun -N4 -n25 ./hw1_prof 100 ./testcases/05.in my_05_25cores.out
N=100, Procs=25, Avg Total Time: 0.202475 s
  Avg IO Time:   0.200461 s (99.01%)
  Avg Comm Time: 0.000932 s (0.46%)
  Avg CPU Time:  0.001082 s (0.53%)
  Max Total Time: 0.202484 s, Min Total Time: 0.202466 s
srun Wall Time: 8.67 seconds
--- Running with 26 cores on 4 node(s) ---
Executing: srun -N4 -n26 ./hw1_prof 100 ./testcases/05.in my_05_26cores.out
N=100, Procs=26, Avg Total Time: 0.196936 s
  Avg IO Time:   0.194444 s (98.73%)
  Avg Comm Time: 0.001066 s (0.54%)
  Avg CPU Time:  0.001426 s (0.72%)
  Max Total Time: 0.196943 s, Min Total Time: 0.196928 s
srun Wall Time: 1.52 seconds
--- Running with 27 cores on 4 node(s) ---
Executing: srun -N4 -n27 ./hw1_prof 100 ./testcases/05.in my_05_27cores.out
N=100, Procs=27, Avg Total Time: 0.212306 s
  Avg IO Time:   0.209828 s (98.83%)
  Avg Comm Time: 0.001455 s (0.69%)
  Avg CPU Time:  0.001023 s (0.48%)
  Max Total Time: 0.212407 s, Min Total Time: 0.212220 s
srun Wall Time: 1.59 seconds
--- Running with 28 cores on 4 node(s) ---
Executing: srun -N4 -n28 ./hw1_prof 100 ./testcases/05.in my_05_28cores.out
N=100, Procs=28, Avg Total Time: 0.259693 s
  Avg IO Time:   0.257863 s (99.30%)
  Avg Comm Time: 0.000850 s (0.33%)
  Avg CPU Time:  0.000979 s (0.38%)
  Max Total Time: 0.259705 s, Min Total Time: 0.259675 s
srun Wall Time: 1.50 seconds
--- Running with 29 cores on 4 node(s) ---
Executing: srun -N4 -n29 ./hw1_prof 100 ./testcases/05.in my_05_29cores.out
N=100, Procs=29, Avg Total Time: 0.198337 s
  Avg IO Time:   0.196357 s (99.00%)
  Avg Comm Time: 0.000858 s (0.43%)
  Avg CPU Time:  0.001121 s (0.57%)
  Max Total Time: 0.198451 s, Min Total Time: 0.198254 s
srun Wall Time: 1.82 seconds
--- Running with 30 cores on 4 node(s) ---
Executing: srun -N4 -n30 ./hw1_prof 100 ./testcases/05.in my_05_30cores.out
N=100, Procs=30, Avg Total Time: 0.198067 s
  Avg IO Time:   0.195882 s (98.90%)
  Avg Comm Time: 0.001110 s (0.56%)
  Avg CPU Time:  0.001075 s (0.54%)
  Max Total Time: 0.198180 s, Min Total Time: 0.197992 s
srun Wall Time: 1.42 seconds
--- Running with 31 cores on 4 node(s) ---
Executing: srun -N4 -n31 ./hw1_prof 100 ./testcases/05.in my_05_31cores.out
N=100, Procs=31, Avg Total Time: 0.211818 s
  Avg IO Time:   0.209190 s (98.76%)
  Avg Comm Time: 0.001110 s (0.52%)
  Avg CPU Time:  0.001518 s (0.72%)
  Max Total Time: 0.211930 s, Min Total Time: 0.211746 s
srun Wall Time: 1.49 seconds
--- Running with 32 cores on 4 node(s) ---
Executing: srun -N4 -n32 ./hw1_prof 100 ./testcases/05.in my_05_32cores.out
N=100, Procs=32, Avg Total Time: 0.239672 s
  Avg IO Time:   0.212630 s (88.72%)
  Avg Comm Time: 0.025574 s (10.67%)
  Avg CPU Time:  0.001469 s (0.61%)
  Max Total Time: 0.239878 s, Min Total Time: 0.239484 s
srun Wall Time: 1.19 seconds
--- Running with 33 cores on 4 node(s) ---
Executing: srun -N4 -n33 ./hw1_prof 100 ./testcases/05.in my_05_33cores.out
N=100, Procs=33, Avg Total Time: 0.195590 s
  Avg IO Time:   0.193725 s (99.05%)
  Avg Comm Time: 0.000830 s (0.42%)
  Avg CPU Time:  0.001035 s (0.53%)
  Max Total Time: 0.195699 s, Min Total Time: 0.195523 s
srun Wall Time: 1.36 seconds
--- Running with 34 cores on 4 node(s) ---
Executing: srun -N4 -n34 ./hw1_prof 100 ./testcases/05.in my_05_34cores.out
N=100, Procs=34, Avg Total Time: 0.215566 s
  Avg IO Time:   0.213491 s (99.04%)
  Avg Comm Time: 0.000981 s (0.45%)
  Avg CPU Time:  0.001094 s (0.51%)
  Max Total Time: 0.215675 s, Min Total Time: 0.215502 s
srun Wall Time: 1.33 seconds
--- Running with 35 cores on 4 node(s) ---
Executing: srun -N4 -n35 ./hw1_prof 100 ./testcases/05.in my_05_35cores.out
N=100, Procs=35, Avg Total Time: 0.210572 s
  Avg IO Time:   0.208646 s (99.09%)
  Avg Comm Time: 0.000818 s (0.39%)
  Avg CPU Time:  0.001108 s (0.53%)
  Max Total Time: 0.210691 s, Min Total Time: 0.210502 s
srun Wall Time: 1.50 seconds
--- Running with 36 cores on 4 node(s) ---
Executing: srun -N4 -n36 ./hw1_prof 100 ./testcases/05.in my_05_36cores.out
N=100, Procs=36, Avg Total Time: 0.413316 s
  Avg IO Time:   0.407235 s (98.53%)
  Avg Comm Time: 0.002620 s (0.63%)
  Avg CPU Time:  0.003461 s (0.84%)
  Max Total Time: 0.413450 s, Min Total Time: 0.413246 s
srun Wall Time: 1.56 seconds
--- Running with 37 cores on 4 node(s) ---
Executing: srun -N4 -n37 ./hw1_prof 100 ./testcases/05.in my_05_37cores.out
N=100, Procs=37, Avg Total Time: 0.219661 s
  Avg IO Time:   0.217540 s (99.03%)
  Avg Comm Time: 0.001094 s (0.50%)
  Avg CPU Time:  0.001027 s (0.47%)
  Max Total Time: 0.219781 s, Min Total Time: 0.219597 s
srun Wall Time: 1.45 seconds
--- Running with 38 cores on 4 node(s) ---
Executing: srun -N4 -n38 ./hw1_prof 100 ./testcases/05.in my_05_38cores.out
N=100, Procs=38, Avg Total Time: 0.217868 s
  Avg IO Time:   0.215461 s (98.89%)
  Avg Comm Time: 0.001182 s (0.54%)
  Avg CPU Time:  0.001226 s (0.56%)
  Max Total Time: 0.217987 s, Min Total Time: 0.217806 s
srun Wall Time: 1.63 seconds
--- Running with 39 cores on 4 node(s) ---
Executing: srun -N4 -n39 ./hw1_prof 100 ./testcases/05.in my_05_39cores.out
N=100, Procs=39, Avg Total Time: 0.218485 s
  Avg IO Time:   0.216328 s (99.01%)
  Avg Comm Time: 0.000873 s (0.40%)
  Avg CPU Time:  0.001283 s (0.59%)
  Max Total Time: 0.218682 s, Min Total Time: 0.218300 s
srun Wall Time: 1.66 seconds
--- Running with 40 cores on 4 node(s) ---
Executing: srun -N4 -n40 ./hw1_prof 100 ./testcases/05.in my_05_40cores.out
N=100, Procs=40, Avg Total Time: 0.192304 s
  Avg IO Time:   0.190219 s (98.92%)
  Avg Comm Time: 0.000920 s (0.48%)
  Avg CPU Time:  0.001165 s (0.61%)
  Max Total Time: 0.192319 s, Min Total Time: 0.192291 s
srun Wall Time: 1.36 seconds
--- Running with 41 cores on 4 node(s) ---
Executing: srun -N4 -n41 ./hw1_prof 100 ./testcases/05.in my_05_41cores.out
srun: job 206559 queued and waiting for resources
srun: job 206559 has been allocated resources
N=100, Procs=41, Avg Total Time: 0.299193 s
  Avg IO Time:   0.295629 s (98.81%)
  Avg Comm Time: 0.001766 s (0.59%)
  Avg CPU Time:  0.001798 s (0.60%)
  Max Total Time: 0.299398 s, Min Total Time: 0.299023 s
srun Wall Time: 2.62 seconds
--- Running with 42 cores on 4 node(s) ---
Executing: srun -N4 -n42 ./hw1_prof 100 ./testcases/05.in my_05_42cores.out
N=100, Procs=42, Avg Total Time: 0.204201 s
  Avg IO Time:   0.201882 s (98.86%)
  Avg Comm Time: 0.000994 s (0.49%)
  Avg CPU Time:  0.001325 s (0.65%)
  Max Total Time: 0.204409 s, Min Total Time: 0.204044 s
srun Wall Time: 1.44 seconds
--- Running with 43 cores on 4 node(s) ---
Executing: srun -N4 -n43 ./hw1_prof 100 ./testcases/05.in my_05_43cores.out
N=100, Procs=43, Avg Total Time: 0.189746 s
  Avg IO Time:   0.187652 s (98.90%)
  Avg Comm Time: 0.000960 s (0.51%)
  Avg CPU Time:  0.001134 s (0.60%)
  Max Total Time: 0.189959 s, Min Total Time: 0.189594 s
srun Wall Time: 1.40 seconds
--- Running with 44 cores on 4 node(s) ---
Executing: srun -N4 -n44 ./hw1_prof 100 ./testcases/05.in my_05_44cores.out
N=100, Procs=44, Avg Total Time: 0.215875 s
  Avg IO Time:   0.210848 s (97.67%)
  Avg Comm Time: 0.001303 s (0.60%)
  Avg CPU Time:  0.003725 s (1.73%)
  Max Total Time: 0.221861 s, Min Total Time: 0.213629 s
srun Wall Time: 1.48 seconds
--- Running with 45 cores on 4 node(s) ---
Executing: srun -N4 -n45 ./hw1_prof 100 ./testcases/05.in my_05_45cores.out
N=100, Procs=45, Avg Total Time: 0.219761 s
  Avg IO Time:   0.217158 s (98.82%)
  Avg Comm Time: 0.001177 s (0.54%)
  Avg CPU Time:  0.001426 s (0.65%)
  Max Total Time: 0.219975 s, Min Total Time: 0.219608 s
srun Wall Time: 1.60 seconds
--- Running with 46 cores on 4 node(s) ---
Executing: srun -N4 -n46 ./hw1_prof 100 ./testcases/05.in my_05_46cores.out
N=100, Procs=46, Avg Total Time: 0.197131 s
  Avg IO Time:   0.194787 s (98.81%)
  Avg Comm Time: 0.001136 s (0.58%)
  Avg CPU Time:  0.001208 s (0.61%)
  Max Total Time: 0.197357 s, Min Total Time: 0.196983 s
srun Wall Time: 1.47 seconds
--- Running with 47 cores on 4 node(s) ---
Executing: srun -N4 -n47 ./hw1_prof 100 ./testcases/05.in my_05_47cores.out
N=100, Procs=47, Avg Total Time: 0.223128 s
  Avg IO Time:   0.220706 s (98.91%)
  Avg Comm Time: 0.000785 s (0.35%)
  Avg CPU Time:  0.001637 s (0.73%)
  Max Total Time: 0.223359 s, Min Total Time: 0.222985 s
srun Wall Time: 1.48 seconds
--- Running with 48 cores on 4 node(s) ---
Executing: srun -N4 -n48 ./hw1_prof 100 ./testcases/05.in my_05_48cores.out
N=100, Procs=48, Avg Total Time: 0.247002 s
  Avg IO Time:   0.244493 s (98.98%)
  Avg Comm Time: 0.001033 s (0.42%)
  Avg CPU Time:  0.001476 s (0.60%)
  Max Total Time: 0.247232 s, Min Total Time: 0.246853 s
srun Wall Time: 1.74 seconds
