Starting experiments for testcase 39 (N=536870864)
--- Running with 1 cores on 4 node(s) ---
Executing: srun -N4 -n1 ./hw1_prof 536870864 ./testcases/39.in my_39_1cores.out
srun: warning: can't run 1 processes on 4 nodes, setting nnodes to 1
N=536870864, Procs=1, Avg Total Time: 23.214807 s
  Avg IO Time:   3.950594 s (17.02%)
  Avg Comm Time: 0.000033 s (0.00%)
  Avg CPU Time:  19.264180 s (82.98%)
  Max Total Time: 23.214807 s, Min Total Time: 23.214807 s
srun Wall Time: 23.80 seconds
--- Running with 2 cores on 4 node(s) ---
Executing: srun -N4 -n2 ./hw1_prof 536870864 ./testcases/39.in my_39_2cores.out
srun: warning: can't run 2 processes on 4 nodes, setting nnodes to 2
N=536870864, Procs=2, Avg Total Time: 13.686958 s
  Avg IO Time:   1.739764 s (12.71%)
  Avg Comm Time: 0.862728 s (6.30%)
  Avg CPU Time:  11.084467 s (80.99%)
  Max Total Time: 13.686965 s, Min Total Time: 13.686952 s
srun Wall Time: 14.46 seconds
--- Running with 3 cores on 4 node(s) ---
Executing: srun -N4 -n3 ./hw1_prof 536870864 ./testcases/39.in my_39_3cores.out
srun: warning: can't run 3 processes on 4 nodes, setting nnodes to 3
N=536870864, Procs=3, Avg Total Time: 13.379270 s
  Avg IO Time:   2.614277 s (19.54%)
  Avg Comm Time: 2.252623 s (16.84%)
  Avg CPU Time:  8.512370 s (63.62%)
  Max Total Time: 13.379579 s, Min Total Time: 13.379109 s
srun Wall Time: 14.18 seconds
--- Running with 4 cores on 4 node(s) ---
Executing: srun -N4 -n4 ./hw1_prof 536870864 ./testcases/39.in my_39_4cores.out
N=536870864, Procs=4, Avg Total Time: 9.034218 s
  Avg IO Time:   1.065915 s (11.80%)
  Avg Comm Time: 1.294116 s (14.32%)
  Avg CPU Time:  6.674186 s (73.88%)
  Max Total Time: 9.034333 s, Min Total Time: 9.034102 s
srun Wall Time: 9.79 seconds
--- Running with 5 cores on 4 node(s) ---
Executing: srun -N4 -n5 ./hw1_prof 536870864 ./testcases/39.in my_39_5cores.out
N=536870864, Procs=5, Avg Total Time: 9.087380 s
  Avg IO Time:   1.526211 s (16.79%)
  Avg Comm Time: 1.819642 s (20.02%)
  Avg CPU Time:  5.741527 s (63.18%)
  Max Total Time: 9.087386 s, Min Total Time: 9.087374 s
srun Wall Time: 9.92 seconds
--- Running with 6 cores on 4 node(s) ---
Executing: srun -N4 -n6 ./hw1_prof 536870864 ./testcases/39.in my_39_6cores.out
N=536870864, Procs=6, Avg Total Time: 8.191970 s
  Avg IO Time:   1.835054 s (22.40%)
  Avg Comm Time: 1.251233 s (15.27%)
  Avg CPU Time:  5.105683 s (62.33%)
  Max Total Time: 8.191986 s, Min Total Time: 8.191927 s
srun Wall Time: 8.98 seconds
--- Running with 7 cores on 4 node(s) ---
Executing: srun -N4 -n7 ./hw1_prof 536870864 ./testcases/39.in my_39_7cores.out
N=536870864, Procs=7, Avg Total Time: 8.174960 s
  Avg IO Time:   2.019258 s (24.70%)
  Avg Comm Time: 1.523955 s (18.64%)
  Avg CPU Time:  4.631747 s (56.66%)
  Max Total Time: 8.174964 s, Min Total Time: 8.174954 s
srun Wall Time: 9.33 seconds
--- Running with 8 cores on 4 node(s) ---
Executing: srun -N4 -n8 ./hw1_prof 536870864 ./testcases/39.in my_39_8cores.out
N=536870864, Procs=8, Avg Total Time: 7.964403 s
  Avg IO Time:   2.281900 s (28.65%)
  Avg Comm Time: 1.431777 s (17.98%)
  Avg CPU Time:  4.250726 s (53.37%)
  Max Total Time: 7.964705 s, Min Total Time: 7.964325 s
srun Wall Time: 8.76 seconds
--- Running with 9 cores on 4 node(s) ---
Executing: srun -N4 -n9 ./hw1_prof 536870864 ./testcases/39.in my_39_9cores.out
N=536870864, Procs=9, Avg Total Time: 8.025641 s
  Avg IO Time:   1.926389 s (24.00%)
  Avg Comm Time: 2.071122 s (25.81%)
  Avg CPU Time:  4.028130 s (50.19%)
  Max Total Time: 8.025650 s, Min Total Time: 8.025629 s
srun Wall Time: 8.93 seconds
--- Running with 10 cores on 4 node(s) ---
Executing: srun -N4 -n10 ./hw1_prof 536870864 ./testcases/39.in my_39_10cores.out
srun: job 209943 queued and waiting for resources
srun: job 209943 has been allocated resources
N=536870864, Procs=10, Avg Total Time: 7.538347 s
  Avg IO Time:   1.954426 s (25.93%)
  Avg Comm Time: 1.809488 s (24.00%)
  Avg CPU Time:  3.774433 s (50.07%)
  Max Total Time: 7.538371 s, Min Total Time: 7.538296 s
srun Wall Time: 8.68 seconds
--- Running with 11 cores on 4 node(s) ---
Executing: srun -N4 -n11 ./hw1_prof 536870864 ./testcases/39.in my_39_11cores.out
srun: job 209956 queued and waiting for resources
srun: job 209956 has been allocated resources
N=536870864, Procs=11, Avg Total Time: 7.793497 s
  Avg IO Time:   1.896302 s (24.33%)
  Avg Comm Time: 2.266739 s (29.08%)
  Avg CPU Time:  3.630456 s (46.58%)
  Max Total Time: 7.793504 s, Min Total Time: 7.793487 s
srun Wall Time: 10.39 seconds
--- Running with 12 cores on 4 node(s) ---
Executing: srun -N4 -n12 ./hw1_prof 536870864 ./testcases/39.in my_39_12cores.out
srun: job 209961 queued and waiting for resources
srun: job 209961 has been allocated resources
N=536870864, Procs=12, Avg Total Time: 7.963007 s
  Avg IO Time:   2.381120 s (29.90%)
  Avg Comm Time: 2.061893 s (25.89%)
  Avg CPU Time:  3.519994 s (44.20%)
  Max Total Time: 7.963013 s, Min Total Time: 7.962996 s
srun Wall Time: 14.74 seconds
--- Running with 13 cores on 4 node(s) ---
Executing: srun -N4 -n13 ./hw1_prof 536870864 ./testcases/39.in my_39_13cores.out
srun: job 209964 queued and waiting for resources
srun: job 209964 has been allocated resources
N=536870864, Procs=13, Avg Total Time: 8.561938 s
  Avg IO Time:   2.487961 s (29.06%)
  Avg Comm Time: 2.609230 s (30.47%)
  Avg CPU Time:  3.464747 s (40.47%)
  Max Total Time: 8.561946 s, Min Total Time: 8.561914 s
srun Wall Time: 9.66 seconds
--- Running with 14 cores on 4 node(s) ---
Executing: srun -N4 -n14 ./hw1_prof 536870864 ./testcases/39.in my_39_14cores.out
N=536870864, Procs=14, Avg Total Time: 7.753584 s
  Avg IO Time:   2.116916 s (27.30%)
  Avg Comm Time: 2.303724 s (29.71%)
  Avg CPU Time:  3.332944 s (42.99%)
  Max Total Time: 7.754077 s, Min Total Time: 7.747235 s
srun Wall Time: 8.71 seconds
--- Running with 15 cores on 4 node(s) ---
Executing: srun -N4 -n15 ./hw1_prof 536870864 ./testcases/39.in my_39_15cores.out
N=536870864, Procs=15, Avg Total Time: 8.404494 s
  Avg IO Time:   2.584757 s (30.75%)
  Avg Comm Time: 2.528257 s (30.08%)
  Avg CPU Time:  3.291479 s (39.16%)
  Max Total Time: 8.404504 s, Min Total Time: 8.404484 s
srun Wall Time: 9.60 seconds
--- Running with 16 cores on 4 node(s) ---
Executing: srun -N4 -n16 ./hw1_prof 536870864 ./testcases/39.in my_39_16cores.out
N=536870864, Procs=16, Avg Total Time: 8.000194 s
  Avg IO Time:   2.344232 s (29.30%)
  Avg Comm Time: 2.521180 s (31.51%)
  Avg CPU Time:  3.134782 s (39.18%)
  Max Total Time: 8.000554 s, Min Total Time: 8.000120 s
srun Wall Time: 9.03 seconds
--- Running with 17 cores on 4 node(s) ---
Executing: srun -N4 -n17 ./hw1_prof 536870864 ./testcases/39.in my_39_17cores.out
N=536870864, Procs=17, Avg Total Time: 7.775248 s
  Avg IO Time:   1.943837 s (25.00%)
  Avg Comm Time: 2.802207 s (36.04%)
  Avg CPU Time:  3.029204 s (38.96%)
  Max Total Time: 7.775258 s, Min Total Time: 7.775239 s
srun Wall Time: 8.73 seconds
--- Running with 18 cores on 4 node(s) ---
Executing: srun -N4 -n18 ./hw1_prof 536870864 ./testcases/39.in my_39_18cores.out
N=536870864, Procs=18, Avg Total Time: 12.825923 s
  Avg IO Time:   7.609669 s (59.33%)
  Avg Comm Time: 2.423917 s (18.90%)
  Avg CPU Time:  2.792337 s (21.77%)
  Max Total Time: 12.825928 s, Min Total Time: 12.825914 s
srun Wall Time: 13.97 seconds
--- Running with 19 cores on 4 node(s) ---
Executing: srun -N4 -n19 ./hw1_prof 536870864 ./testcases/39.in my_39_19cores.out
N=536870864, Procs=19, Avg Total Time: 7.534227 s
  Avg IO Time:   2.060899 s (27.35%)
  Avg Comm Time: 2.656546 s (35.26%)
  Avg CPU Time:  2.816783 s (37.39%)
  Max Total Time: 7.534237 s, Min Total Time: 7.534220 s
srun Wall Time: 8.53 seconds
--- Running with 20 cores on 4 node(s) ---
Executing: srun -N4 -n20 ./hw1_prof 536870864 ./testcases/39.in my_39_20cores.out
N=536870864, Procs=20, Avg Total Time: 7.080928 s
  Avg IO Time:   1.930255 s (27.26%)
  Avg Comm Time: 2.449101 s (34.59%)
  Avg CPU Time:  2.701572 s (38.15%)
  Max Total Time: 7.080934 s, Min Total Time: 7.080922 s
srun Wall Time: 8.12 seconds
--- Running with 21 cores on 4 node(s) ---
Executing: srun -N4 -n21 ./hw1_prof 536870864 ./testcases/39.in my_39_21cores.out
N=536870864, Procs=21, Avg Total Time: 8.703610 s
  Avg IO Time:   3.395158 s (39.01%)
  Avg Comm Time: 2.636176 s (30.29%)
  Avg CPU Time:  2.672276 s (30.70%)
  Max Total Time: 8.703620 s, Min Total Time: 8.703600 s
srun Wall Time: 9.80 seconds
--- Running with 22 cores on 4 node(s) ---
Executing: srun -N4 -n22 ./hw1_prof 536870864 ./testcases/39.in my_39_22cores.out
N=536870864, Procs=22, Avg Total Time: 6.861568 s
  Avg IO Time:   1.778226 s (25.92%)
  Avg Comm Time: 2.512413 s (36.62%)
  Avg CPU Time:  2.570928 s (37.47%)
  Max Total Time: 6.861579 s, Min Total Time: 6.861555 s
srun Wall Time: 8.18 seconds
--- Running with 23 cores on 4 node(s) ---
Executing: srun -N4 -n23 ./hw1_prof 536870864 ./testcases/39.in my_39_23cores.out
N=536870864, Procs=23, Avg Total Time: 6.706067 s
  Avg IO Time:   1.585671 s (23.65%)
  Avg Comm Time: 2.579960 s (38.47%)
  Avg CPU Time:  2.540435 s (37.88%)
  Max Total Time: 6.706078 s, Min Total Time: 6.706056 s
srun Wall Time: 7.79 seconds
--- Running with 24 cores on 4 node(s) ---
Executing: srun -N4 -n24 ./hw1_prof 536870864 ./testcases/39.in my_39_24cores.out
N=536870864, Procs=24, Avg Total Time: 6.647028 s
  Avg IO Time:   1.689810 s (25.42%)
  Avg Comm Time: 2.455176 s (36.94%)
  Avg CPU Time:  2.502042 s (37.64%)
  Max Total Time: 6.647041 s, Min Total Time: 6.647015 s
srun Wall Time: 7.81 seconds
--- Running with 25 cores on 4 node(s) ---
Executing: srun -N4 -n25 ./hw1_prof 536870864 ./testcases/39.in my_39_25cores.out
N=536870864, Procs=25, Avg Total Time: 6.664016 s
  Avg IO Time:   1.589940 s (23.86%)
  Avg Comm Time: 2.582849 s (38.76%)
  Avg CPU Time:  2.491226 s (37.38%)
  Max Total Time: 6.664026 s, Min Total Time: 6.664005 s
srun Wall Time: 7.95 seconds
--- Running with 26 cores on 4 node(s) ---
Executing: srun -N4 -n26 ./hw1_prof 536870864 ./testcases/39.in my_39_26cores.out
N=536870864, Procs=26, Avg Total Time: 6.511311 s
  Avg IO Time:   1.665754 s (25.58%)
  Avg Comm Time: 2.397504 s (36.82%)
  Avg CPU Time:  2.448053 s (37.60%)
  Max Total Time: 6.511324 s, Min Total Time: 6.511298 s
srun Wall Time: 7.69 seconds
--- Running with 27 cores on 4 node(s) ---
Executing: srun -N4 -n27 ./hw1_prof 536870864 ./testcases/39.in my_39_27cores.out
N=536870864, Procs=27, Avg Total Time: 6.827568 s
  Avg IO Time:   1.815289 s (26.59%)
  Avg Comm Time: 2.591629 s (37.96%)
  Avg CPU Time:  2.420650 s (35.45%)
  Max Total Time: 6.827671 s, Min Total Time: 6.827478 s
srun Wall Time: 8.10 seconds
--- Running with 28 cores on 4 node(s) ---
Executing: srun -N4 -n28 ./hw1_prof 536870864 ./testcases/39.in my_39_28cores.out
N=536870864, Procs=28, Avg Total Time: 6.418535 s
  Avg IO Time:   1.581189 s (24.63%)
  Avg Comm Time: 2.459820 s (38.32%)
  Avg CPU Time:  2.377525 s (37.04%)
  Max Total Time: 6.418546 s, Min Total Time: 6.418519 s
srun Wall Time: 7.63 seconds
--- Running with 29 cores on 4 node(s) ---
Executing: srun -N4 -n29 ./hw1_prof 536870864 ./testcases/39.in my_39_29cores.out
N=536870864, Procs=29, Avg Total Time: 6.629644 s
  Avg IO Time:   1.763556 s (26.60%)
  Avg Comm Time: 2.493828 s (37.62%)
  Avg CPU Time:  2.372260 s (35.78%)
  Max Total Time: 6.629753 s, Min Total Time: 6.629559 s
srun Wall Time: 7.97 seconds
--- Running with 30 cores on 4 node(s) ---
Executing: srun -N4 -n30 ./hw1_prof 536870864 ./testcases/39.in my_39_30cores.out
N=536870864, Procs=30, Avg Total Time: 6.181786 s
  Avg IO Time:   1.422474 s (23.01%)
  Avg Comm Time: 2.543977 s (41.15%)
  Avg CPU Time:  2.215335 s (35.84%)
  Max Total Time: 6.181891 s, Min Total Time: 6.181709 s
srun Wall Time: 7.46 seconds
--- Running with 31 cores on 4 node(s) ---
Executing: srun -N4 -n31 ./hw1_prof 536870864 ./testcases/39.in my_39_31cores.out
N=536870864, Procs=31, Avg Total Time: 6.366293 s
  Avg IO Time:   1.594596 s (25.05%)
  Avg Comm Time: 2.532307 s (39.78%)
  Avg CPU Time:  2.239390 s (35.18%)
  Max Total Time: 6.366417 s, Min Total Time: 6.366207 s
srun Wall Time: 7.63 seconds
--- Running with 32 cores on 4 node(s) ---
Executing: srun -N4 -n32 ./hw1_prof 536870864 ./testcases/39.in my_39_32cores.out
N=536870864, Procs=32, Avg Total Time: 6.677965 s
  Avg IO Time:   1.846686 s (27.65%)
  Avg Comm Time: 2.490998 s (37.30%)
  Avg CPU Time:  2.340282 s (35.04%)
  Max Total Time: 6.678141 s, Min Total Time: 6.677799 s
srun Wall Time: 7.62 seconds
--- Running with 33 cores on 4 node(s) ---
Executing: srun -N4 -n33 ./hw1_prof 536870864 ./testcases/39.in my_39_33cores.out
N=536870864, Procs=33, Avg Total Time: 6.611676 s
  Avg IO Time:   1.721176 s (26.03%)
  Avg Comm Time: 2.582787 s (39.06%)
  Avg CPU Time:  2.307713 s (34.90%)
  Max Total Time: 6.611792 s, Min Total Time: 6.611599 s
srun Wall Time: 7.71 seconds
--- Running with 34 cores on 4 node(s) ---
Executing: srun -N4 -n34 ./hw1_prof 536870864 ./testcases/39.in my_39_34cores.out
N=536870864, Procs=34, Avg Total Time: 6.090151 s
  Avg IO Time:   1.379039 s (22.64%)
  Avg Comm Time: 2.533070 s (41.59%)
  Avg CPU Time:  2.178043 s (35.76%)
  Max Total Time: 6.090288 s, Min Total Time: 6.090062 s
srun Wall Time: 7.39 seconds
--- Running with 35 cores on 4 node(s) ---
Executing: srun -N4 -n35 ./hw1_prof 536870864 ./testcases/39.in my_39_35cores.out
N=536870864, Procs=35, Avg Total Time: 6.292881 s
  Avg IO Time:   1.505226 s (23.92%)
  Avg Comm Time: 2.519901 s (40.04%)
  Avg CPU Time:  2.267753 s (36.04%)
  Max Total Time: 6.292995 s, Min Total Time: 6.292818 s
srun Wall Time: 7.38 seconds
--- Running with 36 cores on 4 node(s) ---
Executing: srun -N4 -n36 ./hw1_prof 536870864 ./testcases/39.in my_39_36cores.out
N=536870864, Procs=36, Avg Total Time: 6.063516 s
  Avg IO Time:   1.421372 s (23.44%)
  Avg Comm Time: 2.442479 s (40.28%)
  Avg CPU Time:  2.199665 s (36.28%)
  Max Total Time: 6.063642 s, Min Total Time: 6.063439 s
srun Wall Time: 7.23 seconds
--- Running with 37 cores on 4 node(s) ---
Executing: srun -N4 -n37 ./hw1_prof 536870864 ./testcases/39.in my_39_37cores.out
N=536870864, Procs=37, Avg Total Time: 6.358711 s
  Avg IO Time:   1.502434 s (23.63%)
  Avg Comm Time: 2.550059 s (40.10%)
  Avg CPU Time:  2.306218 s (36.27%)
  Max Total Time: 6.358867 s, Min Total Time: 6.358624 s
srun Wall Time: 7.59 seconds
--- Running with 38 cores on 4 node(s) ---
Executing: srun -N4 -n38 ./hw1_prof 536870864 ./testcases/39.in my_39_38cores.out
N=536870864, Procs=38, Avg Total Time: 6.228692 s
  Avg IO Time:   1.448479 s (23.25%)
  Avg Comm Time: 2.484110 s (39.88%)
  Avg CPU Time:  2.296104 s (36.86%)
  Max Total Time: 6.228820 s, Min Total Time: 6.228626 s
srun Wall Time: 7.38 seconds
--- Running with 39 cores on 4 node(s) ---
Executing: srun -N4 -n39 ./hw1_prof 536870864 ./testcases/39.in my_39_39cores.out
N=536870864, Procs=39, Avg Total Time: 6.160455 s
  Avg IO Time:   1.491569 s (24.21%)
  Avg Comm Time: 2.462452 s (39.97%)
  Avg CPU Time:  2.206434 s (35.82%)
  Max Total Time: 6.160659 s, Min Total Time: 6.160276 s
srun Wall Time: 7.48 seconds
--- Running with 40 cores on 4 node(s) ---
Executing: srun -N4 -n40 ./hw1_prof 536870864 ./testcases/39.in my_39_40cores.out
N=536870864, Procs=40, Avg Total Time: 6.245173 s
  Avg IO Time:   1.670149 s (26.74%)
  Avg Comm Time: 2.401309 s (38.45%)
  Avg CPU Time:  2.173715 s (34.81%)
  Max Total Time: 6.245187 s, Min Total Time: 6.245160 s
srun Wall Time: 7.41 seconds
--- Running with 41 cores on 4 node(s) ---
Executing: srun -N4 -n41 ./hw1_prof 536870864 ./testcases/39.in my_39_41cores.out
N=536870864, Procs=41, Avg Total Time: 6.126840 s
  Avg IO Time:   1.460673 s (23.84%)
  Avg Comm Time: 2.503242 s (40.86%)
  Avg CPU Time:  2.162925 s (35.30%)
  Max Total Time: 6.127039 s, Min Total Time: 6.126672 s
srun Wall Time: 7.31 seconds
--- Running with 42 cores on 4 node(s) ---
Executing: srun -N4 -n42 ./hw1_prof 536870864 ./testcases/39.in my_39_42cores.out
N=536870864, Procs=42, Avg Total Time: 6.278921 s
  Avg IO Time:   1.716362 s (27.34%)
  Avg Comm Time: 2.488700 s (39.64%)
  Avg CPU Time:  2.073859 s (33.03%)
  Max Total Time: 6.279148 s, Min Total Time: 6.278762 s
srun Wall Time: 7.53 seconds
--- Running with 43 cores on 4 node(s) ---
Executing: srun -N4 -n43 ./hw1_prof 536870864 ./testcases/39.in my_39_43cores.out
N=536870864, Procs=43, Avg Total Time: 6.060671 s
  Avg IO Time:   1.387363 s (22.89%)
  Avg Comm Time: 2.588846 s (42.72%)
  Avg CPU Time:  2.084462 s (34.39%)
  Max Total Time: 6.060889 s, Min Total Time: 6.060516 s
srun Wall Time: 7.27 seconds
--- Running with 44 cores on 4 node(s) ---
Executing: srun -N4 -n44 ./hw1_prof 536870864 ./testcases/39.in my_39_44cores.out
N=536870864, Procs=44, Avg Total Time: 5.890304 s
  Avg IO Time:   1.364027 s (23.16%)
  Avg Comm Time: 2.477976 s (42.07%)
  Avg CPU Time:  2.048302 s (34.77%)
  Max Total Time: 5.896292 s, Min Total Time: 5.888048 s
srun Wall Time: 8.18 seconds
--- Running with 45 cores on 4 node(s) ---
Executing: srun -N4 -n45 ./hw1_prof 536870864 ./testcases/39.in my_39_45cores.out
N=536870864, Procs=45, Avg Total Time: 6.346850 s
  Avg IO Time:   1.667967 s (26.28%)
  Avg Comm Time: 2.556843 s (40.29%)
  Avg CPU Time:  2.122041 s (33.43%)
  Max Total Time: 6.347083 s, Min Total Time: 6.346696 s
srun Wall Time: 7.60 seconds
--- Running with 46 cores on 4 node(s) ---
Executing: srun -N4 -n46 ./hw1_prof 536870864 ./testcases/39.in my_39_46cores.out
N=536870864, Procs=46, Avg Total Time: 5.941599 s
  Avg IO Time:   1.301231 s (21.90%)
  Avg Comm Time: 2.563701 s (43.15%)
  Avg CPU Time:  2.076667 s (34.95%)
  Max Total Time: 5.941836 s, Min Total Time: 5.941455 s
srun Wall Time: 7.20 seconds
--- Running with 47 cores on 4 node(s) ---
Executing: srun -N4 -n47 ./hw1_prof 536870864 ./testcases/39.in my_39_47cores.out
N=536870864, Procs=47, Avg Total Time: 5.885355 s
  Avg IO Time:   1.217806 s (20.69%)
  Avg Comm Time: 2.534715 s (43.07%)
  Avg CPU Time:  2.132834 s (36.24%)
  Max Total Time: 5.885586 s, Min Total Time: 5.885206 s
srun Wall Time: 7.15 seconds
--- Running with 48 cores on 4 node(s) ---
Executing: srun -N4 -n48 ./hw1_prof 536870864 ./testcases/39.in my_39_48cores.out
N=536870864, Procs=48, Avg Total Time: 6.119143 s
  Avg IO Time:   1.539459 s (25.16%)
  Avg Comm Time: 2.481365 s (40.55%)
  Avg CPU Time:  2.098319 s (34.29%)
  Max Total Time: 6.119389 s, Min Total Time: 6.118996 s
srun Wall Time: 7.38 seconds
