Starting experiments for testcase 21 (N=12347)
--- Running with 1 cores on 4 node(s) ---
Executing: srun -N4 -n1 ./hw1_prof 12347 ./testcases/21.in my_21_1cores.out
srun: warning: can't run 1 processes on 4 nodes, setting nnodes to 1
N=12347, Procs=1, Avg Total Time: 0.030727 s
  Avg IO Time:   0.022466 s (73.11%)
  Avg Comm Time: 0.000003 s (0.01%)
  Avg CPU Time:  0.008258 s (26.88%)
  Max Total Time: 0.030727 s, Min Total Time: 0.030727 s
srun Wall Time: 0.65 seconds
--- Running with 2 cores on 4 node(s) ---
Executing: srun -N4 -n2 ./hw1_prof 12347 ./testcases/21.in my_21_2cores.out
srun: warning: can't run 2 processes on 4 nodes, setting nnodes to 2
N=12347, Procs=2, Avg Total Time: 0.030074 s
  Avg IO Time:   0.026873 s (89.35%)
  Avg Comm Time: 0.002738 s (9.10%)
  Avg CPU Time:  0.000464 s (1.54%)
  Max Total Time: 0.030076 s, Min Total Time: 0.030072 s
srun Wall Time: 0.55 seconds
--- Running with 3 cores on 4 node(s) ---
Executing: srun -N4 -n3 ./hw1_prof 12347 ./testcases/21.in my_21_3cores.out
srun: warning: can't run 3 processes on 4 nodes, setting nnodes to 3
N=12347, Procs=3, Avg Total Time: 0.031584 s
  Avg IO Time:   0.028289 s (89.57%)
  Avg Comm Time: 0.002774 s (8.78%)
  Avg CPU Time:  0.000521 s (1.65%)
  Max Total Time: 0.031959 s, Min Total Time: 0.031388 s
srun Wall Time: 0.86 seconds
--- Running with 4 cores on 4 node(s) ---
Executing: srun -N4 -n4 ./hw1_prof 12347 ./testcases/21.in my_21_4cores.out
N=12347, Procs=4, Avg Total Time: 0.036070 s
  Avg IO Time:   0.025984 s (72.04%)
  Avg Comm Time: 0.009595 s (26.60%)
  Avg CPU Time:  0.000492 s (1.36%)
  Max Total Time: 0.036177 s, Min Total Time: 0.035965 s
srun Wall Time: 0.62 seconds
--- Running with 5 cores on 4 node(s) ---
Executing: srun -N4 -n5 ./hw1_prof 12347 ./testcases/21.in my_21_5cores.out
N=12347, Procs=5, Avg Total Time: 0.034545 s
  Avg IO Time:   0.033637 s (97.37%)
  Avg Comm Time: 0.000487 s (1.41%)
  Avg CPU Time:  0.000421 s (1.22%)
  Max Total Time: 0.034548 s, Min Total Time: 0.034543 s
srun Wall Time: 1.79 seconds
--- Running with 6 cores on 4 node(s) ---
Executing: srun -N4 -n6 ./hw1_prof 12347 ./testcases/21.in my_21_6cores.out
N=12347, Procs=6, Avg Total Time: 0.082961 s
  Avg IO Time:   0.080768 s (97.36%)
  Avg Comm Time: 0.001300 s (1.57%)
  Avg CPU Time:  0.000892 s (1.08%)
  Max Total Time: 0.082969 s, Min Total Time: 0.082951 s
srun Wall Time: 0.84 seconds
--- Running with 7 cores on 4 node(s) ---
Executing: srun -N4 -n7 ./hw1_prof 12347 ./testcases/21.in my_21_7cores.out
N=12347, Procs=7, Avg Total Time: 0.064161 s
  Avg IO Time:   0.059782 s (93.17%)
  Avg Comm Time: 0.003570 s (5.56%)
  Avg CPU Time:  0.000809 s (1.26%)
  Max Total Time: 0.064167 s, Min Total Time: 0.064157 s
srun Wall Time: 0.84 seconds
--- Running with 8 cores on 4 node(s) ---
Executing: srun -N4 -n8 ./hw1_prof 12347 ./testcases/21.in my_21_8cores.out
N=12347, Procs=8, Avg Total Time: 0.100906 s
  Avg IO Time:   0.082142 s (81.40%)
  Avg Comm Time: 0.017963 s (17.80%)
  Avg CPU Time:  0.000801 s (0.79%)
  Max Total Time: 0.101179 s, Min Total Time: 0.100838 s
srun Wall Time: 0.89 seconds
--- Running with 9 cores on 4 node(s) ---
Executing: srun -N4 -n9 ./hw1_prof 12347 ./testcases/21.in my_21_9cores.out
N=12347, Procs=9, Avg Total Time: 0.113516 s
  Avg IO Time:   0.108854 s (95.89%)
  Avg Comm Time: 0.003677 s (3.24%)
  Avg CPU Time:  0.000985 s (0.87%)
  Max Total Time: 0.113521 s, Min Total Time: 0.113512 s
srun Wall Time: 0.94 seconds
--- Running with 10 cores on 4 node(s) ---
Executing: srun -N4 -n10 ./hw1_prof 12347 ./testcases/21.in my_21_10cores.out
N=12347, Procs=10, Avg Total Time: 0.159213 s
  Avg IO Time:   0.154279 s (96.90%)
  Avg Comm Time: 0.003739 s (2.35%)
  Avg CPU Time:  0.001194 s (0.75%)
  Max Total Time: 0.159224 s, Min Total Time: 0.159201 s
srun Wall Time: 1.07 seconds
--- Running with 11 cores on 4 node(s) ---
Executing: srun -N4 -n11 ./hw1_prof 12347 ./testcases/21.in my_21_11cores.out
N=12347, Procs=11, Avg Total Time: 0.134046 s
  Avg IO Time:   0.132325 s (98.72%)
  Avg Comm Time: 0.000759 s (0.57%)
  Avg CPU Time:  0.000962 s (0.72%)
  Max Total Time: 0.134050 s, Min Total Time: 0.134043 s
srun Wall Time: 1.05 seconds
--- Running with 12 cores on 4 node(s) ---
Executing: srun -N4 -n12 ./hw1_prof 12347 ./testcases/21.in my_21_12cores.out
N=12347, Procs=12, Avg Total Time: 0.143424 s
  Avg IO Time:   0.141572 s (98.71%)
  Avg Comm Time: 0.000982 s (0.68%)
  Avg CPU Time:  0.000869 s (0.61%)
  Max Total Time: 0.143431 s, Min Total Time: 0.143415 s
srun Wall Time: 1.07 seconds
--- Running with 13 cores on 4 node(s) ---
Executing: srun -N4 -n13 ./hw1_prof 12347 ./testcases/21.in my_21_13cores.out
N=12347, Procs=13, Avg Total Time: 0.959142 s
  Avg IO Time:   0.953851 s (99.45%)
  Avg Comm Time: 0.004591 s (0.48%)
  Avg CPU Time:  0.000700 s (0.07%)
  Max Total Time: 0.959152 s, Min Total Time: 0.959133 s
srun Wall Time: 1.97 seconds
--- Running with 14 cores on 4 node(s) ---
Executing: srun -N4 -n14 ./hw1_prof 12347 ./testcases/21.in my_21_14cores.out
N=12347, Procs=14, Avg Total Time: 0.145082 s
  Avg IO Time:   0.141831 s (97.76%)
  Avg Comm Time: 0.000963 s (0.66%)
  Avg CPU Time:  0.002289 s (1.58%)
  Max Total Time: 0.145124 s, Min Total Time: 0.144626 s
srun Wall Time: 1.25 seconds
--- Running with 15 cores on 4 node(s) ---
Executing: srun -N4 -n15 ./hw1_prof 12347 ./testcases/21.in my_21_15cores.out
N=12347, Procs=15, Avg Total Time: 0.182599 s
  Avg IO Time:   0.177901 s (97.43%)
  Avg Comm Time: 0.003854 s (2.11%)
  Avg CPU Time:  0.000843 s (0.46%)
  Max Total Time: 0.182610 s, Min Total Time: 0.182590 s
srun Wall Time: 1.28 seconds
--- Running with 16 cores on 4 node(s) ---
Executing: srun -N4 -n16 ./hw1_prof 12347 ./testcases/21.in my_21_16cores.out
N=12347, Procs=16, Avg Total Time: 0.177501 s
  Avg IO Time:   0.157963 s (88.99%)
  Avg Comm Time: 0.018701 s (10.54%)
  Avg CPU Time:  0.000837 s (0.47%)
  Max Total Time: 0.177866 s, Min Total Time: 0.177426 s
srun Wall Time: 1.12 seconds
--- Running with 17 cores on 4 node(s) ---
Executing: srun -N4 -n17 ./hw1_prof 12347 ./testcases/21.in my_21_17cores.out
N=12347, Procs=17, Avg Total Time: 0.205933 s
  Avg IO Time:   0.201292 s (97.75%)
  Avg Comm Time: 0.003017 s (1.46%)
  Avg CPU Time:  0.001625 s (0.79%)
  Max Total Time: 0.205948 s, Min Total Time: 0.205919 s
srun Wall Time: 1.19 seconds
--- Running with 18 cores on 4 node(s) ---
Executing: srun -N4 -n18 ./hw1_prof 12347 ./testcases/21.in my_21_18cores.out
N=12347, Procs=18, Avg Total Time: 0.165738 s
  Avg IO Time:   0.163888 s (98.88%)
  Avg Comm Time: 0.001060 s (0.64%)
  Avg CPU Time:  0.000790 s (0.48%)
  Max Total Time: 0.165750 s, Min Total Time: 0.165731 s
srun Wall Time: 1.16 seconds
--- Running with 19 cores on 4 node(s) ---
Executing: srun -N4 -n19 ./hw1_prof 12347 ./testcases/21.in my_21_19cores.out
N=12347, Procs=19, Avg Total Time: 0.160085 s
  Avg IO Time:   0.158018 s (98.71%)
  Avg Comm Time: 0.001191 s (0.74%)
  Avg CPU Time:  0.000876 s (0.55%)
  Max Total Time: 0.160096 s, Min Total Time: 0.160075 s
srun Wall Time: 1.19 seconds
--- Running with 20 cores on 4 node(s) ---
Executing: srun -N4 -n20 ./hw1_prof 12347 ./testcases/21.in my_21_20cores.out
N=12347, Procs=20, Avg Total Time: 0.173325 s
  Avg IO Time:   0.168325 s (97.12%)
  Avg Comm Time: 0.003822 s (2.21%)
  Avg CPU Time:  0.001177 s (0.68%)
  Max Total Time: 0.173333 s, Min Total Time: 0.173314 s
srun Wall Time: 1.18 seconds
--- Running with 21 cores on 4 node(s) ---
Executing: srun -N4 -n21 ./hw1_prof 12347 ./testcases/21.in my_21_21cores.out
N=12347, Procs=21, Avg Total Time: 0.186051 s
  Avg IO Time:   0.184065 s (98.93%)
  Avg Comm Time: 0.001061 s (0.57%)
  Avg CPU Time:  0.000924 s (0.50%)
  Max Total Time: 0.186061 s, Min Total Time: 0.186045 s
srun Wall Time: 1.27 seconds
--- Running with 22 cores on 4 node(s) ---
Executing: srun -N4 -n22 ./hw1_prof 12347 ./testcases/21.in my_21_22cores.out
N=12347, Procs=22, Avg Total Time: 0.161151 s
  Avg IO Time:   0.158531 s (98.37%)
  Avg Comm Time: 0.001500 s (0.93%)
  Avg CPU Time:  0.001121 s (0.70%)
  Max Total Time: 0.161162 s, Min Total Time: 0.161137 s
srun Wall Time: 1.23 seconds
--- Running with 23 cores on 4 node(s) ---
Executing: srun -N4 -n23 ./hw1_prof 12347 ./testcases/21.in my_21_23cores.out
N=12347, Procs=23, Avg Total Time: 0.184849 s
  Avg IO Time:   0.182156 s (98.54%)
  Avg Comm Time: 0.001433 s (0.78%)
  Avg CPU Time:  0.001260 s (0.68%)
  Max Total Time: 0.184859 s, Min Total Time: 0.184840 s
srun Wall Time: 1.40 seconds
--- Running with 24 cores on 4 node(s) ---
Executing: srun -N4 -n24 ./hw1_prof 12347 ./testcases/21.in my_21_24cores.out
N=12347, Procs=24, Avg Total Time: 0.180912 s
  Avg IO Time:   0.178644 s (98.75%)
  Avg Comm Time: 0.001057 s (0.58%)
  Avg CPU Time:  0.001211 s (0.67%)
  Max Total Time: 0.180924 s, Min Total Time: 0.180887 s
srun Wall Time: 1.27 seconds
--- Running with 25 cores on 4 node(s) ---
Executing: srun -N4 -n25 ./hw1_prof 12347 ./testcases/21.in my_21_25cores.out
N=12347, Procs=25, Avg Total Time: 0.220821 s
  Avg IO Time:   0.218688 s (99.03%)
  Avg Comm Time: 0.001230 s (0.56%)
  Avg CPU Time:  0.000903 s (0.41%)
  Max Total Time: 0.220831 s, Min Total Time: 0.220811 s
srun Wall Time: 1.43 seconds
--- Running with 26 cores on 4 node(s) ---
Executing: srun -N4 -n26 ./hw1_prof 12347 ./testcases/21.in my_21_26cores.out
N=12347, Procs=26, Avg Total Time: 0.210057 s
  Avg IO Time:   0.207200 s (98.64%)
  Avg Comm Time: 0.001923 s (0.92%)
  Avg CPU Time:  0.000934 s (0.44%)
  Max Total Time: 0.210068 s, Min Total Time: 0.210044 s
srun Wall Time: 1.47 seconds
--- Running with 27 cores on 4 node(s) ---
Executing: srun -N4 -n27 ./hw1_prof 12347 ./testcases/21.in my_21_27cores.out
N=12347, Procs=27, Avg Total Time: 0.251738 s
  Avg IO Time:   0.248625 s (98.76%)
  Avg Comm Time: 0.002049 s (0.81%)
  Avg CPU Time:  0.001063 s (0.42%)
  Max Total Time: 0.251833 s, Min Total Time: 0.251657 s
srun Wall Time: 1.46 seconds
--- Running with 28 cores on 4 node(s) ---
Executing: srun -N4 -n28 ./hw1_prof 12347 ./testcases/21.in my_21_28cores.out
N=12347, Procs=28, Avg Total Time: 0.207279 s
  Avg IO Time:   0.204715 s (98.76%)
  Avg Comm Time: 0.001404 s (0.68%)
  Avg CPU Time:  0.001159 s (0.56%)
  Max Total Time: 0.207290 s, Min Total Time: 0.207260 s
srun Wall Time: 1.40 seconds
--- Running with 29 cores on 4 node(s) ---
Executing: srun -N4 -n29 ./hw1_prof 12347 ./testcases/21.in my_21_29cores.out
N=12347, Procs=29, Avg Total Time: 0.192616 s
  Avg IO Time:   0.190066 s (98.68%)
  Avg Comm Time: 0.001357 s (0.70%)
  Avg CPU Time:  0.001194 s (0.62%)
  Max Total Time: 0.192799 s, Min Total Time: 0.192531 s
srun Wall Time: 1.55 seconds
--- Running with 30 cores on 4 node(s) ---
Executing: srun -N4 -n30 ./hw1_prof 12347 ./testcases/21.in my_21_30cores.out
N=12347, Procs=30, Avg Total Time: 0.208922 s
  Avg IO Time:   0.206491 s (98.84%)
  Avg Comm Time: 0.001170 s (0.56%)
  Avg CPU Time:  0.001261 s (0.60%)
  Max Total Time: 0.209027 s, Min Total Time: 0.208845 s
srun Wall Time: 1.68 seconds
--- Running with 31 cores on 4 node(s) ---
Executing: srun -N4 -n31 ./hw1_prof 12347 ./testcases/21.in my_21_31cores.out
N=12347, Procs=31, Avg Total Time: 0.205594 s
  Avg IO Time:   0.202497 s (98.49%)
  Avg Comm Time: 0.001679 s (0.82%)
  Avg CPU Time:  0.001418 s (0.69%)
  Max Total Time: 0.205699 s, Min Total Time: 0.205524 s
srun Wall Time: 1.71 seconds
--- Running with 32 cores on 4 node(s) ---
Executing: srun -N4 -n32 ./hw1_prof 12347 ./testcases/21.in my_21_32cores.out
N=12347, Procs=32, Avg Total Time: 0.225419 s
  Avg IO Time:   0.206455 s (91.59%)
  Avg Comm Time: 0.017736 s (7.87%)
  Avg CPU Time:  0.001228 s (0.54%)
  Max Total Time: 0.225594 s, Min Total Time: 0.225253 s
srun Wall Time: 1.19 seconds
--- Running with 33 cores on 4 node(s) ---
Executing: srun -N4 -n33 ./hw1_prof 12347 ./testcases/21.in my_21_33cores.out
N=12347, Procs=33, Avg Total Time: 0.191694 s
  Avg IO Time:   0.189019 s (98.60%)
  Avg Comm Time: 0.001380 s (0.72%)
  Avg CPU Time:  0.001294 s (0.68%)
  Max Total Time: 0.191812 s, Min Total Time: 0.191612 s
srun Wall Time: 1.26 seconds
--- Running with 34 cores on 4 node(s) ---
Executing: srun -N4 -n34 ./hw1_prof 12347 ./testcases/21.in my_21_34cores.out
N=12347, Procs=34, Avg Total Time: 0.200782 s
  Avg IO Time:   0.198175 s (98.70%)
  Avg Comm Time: 0.001415 s (0.70%)
  Avg CPU Time:  0.001193 s (0.59%)
  Max Total Time: 0.200901 s, Min Total Time: 0.200713 s
srun Wall Time: 1.30 seconds
--- Running with 35 cores on 4 node(s) ---
Executing: srun -N4 -n35 ./hw1_prof 12347 ./testcases/21.in my_21_35cores.out
N=12347, Procs=35, Avg Total Time: 0.204215 s
  Avg IO Time:   0.201703 s (98.77%)
  Avg Comm Time: 0.001344 s (0.66%)
  Avg CPU Time:  0.001168 s (0.57%)
  Max Total Time: 0.204332 s, Min Total Time: 0.204149 s
srun Wall Time: 1.34 seconds
--- Running with 36 cores on 4 node(s) ---
Executing: srun -N4 -n36 ./hw1_prof 12347 ./testcases/21.in my_21_36cores.out
N=12347, Procs=36, Avg Total Time: 0.314245 s
  Avg IO Time:   0.310343 s (98.76%)
  Avg Comm Time: 0.002328 s (0.74%)
  Avg CPU Time:  0.001574 s (0.50%)
  Max Total Time: 0.314378 s, Min Total Time: 0.314172 s
srun Wall Time: 1.50 seconds
--- Running with 37 cores on 4 node(s) ---
Executing: srun -N4 -n37 ./hw1_prof 12347 ./testcases/21.in my_21_37cores.out
N=12347, Procs=37, Avg Total Time: 0.206866 s
  Avg IO Time:   0.203897 s (98.57%)
  Avg Comm Time: 0.001652 s (0.80%)
  Avg CPU Time:  0.001316 s (0.64%)
  Max Total Time: 0.206981 s, Min Total Time: 0.206802 s
srun Wall Time: 1.43 seconds
--- Running with 38 cores on 4 node(s) ---
Executing: srun -N4 -n38 ./hw1_prof 12347 ./testcases/21.in my_21_38cores.out
N=12347, Procs=38, Avg Total Time: 0.187388 s
  Avg IO Time:   0.184872 s (98.66%)
  Avg Comm Time: 0.001293 s (0.69%)
  Avg CPU Time:  0.001223 s (0.65%)
  Max Total Time: 0.187527 s, Min Total Time: 0.187316 s
srun Wall Time: 1.35 seconds
--- Running with 39 cores on 4 node(s) ---
Executing: srun -N4 -n39 ./hw1_prof 12347 ./testcases/21.in my_21_39cores.out
N=12347, Procs=39, Avg Total Time: 0.214833 s
  Avg IO Time:   0.211868 s (98.62%)
  Avg Comm Time: 0.001597 s (0.74%)
  Avg CPU Time:  0.001368 s (0.64%)
  Max Total Time: 0.215027 s, Min Total Time: 0.214653 s
srun Wall Time: 1.44 seconds
--- Running with 40 cores on 4 node(s) ---
Executing: srun -N4 -n40 ./hw1_prof 12347 ./testcases/21.in my_21_40cores.out
N=12347, Procs=40, Avg Total Time: 0.201198 s
  Avg IO Time:   0.198203 s (98.51%)
  Avg Comm Time: 0.001953 s (0.97%)
  Avg CPU Time:  0.001043 s (0.52%)
  Max Total Time: 0.201208 s, Min Total Time: 0.201186 s
srun Wall Time: 1.33 seconds
--- Running with 41 cores on 4 node(s) ---
Executing: srun -N4 -n41 ./hw1_prof 12347 ./testcases/21.in my_21_41cores.out
N=12347, Procs=41, Avg Total Time: 0.215817 s
  Avg IO Time:   0.213168 s (98.77%)
  Avg Comm Time: 0.001546 s (0.72%)
  Avg CPU Time:  0.001103 s (0.51%)
  Max Total Time: 0.216011 s, Min Total Time: 0.215658 s
srun Wall Time: 1.33 seconds
--- Running with 42 cores on 4 node(s) ---
Executing: srun -N4 -n42 ./hw1_prof 12347 ./testcases/21.in my_21_42cores.out
N=12347, Procs=42, Avg Total Time: 0.182467 s
  Avg IO Time:   0.178960 s (98.08%)
  Avg Comm Time: 0.002093 s (1.15%)
  Avg CPU Time:  0.001414 s (0.78%)
  Max Total Time: 0.182677 s, Min Total Time: 0.182314 s
srun Wall Time: 1.42 seconds
--- Running with 43 cores on 4 node(s) ---
Executing: srun -N4 -n43 ./hw1_prof 12347 ./testcases/21.in my_21_43cores.out
N=12347, Procs=43, Avg Total Time: 0.353845 s
  Avg IO Time:   0.349346 s (98.73%)
  Avg Comm Time: 0.002445 s (0.69%)
  Avg CPU Time:  0.002054 s (0.58%)
  Max Total Time: 0.354078 s, Min Total Time: 0.353683 s
srun Wall Time: 1.56 seconds
--- Running with 44 cores on 4 node(s) ---
Executing: srun -N4 -n44 ./hw1_prof 12347 ./testcases/21.in my_21_44cores.out
N=12347, Procs=44, Avg Total Time: 0.198616 s
  Avg IO Time:   0.194010 s (97.68%)
  Avg Comm Time: 0.001254 s (0.63%)
  Avg CPU Time:  0.003352 s (1.69%)
  Max Total Time: 0.204616 s, Min Total Time: 0.196359 s
srun Wall Time: 1.44 seconds
--- Running with 45 cores on 4 node(s) ---
Executing: srun -N4 -n45 ./hw1_prof 12347 ./testcases/21.in my_21_45cores.out
srun: job 207857 queued and waiting for resources
srun: job 207857 has been allocated resources
N=12347, Procs=45, Avg Total Time: 0.192586 s
  Avg IO Time:   0.189641 s (98.47%)
  Avg Comm Time: 0.001355 s (0.70%)
  Avg CPU Time:  0.001590 s (0.83%)
  Max Total Time: 0.192793 s, Min Total Time: 0.192448 s
srun Wall Time: 1.63 seconds
--- Running with 46 cores on 4 node(s) ---
Executing: srun -N4 -n46 ./hw1_prof 12347 ./testcases/21.in my_21_46cores.out
N=12347, Procs=46, Avg Total Time: 0.248387 s
  Avg IO Time:   0.244834 s (98.57%)
  Avg Comm Time: 0.002150 s (0.87%)
  Avg CPU Time:  0.001404 s (0.57%)
  Max Total Time: 0.248619 s, Min Total Time: 0.248243 s
srun Wall Time: 1.52 seconds
--- Running with 47 cores on 4 node(s) ---
Executing: srun -N4 -n47 ./hw1_prof 12347 ./testcases/21.in my_21_47cores.out
N=12347, Procs=47, Avg Total Time: 0.207467 s
  Avg IO Time:   0.203993 s (98.33%)
  Avg Comm Time: 0.001716 s (0.83%)
  Avg CPU Time:  0.001758 s (0.85%)
  Max Total Time: 0.207731 s, Min Total Time: 0.207316 s
srun Wall Time: 1.56 seconds
--- Running with 48 cores on 4 node(s) ---
Executing: srun -N4 -n48 ./hw1_prof 12347 ./testcases/21.in my_21_48cores.out
N=12347, Procs=48, Avg Total Time: 0.185663 s
  Avg IO Time:   0.182792 s (98.45%)
  Avg Comm Time: 0.001657 s (0.89%)
  Avg CPU Time:  0.001214 s (0.65%)
  Max Total Time: 0.185902 s, Min Total Time: 0.185522 s
srun Wall Time: 1.46 seconds
