Starting experiments for testcase 04 (N=50)
--- Running with 1 cores on 4 node(s) ---
Executing: srun -N4 -n1 ./hw1_prof 50 ./testcases/04.in my_04_1cores.out
srun: warning: can't run 1 processes on 4 nodes, setting nnodes to 1
N=50, Procs=1, Avg Total Time: 0.043899 s
  Avg IO Time:   0.022904 s (52.17%)
  Avg Comm Time: 0.000013 s (0.03%)
  Avg CPU Time:  0.020982 s (47.80%)
  Max Total Time: 0.043899 s, Min Total Time: 0.043899 s
srun Wall Time: 0.50 seconds
--- Running with 2 cores on 4 node(s) ---
Executing: srun -N4 -n2 ./hw1_prof 50 ./testcases/04.in my_04_2cores.out
srun: warning: can't run 2 processes on 4 nodes, setting nnodes to 2
N=50, Procs=2, Avg Total Time: 0.034032 s
  Avg IO Time:   0.031135 s (91.49%)
  Avg Comm Time: 0.002694 s (7.92%)
  Avg CPU Time:  0.000202 s (0.59%)
  Max Total Time: 0.034034 s, Min Total Time: 0.034030 s
srun Wall Time: 1.59 seconds
--- Running with 3 cores on 4 node(s) ---
Executing: srun -N4 -n3 ./hw1_prof 50 ./testcases/04.in my_04_3cores.out
srun: warning: can't run 3 processes on 4 nodes, setting nnodes to 3
N=50, Procs=3, Avg Total Time: 0.031331 s
  Avg IO Time:   0.030750 s (98.15%)
  Avg Comm Time: 0.000165 s (0.53%)
  Avg CPU Time:  0.000416 s (1.33%)
  Max Total Time: 0.031662 s, Min Total Time: 0.031160 s
srun Wall Time: 0.61 seconds
--- Running with 4 cores on 4 node(s) ---
Executing: srun -N4 -n4 ./hw1_prof 50 ./testcases/04.in my_04_4cores.out
N=50, Procs=4, Avg Total Time: 0.046308 s
  Avg IO Time:   0.026678 s (57.61%)
  Avg Comm Time: 0.019251 s (41.57%)
  Avg CPU Time:  0.000379 s (0.82%)
  Max Total Time: 0.046423 s, Min Total Time: 0.046193 s
srun Wall Time: 0.72 seconds
--- Running with 5 cores on 4 node(s) ---
Executing: srun -N4 -n5 ./hw1_prof 50 ./testcases/04.in my_04_5cores.out
N=50, Procs=5, Avg Total Time: 0.037129 s
  Avg IO Time:   0.036421 s (98.09%)
  Avg Comm Time: 0.000282 s (0.76%)
  Avg CPU Time:  0.000426 s (1.15%)
  Max Total Time: 0.037134 s, Min Total Time: 0.037124 s
srun Wall Time: 0.76 seconds
--- Running with 6 cores on 4 node(s) ---
Executing: srun -N4 -n6 ./hw1_prof 50 ./testcases/04.in my_04_6cores.out
N=50, Procs=6, Avg Total Time: 0.092572 s
  Avg IO Time:   0.080458 s (86.91%)
  Avg Comm Time: 0.008464 s (9.14%)
  Avg CPU Time:  0.003650 s (3.94%)
  Max Total Time: 0.092574 s, Min Total Time: 0.092567 s
srun Wall Time: 2.79 seconds
--- Running with 7 cores on 4 node(s) ---
Executing: srun -N4 -n7 ./hw1_prof 50 ./testcases/04.in my_04_7cores.out
srun: job 206412 queued and waiting for resources
srun: job 206412 has been allocated resources
N=50, Procs=7, Avg Total Time: 0.059582 s
  Avg IO Time:   0.058617 s (98.38%)
  Avg Comm Time: 0.000443 s (0.74%)
  Avg CPU Time:  0.000522 s (0.88%)
  Max Total Time: 0.059587 s, Min Total Time: 0.059577 s
srun Wall Time: 2.07 seconds
--- Running with 8 cores on 4 node(s) ---
Executing: srun -N4 -n8 ./hw1_prof 50 ./testcases/04.in my_04_8cores.out
srun: job 206413 queued and waiting for resources
srun: job 206413 has been allocated resources
N=50, Procs=8, Avg Total Time: 0.090408 s
  Avg IO Time:   0.071780 s (79.40%)
  Avg Comm Time: 0.017895 s (19.79%)
  Avg CPU Time:  0.000733 s (0.81%)
  Max Total Time: 0.090710 s, Min Total Time: 0.090337 s
srun Wall Time: 1.13 seconds
--- Running with 9 cores on 4 node(s) ---
Executing: srun -N4 -n9 ./hw1_prof 50 ./testcases/04.in my_04_9cores.out
srun: job 206414 queued and waiting for resources
srun: job 206414 has been allocated resources
N=50, Procs=9, Avg Total Time: 0.107042 s
  Avg IO Time:   0.105692 s (98.74%)
  Avg Comm Time: 0.000704 s (0.66%)
  Avg CPU Time:  0.000646 s (0.60%)
  Max Total Time: 0.107046 s, Min Total Time: 0.107038 s
srun Wall Time: 0.96 seconds
--- Running with 10 cores on 4 node(s) ---
Executing: srun -N4 -n10 ./hw1_prof 50 ./testcases/04.in my_04_10cores.out
N=50, Procs=10, Avg Total Time: 0.126403 s
  Avg IO Time:   0.124472 s (98.47%)
  Avg Comm Time: 0.001005 s (0.80%)
  Avg CPU Time:  0.000926 s (0.73%)
  Max Total Time: 0.126409 s, Min Total Time: 0.126398 s
srun Wall Time: 0.99 seconds
--- Running with 11 cores on 4 node(s) ---
Executing: srun -N4 -n11 ./hw1_prof 50 ./testcases/04.in my_04_11cores.out
N=50, Procs=11, Avg Total Time: 0.134875 s
  Avg IO Time:   0.133390 s (98.90%)
  Avg Comm Time: 0.000936 s (0.69%)
  Avg CPU Time:  0.000548 s (0.41%)
  Max Total Time: 0.134879 s, Min Total Time: 0.134871 s
srun Wall Time: 1.11 seconds
--- Running with 12 cores on 4 node(s) ---
Executing: srun -N4 -n12 ./hw1_prof 50 ./testcases/04.in my_04_12cores.out
N=50, Procs=12, Avg Total Time: 0.168030 s
  Avg IO Time:   0.166343 s (99.00%)
  Avg Comm Time: 0.000929 s (0.55%)
  Avg CPU Time:  0.000759 s (0.45%)
  Max Total Time: 0.168039 s, Min Total Time: 0.168021 s
srun Wall Time: 1.13 seconds
--- Running with 13 cores on 4 node(s) ---
Executing: srun -N4 -n13 ./hw1_prof 50 ./testcases/04.in my_04_13cores.out
N=50, Procs=13, Avg Total Time: 0.161317 s
  Avg IO Time:   0.159575 s (98.92%)
  Avg Comm Time: 0.000985 s (0.61%)
  Avg CPU Time:  0.000758 s (0.47%)
  Max Total Time: 0.161327 s, Min Total Time: 0.161290 s
srun Wall Time: 1.15 seconds
--- Running with 14 cores on 4 node(s) ---
Executing: srun -N4 -n14 ./hw1_prof 50 ./testcases/04.in my_04_14cores.out
N=50, Procs=14, Avg Total Time: 0.190409 s
  Avg IO Time:   0.188535 s (99.02%)
  Avg Comm Time: 0.001158 s (0.61%)
  Avg CPU Time:  0.000717 s (0.38%)
  Max Total Time: 0.190418 s, Min Total Time: 0.190403 s
srun Wall Time: 1.24 seconds
--- Running with 15 cores on 4 node(s) ---
Executing: srun -N4 -n15 ./hw1_prof 50 ./testcases/04.in my_04_15cores.out
N=50, Procs=15, Avg Total Time: 0.181821 s
  Avg IO Time:   0.179953 s (98.97%)
  Avg Comm Time: 0.000890 s (0.49%)
  Avg CPU Time:  0.000978 s (0.54%)
  Max Total Time: 0.181834 s, Min Total Time: 0.181810 s
srun Wall Time: 1.19 seconds
--- Running with 16 cores on 4 node(s) ---
Executing: srun -N4 -n16 ./hw1_prof 50 ./testcases/04.in my_04_16cores.out
N=50, Procs=16, Avg Total Time: 0.234127 s
  Avg IO Time:   0.198493 s (84.78%)
  Avg Comm Time: 0.033650 s (14.37%)
  Avg CPU Time:  0.001984 s (0.85%)
  Max Total Time: 0.241544 s, Min Total Time: 0.233044 s
srun Wall Time: 1.16 seconds
--- Running with 17 cores on 4 node(s) ---
Executing: srun -N4 -n17 ./hw1_prof 50 ./testcases/04.in my_04_17cores.out
N=50, Procs=17, Avg Total Time: 0.175883 s
  Avg IO Time:   0.174067 s (98.97%)
  Avg Comm Time: 0.000974 s (0.55%)
  Avg CPU Time:  0.000842 s (0.48%)
  Max Total Time: 0.175894 s, Min Total Time: 0.175867 s
srun Wall Time: 1.10 seconds
--- Running with 18 cores on 4 node(s) ---
Executing: srun -N4 -n18 ./hw1_prof 50 ./testcases/04.in my_04_18cores.out
N=50, Procs=18, Avg Total Time: 0.173090 s
  Avg IO Time:   0.171116 s (98.86%)
  Avg Comm Time: 0.000953 s (0.55%)
  Avg CPU Time:  0.001021 s (0.59%)
  Max Total Time: 0.173099 s, Min Total Time: 0.173080 s
srun Wall Time: 1.19 seconds
--- Running with 19 cores on 4 node(s) ---
Executing: srun -N4 -n19 ./hw1_prof 50 ./testcases/04.in my_04_19cores.out
N=50, Procs=19, Avg Total Time: 0.177650 s
  Avg IO Time:   0.175921 s (99.03%)
  Avg Comm Time: 0.000683 s (0.38%)
  Avg CPU Time:  0.001045 s (0.59%)
  Max Total Time: 0.177663 s, Min Total Time: 0.177637 s
srun Wall Time: 1.16 seconds
--- Running with 20 cores on 4 node(s) ---
Executing: srun -N4 -n20 ./hw1_prof 50 ./testcases/04.in my_04_20cores.out
N=50, Procs=20, Avg Total Time: 0.142901 s
  Avg IO Time:   0.141009 s (98.68%)
  Avg Comm Time: 0.000973 s (0.68%)
  Avg CPU Time:  0.000920 s (0.64%)
  Max Total Time: 0.142911 s, Min Total Time: 0.142887 s
srun Wall Time: 1.29 seconds
--- Running with 21 cores on 4 node(s) ---
Executing: srun -N4 -n21 ./hw1_prof 50 ./testcases/04.in my_04_21cores.out
N=50, Procs=21, Avg Total Time: 0.174143 s
  Avg IO Time:   0.172489 s (99.05%)
  Avg Comm Time: 0.000987 s (0.57%)
  Avg CPU Time:  0.000667 s (0.38%)
  Max Total Time: 0.174151 s, Min Total Time: 0.174123 s
srun Wall Time: 1.25 seconds
--- Running with 22 cores on 4 node(s) ---
Executing: srun -N4 -n22 ./hw1_prof 50 ./testcases/04.in my_04_22cores.out
N=50, Procs=22, Avg Total Time: 0.168357 s
  Avg IO Time:   0.166452 s (98.87%)
  Avg Comm Time: 0.000789 s (0.47%)
  Avg CPU Time:  0.001116 s (0.66%)
  Max Total Time: 0.168372 s, Min Total Time: 0.168342 s
srun Wall Time: 1.31 seconds
--- Running with 23 cores on 4 node(s) ---
Executing: srun -N4 -n23 ./hw1_prof 50 ./testcases/04.in my_04_23cores.out
N=50, Procs=23, Avg Total Time: 0.197129 s
  Avg IO Time:   0.195076 s (98.96%)
  Avg Comm Time: 0.000888 s (0.45%)
  Avg CPU Time:  0.001164 s (0.59%)
  Max Total Time: 0.197138 s, Min Total Time: 0.197116 s
srun Wall Time: 1.36 seconds
--- Running with 24 cores on 4 node(s) ---
Executing: srun -N4 -n24 ./hw1_prof 50 ./testcases/04.in my_04_24cores.out
N=50, Procs=24, Avg Total Time: 0.181619 s
  Avg IO Time:   0.179701 s (98.94%)
  Avg Comm Time: 0.000923 s (0.51%)
  Avg CPU Time:  0.000995 s (0.55%)
  Max Total Time: 0.181629 s, Min Total Time: 0.181604 s
srun Wall Time: 1.31 seconds
--- Running with 25 cores on 4 node(s) ---
Executing: srun -N4 -n25 ./hw1_prof 50 ./testcases/04.in my_04_25cores.out
N=50, Procs=25, Avg Total Time: 0.157108 s
  Avg IO Time:   0.155336 s (98.87%)
  Avg Comm Time: 0.000815 s (0.52%)
  Avg CPU Time:  0.000957 s (0.61%)
  Max Total Time: 0.157117 s, Min Total Time: 0.157094 s
srun Wall Time: 1.41 seconds
--- Running with 26 cores on 4 node(s) ---
Executing: srun -N4 -n26 ./hw1_prof 50 ./testcases/04.in my_04_26cores.out
N=50, Procs=26, Avg Total Time: 0.204361 s
  Avg IO Time:   0.202154 s (98.92%)
  Avg Comm Time: 0.001249 s (0.61%)
  Avg CPU Time:  0.000958 s (0.47%)
  Max Total Time: 0.204371 s, Min Total Time: 0.204350 s
srun Wall Time: 1.44 seconds
--- Running with 27 cores on 4 node(s) ---
Executing: srun -N4 -n27 ./hw1_prof 50 ./testcases/04.in my_04_27cores.out
N=50, Procs=27, Avg Total Time: 0.200304 s
  Avg IO Time:   0.198430 s (99.06%)
  Avg Comm Time: 0.000755 s (0.38%)
  Avg CPU Time:  0.001120 s (0.56%)
  Max Total Time: 0.200405 s, Min Total Time: 0.200223 s
srun Wall Time: 1.64 seconds
--- Running with 28 cores on 4 node(s) ---
Executing: srun -N4 -n28 ./hw1_prof 50 ./testcases/04.in my_04_28cores.out
N=50, Procs=28, Avg Total Time: 0.183975 s
  Avg IO Time:   0.182119 s (98.99%)
  Avg Comm Time: 0.001009 s (0.55%)
  Avg CPU Time:  0.000847 s (0.46%)
  Max Total Time: 0.183986 s, Min Total Time: 0.183962 s
srun Wall Time: 1.54 seconds
--- Running with 29 cores on 4 node(s) ---
Executing: srun -N4 -n29 ./hw1_prof 50 ./testcases/04.in my_04_29cores.out
N=50, Procs=29, Avg Total Time: 0.160948 s
  Avg IO Time:   0.159057 s (98.83%)
  Avg Comm Time: 0.000841 s (0.52%)
  Avg CPU Time:  0.001049 s (0.65%)
  Max Total Time: 0.161052 s, Min Total Time: 0.160869 s
srun Wall Time: 1.39 seconds
--- Running with 30 cores on 4 node(s) ---
Executing: srun -N4 -n30 ./hw1_prof 50 ./testcases/04.in my_04_30cores.out
N=50, Procs=30, Avg Total Time: 0.185644 s
  Avg IO Time:   0.183675 s (98.94%)
  Avg Comm Time: 0.001007 s (0.54%)
  Avg CPU Time:  0.000962 s (0.52%)
  Max Total Time: 0.185749 s, Min Total Time: 0.185564 s
srun Wall Time: 1.42 seconds
--- Running with 31 cores on 4 node(s) ---
Executing: srun -N4 -n31 ./hw1_prof 50 ./testcases/04.in my_04_31cores.out
N=50, Procs=31, Avg Total Time: 0.156637 s
  Avg IO Time:   0.154919 s (98.90%)
  Avg Comm Time: 0.000727 s (0.46%)
  Avg CPU Time:  0.000991 s (0.63%)
  Max Total Time: 0.156743 s, Min Total Time: 0.156568 s
srun Wall Time: 1.44 seconds
--- Running with 32 cores on 4 node(s) ---
Executing: srun -N4 -n32 ./hw1_prof 50 ./testcases/04.in my_04_32cores.out
N=50, Procs=32, Avg Total Time: 0.210897 s
  Avg IO Time:   0.183864 s (87.18%)
  Avg Comm Time: 0.025772 s (12.22%)
  Avg CPU Time:  0.001260 s (0.60%)
  Max Total Time: 0.211098 s, Min Total Time: 0.210704 s
srun Wall Time: 1.18 seconds
--- Running with 33 cores on 4 node(s) ---
Executing: srun -N4 -n33 ./hw1_prof 50 ./testcases/04.in my_04_33cores.out
N=50, Procs=33, Avg Total Time: 0.179862 s
  Avg IO Time:   0.177655 s (98.77%)
  Avg Comm Time: 0.000829 s (0.46%)
  Avg CPU Time:  0.001379 s (0.77%)
  Max Total Time: 0.179971 s, Min Total Time: 0.179800 s
srun Wall Time: 1.25 seconds
--- Running with 34 cores on 4 node(s) ---
Executing: srun -N4 -n34 ./hw1_prof 50 ./testcases/04.in my_04_34cores.out
N=50, Procs=34, Avg Total Time: 0.201506 s
  Avg IO Time:   0.199398 s (98.95%)
  Avg Comm Time: 0.000975 s (0.48%)
  Avg CPU Time:  0.001133 s (0.56%)
  Max Total Time: 0.201622 s, Min Total Time: 0.201435 s
srun Wall Time: 1.54 seconds
--- Running with 35 cores on 4 node(s) ---
Executing: srun -N4 -n35 ./hw1_prof 50 ./testcases/04.in my_04_35cores.out
N=50, Procs=35, Avg Total Time: 0.185394 s
  Avg IO Time:   0.183641 s (99.05%)
  Avg Comm Time: 0.000702 s (0.38%)
  Avg CPU Time:  0.001051 s (0.57%)
  Max Total Time: 0.185510 s, Min Total Time: 0.185328 s
srun Wall Time: 1.34 seconds
--- Running with 36 cores on 4 node(s) ---
Executing: srun -N4 -n36 ./hw1_prof 50 ./testcases/04.in my_04_36cores.out
N=50, Procs=36, Avg Total Time: 0.209717 s
  Avg IO Time:   0.207710 s (99.04%)
  Avg Comm Time: 0.001008 s (0.48%)
  Avg CPU Time:  0.000999 s (0.48%)
  Max Total Time: 0.209841 s, Min Total Time: 0.209648 s
srun Wall Time: 1.36 seconds
--- Running with 37 cores on 4 node(s) ---
Executing: srun -N4 -n37 ./hw1_prof 50 ./testcases/04.in my_04_37cores.out
N=50, Procs=37, Avg Total Time: 0.195670 s
  Avg IO Time:   0.193636 s (98.96%)
  Avg Comm Time: 0.000780 s (0.40%)
  Avg CPU Time:  0.001254 s (0.64%)
  Max Total Time: 0.195815 s, Min Total Time: 0.195588 s
srun Wall Time: 1.33 seconds
--- Running with 38 cores on 4 node(s) ---
Executing: srun -N4 -n38 ./hw1_prof 50 ./testcases/04.in my_04_38cores.out
N=50, Procs=38, Avg Total Time: 1.431608 s
  Avg IO Time:   1.425866 s (99.60%)
  Avg Comm Time: 0.001280 s (0.09%)
  Avg CPU Time:  0.004462 s (0.31%)
  Max Total Time: 1.431819 s, Min Total Time: 1.431532 s
srun Wall Time: 2.63 seconds
--- Running with 39 cores on 4 node(s) ---
Executing: srun -N4 -n39 ./hw1_prof 50 ./testcases/04.in my_04_39cores.out
srun: job 206480 queued and waiting for resources
srun: job 206480 has been allocated resources
N=50, Procs=39, Avg Total Time: 0.265132 s
  Avg IO Time:   0.262606 s (99.05%)
  Avg Comm Time: 0.001156 s (0.44%)
  Avg CPU Time:  0.001371 s (0.52%)
  Max Total Time: 0.265328 s, Min Total Time: 0.264959 s
srun Wall Time: 1.51 seconds
--- Running with 40 cores on 4 node(s) ---
Executing: srun -N4 -n40 ./hw1_prof 50 ./testcases/04.in my_04_40cores.out
srun: job 206481 queued and waiting for resources
srun: job 206481 has been allocated resources
N=50, Procs=40, Avg Total Time: 0.177143 s
  Avg IO Time:   0.175111 s (98.85%)
  Avg Comm Time: 0.001145 s (0.65%)
  Avg CPU Time:  0.000887 s (0.50%)
  Max Total Time: 0.177154 s, Min Total Time: 0.177128 s
srun Wall Time: 1.61 seconds
--- Running with 41 cores on 4 node(s) ---
Executing: srun -N4 -n41 ./hw1_prof 50 ./testcases/04.in my_04_41cores.out
N=50, Procs=41, Avg Total Time: 0.183852 s
  Avg IO Time:   0.181763 s (98.86%)
  Avg Comm Time: 0.000931 s (0.51%)
  Avg CPU Time:  0.001157 s (0.63%)
  Max Total Time: 0.184052 s, Min Total Time: 0.183688 s
srun Wall Time: 1.41 seconds
--- Running with 42 cores on 4 node(s) ---
Executing: srun -N4 -n42 ./hw1_prof 50 ./testcases/04.in my_04_42cores.out
srun: job 206490 queued and waiting for resources
srun: job 206490 has been allocated resources
N=50, Procs=42, Avg Total Time: 0.184429 s
  Avg IO Time:   0.182059 s (98.72%)
  Avg Comm Time: 0.001134 s (0.62%)
  Avg CPU Time:  0.001235 s (0.67%)
  Max Total Time: 0.184630 s, Min Total Time: 0.184276 s
srun Wall Time: 1.51 seconds
--- Running with 43 cores on 4 node(s) ---
Executing: srun -N4 -n43 ./hw1_prof 50 ./testcases/04.in my_04_43cores.out
N=50, Procs=43, Avg Total Time: 0.207880 s
  Avg IO Time:   0.205253 s (98.74%)
  Avg Comm Time: 0.001194 s (0.57%)
  Avg CPU Time:  0.001432 s (0.69%)
  Max Total Time: 0.208106 s, Min Total Time: 0.207710 s
srun Wall Time: 1.47 seconds
--- Running with 44 cores on 4 node(s) ---
Executing: srun -N4 -n44 ./hw1_prof 50 ./testcases/04.in my_04_44cores.out
N=50, Procs=44, Avg Total Time: 0.259852 s
  Avg IO Time:   0.255256 s (98.23%)
  Avg Comm Time: 0.001322 s (0.51%)
  Avg CPU Time:  0.003275 s (1.26%)
  Max Total Time: 0.265841 s, Min Total Time: 0.257599 s
srun Wall Time: 1.50 seconds
--- Running with 45 cores on 4 node(s) ---
Executing: srun -N4 -n45 ./hw1_prof 50 ./testcases/04.in my_04_45cores.out
N=50, Procs=45, Avg Total Time: 0.200505 s
  Avg IO Time:   0.198150 s (98.83%)
  Avg Comm Time: 0.000956 s (0.48%)
  Avg CPU Time:  0.001399 s (0.70%)
  Max Total Time: 0.200766 s, Min Total Time: 0.200337 s
srun Wall Time: 1.50 seconds
--- Running with 46 cores on 4 node(s) ---
Executing: srun -N4 -n46 ./hw1_prof 50 ./testcases/04.in my_04_46cores.out
N=50, Procs=46, Avg Total Time: 0.197629 s
  Avg IO Time:   0.195061 s (98.70%)
  Avg Comm Time: 0.001035 s (0.52%)
  Avg CPU Time:  0.001533 s (0.78%)
  Max Total Time: 0.197878 s, Min Total Time: 0.197471 s
srun Wall Time: 1.46 seconds
--- Running with 47 cores on 4 node(s) ---
Executing: srun -N4 -n47 ./hw1_prof 50 ./testcases/04.in my_04_47cores.out
N=50, Procs=47, Avg Total Time: 0.208253 s
  Avg IO Time:   0.205844 s (98.84%)
  Avg Comm Time: 0.000928 s (0.45%)
  Avg CPU Time:  0.001482 s (0.71%)
  Max Total Time: 0.208509 s, Min Total Time: 0.208101 s
srun Wall Time: 1.51 seconds
--- Running with 48 cores on 4 node(s) ---
Executing: srun -N4 -n48 ./hw1_prof 50 ./testcases/04.in my_04_48cores.out
N=50, Procs=48, Avg Total Time: 0.208859 s
  Avg IO Time:   0.205911 s (98.59%)
  Avg Comm Time: 0.001396 s (0.67%)
  Avg CPU Time:  0.001552 s (0.74%)
  Max Total Time: 0.209084 s, Min Total Time: 0.208722 s
srun Wall Time: 1.49 seconds
