Starting experiments for testcase 17 (N=400000)
--- Running with 1 cores on 4 node(s) ---
Executing: srun -N4 -n1 ./hw1_prof 400000 ./testcases/17.in my_17_1cores.out
srun: warning: can't run 1 processes on 4 nodes, setting nnodes to 1
N=400000, Procs=1, Avg Total Time: 0.064289 s
  Avg IO Time:   0.027976 s (43.52%)
  Avg Comm Time: 0.000009 s (0.01%)
  Avg CPU Time:  0.036304 s (56.47%)
  Max Total Time: 0.064289 s, Min Total Time: 0.064289 s
srun Wall Time: 0.54 seconds
--- Running with 2 cores on 4 node(s) ---
Executing: srun -N4 -n2 ./hw1_prof 400000 ./testcases/17.in my_17_2cores.out
srun: warning: can't run 2 processes on 4 nodes, setting nnodes to 2
N=400000, Procs=2, Avg Total Time: 0.035748 s
  Avg IO Time:   0.025674 s (71.82%)
  Avg Comm Time: 0.001012 s (2.83%)
  Avg CPU Time:  0.009062 s (25.35%)
  Max Total Time: 0.035749 s, Min Total Time: 0.035748 s
srun Wall Time: 0.57 seconds
--- Running with 3 cores on 4 node(s) ---
Executing: srun -N4 -n3 ./hw1_prof 400000 ./testcases/17.in my_17_3cores.out
srun: warning: can't run 3 processes on 4 nodes, setting nnodes to 3
N=400000, Procs=3, Avg Total Time: 0.042444 s
  Avg IO Time:   0.032805 s (77.29%)
  Avg Comm Time: 0.002838 s (6.69%)
  Avg CPU Time:  0.006802 s (16.02%)
  Max Total Time: 0.042816 s, Min Total Time: 0.042249 s
srun Wall Time: 0.61 seconds
--- Running with 4 cores on 4 node(s) ---
Executing: srun -N4 -n4 ./hw1_prof 400000 ./testcases/17.in my_17_4cores.out
N=400000, Procs=4, Avg Total Time: 0.055176 s
  Avg IO Time:   0.029058 s (52.66%)
  Avg Comm Time: 0.019973 s (36.20%)
  Avg CPU Time:  0.006145 s (11.14%)
  Max Total Time: 0.055283 s, Min Total Time: 0.055070 s
srun Wall Time: 0.62 seconds
--- Running with 5 cores on 4 node(s) ---
Executing: srun -N4 -n5 ./hw1_prof 400000 ./testcases/17.in my_17_5cores.out
N=400000, Procs=5, Avg Total Time: 0.047998 s
  Avg IO Time:   0.040099 s (83.54%)
  Avg Comm Time: 0.002454 s (5.11%)
  Avg CPU Time:  0.005445 s (11.34%)
  Max Total Time: 0.048003 s, Min Total Time: 0.047993 s
srun Wall Time: 0.81 seconds
--- Running with 6 cores on 4 node(s) ---
Executing: srun -N4 -n6 ./hw1_prof 400000 ./testcases/17.in my_17_6cores.out
N=400000, Procs=6, Avg Total Time: 0.057243 s
  Avg IO Time:   0.049878 s (87.13%)
  Avg Comm Time: 0.002693 s (4.71%)
  Avg CPU Time:  0.004672 s (8.16%)
  Max Total Time: 0.057247 s, Min Total Time: 0.057237 s
srun Wall Time: 1.00 seconds
--- Running with 7 cores on 4 node(s) ---
Executing: srun -N4 -n7 ./hw1_prof 400000 ./testcases/17.in my_17_7cores.out
N=400000, Procs=7, Avg Total Time: 0.079101 s
  Avg IO Time:   0.071797 s (90.77%)
  Avg Comm Time: 0.002652 s (3.35%)
  Avg CPU Time:  0.004652 s (5.88%)
  Max Total Time: 0.079104 s, Min Total Time: 0.079098 s
srun Wall Time: 0.89 seconds
--- Running with 8 cores on 4 node(s) ---
Executing: srun -N4 -n8 ./hw1_prof 400000 ./testcases/17.in my_17_8cores.out
N=400000, Procs=8, Avg Total Time: 0.116095 s
  Avg IO Time:   0.091693 s (78.98%)
  Avg Comm Time: 0.019837 s (17.09%)
  Avg CPU Time:  0.004565 s (3.93%)
  Max Total Time: 0.116439 s, Min Total Time: 0.116016 s
srun Wall Time: 0.91 seconds
--- Running with 9 cores on 4 node(s) ---
Executing: srun -N4 -n9 ./hw1_prof 400000 ./testcases/17.in my_17_9cores.out
N=400000, Procs=9, Avg Total Time: 0.106420 s
  Avg IO Time:   0.099394 s (93.40%)
  Avg Comm Time: 0.003007 s (2.83%)
  Avg CPU Time:  0.004019 s (3.78%)
  Max Total Time: 0.106427 s, Min Total Time: 0.106414 s
srun Wall Time: 0.96 seconds
--- Running with 10 cores on 4 node(s) ---
Executing: srun -N4 -n10 ./hw1_prof 400000 ./testcases/17.in my_17_10cores.out
N=400000, Procs=10, Avg Total Time: 0.125456 s
  Avg IO Time:   0.115884 s (92.37%)
  Avg Comm Time: 0.005559 s (4.43%)
  Avg CPU Time:  0.004013 s (3.20%)
  Max Total Time: 0.125463 s, Min Total Time: 0.125451 s
srun Wall Time: 1.07 seconds
--- Running with 11 cores on 4 node(s) ---
Executing: srun -N4 -n11 ./hw1_prof 400000 ./testcases/17.in my_17_11cores.out
N=400000, Procs=11, Avg Total Time: 0.134761 s
  Avg IO Time:   0.127888 s (94.90%)
  Avg Comm Time: 0.003015 s (2.24%)
  Avg CPU Time:  0.003858 s (2.86%)
  Max Total Time: 0.134769 s, Min Total Time: 0.134757 s
srun Wall Time: 1.15 seconds
--- Running with 12 cores on 4 node(s) ---
Executing: srun -N4 -n12 ./hw1_prof 400000 ./testcases/17.in my_17_12cores.out
N=400000, Procs=12, Avg Total Time: 0.153509 s
  Avg IO Time:   0.146918 s (95.71%)
  Avg Comm Time: 0.003037 s (1.98%)
  Avg CPU Time:  0.003555 s (2.32%)
  Max Total Time: 0.153515 s, Min Total Time: 0.153499 s
srun Wall Time: 1.08 seconds
--- Running with 13 cores on 4 node(s) ---
Executing: srun -N4 -n13 ./hw1_prof 400000 ./testcases/17.in my_17_13cores.out
N=400000, Procs=13, Avg Total Time: 0.164657 s
  Avg IO Time:   0.155419 s (94.39%)
  Avg Comm Time: 0.005782 s (3.51%)
  Avg CPU Time:  0.003457 s (2.10%)
  Max Total Time: 0.164668 s, Min Total Time: 0.164644 s
srun Wall Time: 1.22 seconds
--- Running with 14 cores on 4 node(s) ---
Executing: srun -N4 -n14 ./hw1_prof 400000 ./testcases/17.in my_17_14cores.out
N=400000, Procs=14, Avg Total Time: 0.191374 s
  Avg IO Time:   0.184597 s (96.46%)
  Avg Comm Time: 0.003272 s (1.71%)
  Avg CPU Time:  0.003505 s (1.83%)
  Max Total Time: 0.191385 s, Min Total Time: 0.191365 s
srun Wall Time: 1.14 seconds
--- Running with 15 cores on 4 node(s) ---
Executing: srun -N4 -n15 ./hw1_prof 400000 ./testcases/17.in my_17_15cores.out
N=400000, Procs=15, Avg Total Time: 0.205675 s
  Avg IO Time:   0.198923 s (96.72%)
  Avg Comm Time: 0.003302 s (1.61%)
  Avg CPU Time:  0.003450 s (1.68%)
  Max Total Time: 0.205687 s, Min Total Time: 0.205664 s
srun Wall Time: 1.23 seconds
--- Running with 16 cores on 4 node(s) ---
Executing: srun -N4 -n16 ./hw1_prof 400000 ./testcases/17.in my_17_16cores.out
N=400000, Procs=16, Avg Total Time: 0.199591 s
  Avg IO Time:   0.183357 s (91.87%)
  Avg Comm Time: 0.012223 s (6.12%)
  Avg CPU Time:  0.004010 s (2.01%)
  Max Total Time: 0.203288 s, Min Total Time: 0.198744 s
srun Wall Time: 1.11 seconds
--- Running with 17 cores on 4 node(s) ---
Executing: srun -N4 -n17 ./hw1_prof 400000 ./testcases/17.in my_17_17cores.out
N=400000, Procs=17, Avg Total Time: 0.203067 s
  Avg IO Time:   0.193680 s (95.38%)
  Avg Comm Time: 0.006347 s (3.13%)
  Avg CPU Time:  0.003040 s (1.50%)
  Max Total Time: 0.203075 s, Min Total Time: 0.203061 s
srun Wall Time: 1.20 seconds
--- Running with 18 cores on 4 node(s) ---
Executing: srun -N4 -n18 ./hw1_prof 400000 ./testcases/17.in my_17_18cores.out
N=400000, Procs=18, Avg Total Time: 0.191541 s
  Avg IO Time:   0.185348 s (96.77%)
  Avg Comm Time: 0.003176 s (1.66%)
  Avg CPU Time:  0.003017 s (1.58%)
  Max Total Time: 0.191555 s, Min Total Time: 0.191523 s
srun Wall Time: 1.21 seconds
--- Running with 19 cores on 4 node(s) ---
Executing: srun -N4 -n19 ./hw1_prof 400000 ./testcases/17.in my_17_19cores.out
N=400000, Procs=19, Avg Total Time: 0.182704 s
  Avg IO Time:   0.176445 s (96.57%)
  Avg Comm Time: 0.003392 s (1.86%)
  Avg CPU Time:  0.002867 s (1.57%)
  Max Total Time: 0.182713 s, Min Total Time: 0.182696 s
srun Wall Time: 1.29 seconds
--- Running with 20 cores on 4 node(s) ---
Executing: srun -N4 -n20 ./hw1_prof 400000 ./testcases/17.in my_17_20cores.out
N=400000, Procs=20, Avg Total Time: 0.202073 s
  Avg IO Time:   0.192654 s (95.34%)
  Avg Comm Time: 0.006272 s (3.10%)
  Avg CPU Time:  0.003147 s (1.56%)
  Max Total Time: 0.202078 s, Min Total Time: 0.202064 s
srun Wall Time: 1.20 seconds
--- Running with 21 cores on 4 node(s) ---
Executing: srun -N4 -n21 ./hw1_prof 400000 ./testcases/17.in my_17_21cores.out
N=400000, Procs=21, Avg Total Time: 0.167035 s
  Avg IO Time:   0.160180 s (95.90%)
  Avg Comm Time: 0.003835 s (2.30%)
  Avg CPU Time:  0.003020 s (1.81%)
  Max Total Time: 0.167046 s, Min Total Time: 0.167026 s
srun Wall Time: 1.26 seconds
--- Running with 22 cores on 4 node(s) ---
Executing: srun -N4 -n22 ./hw1_prof 400000 ./testcases/17.in my_17_22cores.out
N=400000, Procs=22, Avg Total Time: 0.197807 s
  Avg IO Time:   0.191074 s (96.60%)
  Avg Comm Time: 0.003744 s (1.89%)
  Avg CPU Time:  0.002989 s (1.51%)
  Max Total Time: 0.197820 s, Min Total Time: 0.197797 s
srun Wall Time: 1.23 seconds
--- Running with 23 cores on 4 node(s) ---
Executing: srun -N4 -n23 ./hw1_prof 400000 ./testcases/17.in my_17_23cores.out
N=400000, Procs=23, Avg Total Time: 0.265286 s
  Avg IO Time:   0.255722 s (96.39%)
  Avg Comm Time: 0.005968 s (2.25%)
  Avg CPU Time:  0.003597 s (1.36%)
  Max Total Time: 0.265300 s, Min Total Time: 0.265275 s
srun Wall Time: 1.37 seconds
--- Running with 24 cores on 4 node(s) ---
Executing: srun -N4 -n24 ./hw1_prof 400000 ./testcases/17.in my_17_24cores.out
N=400000, Procs=24, Avg Total Time: 0.197824 s
  Avg IO Time:   0.191235 s (96.67%)
  Avg Comm Time: 0.003811 s (1.93%)
  Avg CPU Time:  0.002777 s (1.40%)
  Max Total Time: 0.197835 s, Min Total Time: 0.197810 s
srun Wall Time: 1.46 seconds
--- Running with 25 cores on 4 node(s) ---
Executing: srun -N4 -n25 ./hw1_prof 400000 ./testcases/17.in my_17_25cores.out
N=400000, Procs=25, Avg Total Time: 0.205442 s
  Avg IO Time:   0.198892 s (96.81%)
  Avg Comm Time: 0.003660 s (1.78%)
  Avg CPU Time:  0.002889 s (1.41%)
  Max Total Time: 0.205454 s, Min Total Time: 0.205427 s
srun Wall Time: 1.34 seconds
--- Running with 26 cores on 4 node(s) ---
Executing: srun -N4 -n26 ./hw1_prof 400000 ./testcases/17.in my_17_26cores.out
N=400000, Procs=26, Avg Total Time: 0.219679 s
  Avg IO Time:   0.212990 s (96.96%)
  Avg Comm Time: 0.003851 s (1.75%)
  Avg CPU Time:  0.002837 s (1.29%)
  Max Total Time: 0.219690 s, Min Total Time: 0.219662 s
srun Wall Time: 1.40 seconds
--- Running with 27 cores on 4 node(s) ---
Executing: srun -N4 -n27 ./hw1_prof 400000 ./testcases/17.in my_17_27cores.out
N=400000, Procs=27, Avg Total Time: 0.214432 s
  Avg IO Time:   0.207922 s (96.96%)
  Avg Comm Time: 0.003788 s (1.77%)
  Avg CPU Time:  0.002722 s (1.27%)
  Max Total Time: 0.214543 s, Min Total Time: 0.214341 s
srun Wall Time: 1.39 seconds
--- Running with 28 cores on 4 node(s) ---
Executing: srun -N4 -n28 ./hw1_prof 400000 ./testcases/17.in my_17_28cores.out
N=400000, Procs=28, Avg Total Time: 0.179823 s
  Avg IO Time:   0.173821 s (96.66%)
  Avg Comm Time: 0.003583 s (1.99%)
  Avg CPU Time:  0.002419 s (1.34%)
  Max Total Time: 0.180131 s, Min Total Time: 0.179787 s
srun Wall Time: 1.34 seconds
--- Running with 29 cores on 4 node(s) ---
Executing: srun -N4 -n29 ./hw1_prof 400000 ./testcases/17.in my_17_29cores.out
N=400000, Procs=29, Avg Total Time: 0.193056 s
  Avg IO Time:   0.186400 s (96.55%)
  Avg Comm Time: 0.003851 s (1.99%)
  Avg CPU Time:  0.002804 s (1.45%)
  Max Total Time: 0.193176 s, Min Total Time: 0.192969 s
srun Wall Time: 1.43 seconds
--- Running with 30 cores on 4 node(s) ---
Executing: srun -N4 -n30 ./hw1_prof 400000 ./testcases/17.in my_17_30cores.out
N=400000, Procs=30, Avg Total Time: 0.205215 s
  Avg IO Time:   0.198966 s (96.96%)
  Avg Comm Time: 0.003468 s (1.69%)
  Avg CPU Time:  0.002780 s (1.35%)
  Max Total Time: 0.205327 s, Min Total Time: 0.205123 s
srun Wall Time: 1.42 seconds
--- Running with 31 cores on 4 node(s) ---
Executing: srun -N4 -n31 ./hw1_prof 400000 ./testcases/17.in my_17_31cores.out
N=400000, Procs=31, Avg Total Time: 0.213371 s
  Avg IO Time:   0.206974 s (97.00%)
  Avg Comm Time: 0.003693 s (1.73%)
  Avg CPU Time:  0.002704 s (1.27%)
  Max Total Time: 0.213484 s, Min Total Time: 0.213297 s
srun Wall Time: 1.55 seconds
--- Running with 32 cores on 4 node(s) ---
Executing: srun -N4 -n32 ./hw1_prof 400000 ./testcases/17.in my_17_32cores.out
N=400000, Procs=32, Avg Total Time: 0.242884 s
  Avg IO Time:   0.211950 s (87.26%)
  Avg Comm Time: 0.028104 s (11.57%)
  Avg CPU Time:  0.002831 s (1.17%)
  Max Total Time: 0.243062 s, Min Total Time: 0.242718 s
srun Wall Time: 1.24 seconds
--- Running with 33 cores on 4 node(s) ---
Executing: srun -N4 -n33 ./hw1_prof 400000 ./testcases/17.in my_17_33cores.out
N=400000, Procs=33, Avg Total Time: 0.213065 s
  Avg IO Time:   0.206414 s (96.88%)
  Avg Comm Time: 0.003852 s (1.81%)
  Avg CPU Time:  0.002798 s (1.31%)
  Max Total Time: 0.213191 s, Min Total Time: 0.212979 s
srun Wall Time: 1.28 seconds
--- Running with 34 cores on 4 node(s) ---
Executing: srun -N4 -n34 ./hw1_prof 400000 ./testcases/17.in my_17_34cores.out
N=400000, Procs=34, Avg Total Time: 0.213430 s
  Avg IO Time:   0.207269 s (97.11%)
  Avg Comm Time: 0.003623 s (1.70%)
  Avg CPU Time:  0.002539 s (1.19%)
  Max Total Time: 0.213544 s, Min Total Time: 0.213364 s
srun Wall Time: 1.50 seconds
--- Running with 35 cores on 4 node(s) ---
Executing: srun -N4 -n35 ./hw1_prof 400000 ./testcases/17.in my_17_35cores.out
srun: job 207468 queued and waiting for resources
srun: job 207468 has been allocated resources
N=400000, Procs=35, Avg Total Time: 0.205347 s
  Avg IO Time:   0.198682 s (96.75%)
  Avg Comm Time: 0.003947 s (1.92%)
  Avg CPU Time:  0.002718 s (1.32%)
  Max Total Time: 0.205457 s, Min Total Time: 0.205284 s
srun Wall Time: 1.58 seconds
--- Running with 36 cores on 4 node(s) ---
Executing: srun -N4 -n36 ./hw1_prof 400000 ./testcases/17.in my_17_36cores.out
srun: job 207469 queued and waiting for resources
srun: job 207469 has been allocated resources
N=400000, Procs=36, Avg Total Time: 0.225054 s
  Avg IO Time:   0.218673 s (97.16%)
  Avg Comm Time: 0.003840 s (1.71%)
  Avg CPU Time:  0.002542 s (1.13%)
  Max Total Time: 0.225195 s, Min Total Time: 0.224976 s
srun Wall Time: 1.47 seconds
--- Running with 37 cores on 4 node(s) ---
Executing: srun -N4 -n37 ./hw1_prof 400000 ./testcases/17.in my_17_37cores.out
srun: job 207471 queued and waiting for resources
srun: job 207471 has been allocated resources
N=400000, Procs=37, Avg Total Time: 0.189878 s
  Avg IO Time:   0.183691 s (96.74%)
  Avg Comm Time: 0.003840 s (2.02%)
  Avg CPU Time:  0.002346 s (1.24%)
  Max Total Time: 0.190004 s, Min Total Time: 0.189811 s
srun Wall Time: 1.50 seconds
--- Running with 38 cores on 4 node(s) ---
Executing: srun -N4 -n38 ./hw1_prof 400000 ./testcases/17.in my_17_38cores.out
srun: job 207473 queued and waiting for resources
srun: job 207473 has been allocated resources
N=400000, Procs=38, Avg Total Time: 0.206695 s
  Avg IO Time:   0.200193 s (96.85%)
  Avg Comm Time: 0.003553 s (1.72%)
  Avg CPU Time:  0.002949 s (1.43%)
  Max Total Time: 0.206828 s, Min Total Time: 0.206613 s
srun Wall Time: 1.43 seconds
--- Running with 39 cores on 4 node(s) ---
Executing: srun -N4 -n39 ./hw1_prof 400000 ./testcases/17.in my_17_39cores.out
N=400000, Procs=39, Avg Total Time: 0.225090 s
  Avg IO Time:   0.217232 s (96.51%)
  Avg Comm Time: 0.004860 s (2.16%)
  Avg CPU Time:  0.002998 s (1.33%)
  Max Total Time: 0.225285 s, Min Total Time: 0.224914 s
srun Wall Time: 1.44 seconds
--- Running with 40 cores on 4 node(s) ---
Executing: srun -N4 -n40 ./hw1_prof 400000 ./testcases/17.in my_17_40cores.out
N=400000, Procs=40, Avg Total Time: 0.211376 s
  Avg IO Time:   0.205336 s (97.14%)
  Avg Comm Time: 0.003721 s (1.76%)
  Avg CPU Time:  0.002319 s (1.10%)
  Max Total Time: 0.211403 s, Min Total Time: 0.211358 s
srun Wall Time: 1.33 seconds
--- Running with 41 cores on 4 node(s) ---
Executing: srun -N4 -n41 ./hw1_prof 400000 ./testcases/17.in my_17_41cores.out
N=400000, Procs=41, Avg Total Time: 0.216021 s
  Avg IO Time:   0.209468 s (96.97%)
  Avg Comm Time: 0.003923 s (1.82%)
  Avg CPU Time:  0.002630 s (1.22%)
  Max Total Time: 0.216267 s, Min Total Time: 0.215847 s
srun Wall Time: 1.41 seconds
--- Running with 42 cores on 4 node(s) ---
Executing: srun -N4 -n42 ./hw1_prof 400000 ./testcases/17.in my_17_42cores.out
N=400000, Procs=42, Avg Total Time: 0.221162 s
  Avg IO Time:   0.214798 s (97.12%)
  Avg Comm Time: 0.003775 s (1.71%)
  Avg CPU Time:  0.002589 s (1.17%)
  Max Total Time: 0.221367 s, Min Total Time: 0.220996 s
srun Wall Time: 1.55 seconds
--- Running with 43 cores on 4 node(s) ---
Executing: srun -N4 -n43 ./hw1_prof 400000 ./testcases/17.in my_17_43cores.out
N=400000, Procs=43, Avg Total Time: 0.228602 s
  Avg IO Time:   0.221772 s (97.01%)
  Avg Comm Time: 0.003946 s (1.73%)
  Avg CPU Time:  0.002884 s (1.26%)
  Max Total Time: 0.228807 s, Min Total Time: 0.228455 s
srun Wall Time: 1.44 seconds
--- Running with 44 cores on 4 node(s) ---
Executing: srun -N4 -n44 ./hw1_prof 400000 ./testcases/17.in my_17_44cores.out
N=400000, Procs=44, Avg Total Time: 0.210205 s
  Avg IO Time:   0.201384 s (95.80%)
  Avg Comm Time: 0.004047 s (1.93%)
  Avg CPU Time:  0.004773 s (2.27%)
  Max Total Time: 0.216181 s, Min Total Time: 0.207947 s
srun Wall Time: 1.50 seconds
--- Running with 45 cores on 4 node(s) ---
Executing: srun -N4 -n45 ./hw1_prof 400000 ./testcases/17.in my_17_45cores.out
N=400000, Procs=45, Avg Total Time: 0.201794 s
  Avg IO Time:   0.195130 s (96.70%)
  Avg Comm Time: 0.003903 s (1.93%)
  Avg CPU Time:  0.002761 s (1.37%)
  Max Total Time: 0.202011 s, Min Total Time: 0.201642 s
srun Wall Time: 1.47 seconds
--- Running with 46 cores on 4 node(s) ---
Executing: srun -N4 -n46 ./hw1_prof 400000 ./testcases/17.in my_17_46cores.out
N=400000, Procs=46, Avg Total Time: 0.208459 s
  Avg IO Time:   0.201485 s (96.65%)
  Avg Comm Time: 0.004175 s (2.00%)
  Avg CPU Time:  0.002799 s (1.34%)
  Max Total Time: 0.208690 s, Min Total Time: 0.208311 s
srun Wall Time: 1.47 seconds
--- Running with 47 cores on 4 node(s) ---
Executing: srun -N4 -n47 ./hw1_prof 400000 ./testcases/17.in my_17_47cores.out
N=400000, Procs=47, Avg Total Time: 0.185384 s
  Avg IO Time:   0.179053 s (96.59%)
  Avg Comm Time: 0.003623 s (1.95%)
  Avg CPU Time:  0.002707 s (1.46%)
  Max Total Time: 0.185607 s, Min Total Time: 0.185236 s
srun Wall Time: 1.41 seconds
--- Running with 48 cores on 4 node(s) ---
Executing: srun -N4 -n48 ./hw1_prof 400000 ./testcases/17.in my_17_48cores.out
N=400000, Procs=48, Avg Total Time: 0.240121 s
  Avg IO Time:   0.231956 s (96.60%)
  Avg Comm Time: 0.005292 s (2.20%)
  Avg CPU Time:  0.002874 s (1.20%)
  Max Total Time: 0.240374 s, Min Total Time: 0.239976 s
srun Wall Time: 1.50 seconds
